<?xml version="1.0" encoding="UTF-8"?>
<testsuite xmlns:xsi="http://www.w3.org/2001/XMLSchema-instance" xsi:noNamespaceSchemaLocation="https://maven.apache.org/surefire/maven-surefire-plugin/xsd/surefire-test-report-3.0.xsd" version="3.0" name="BaseAllure.CalculatorTest" time="0.362" tests="3" errors="0" skipped="0" failures="2">
  <properties>
[...]
</properties>
  <testcase name="subtract" classname="BaseAllure.CalculatorTest" time="0.101">
    <failure message="expected:&lt;-10&gt; but was:&lt;-9&gt;" type="java.lang.AssertionError"><![CDATA[java.lang.AssertionError: expected:<-10> but was:<-9>
	at BaseAllure.CalculatorTest.subtract(CalculatorTest.java:55)
]]></failure>
    <system-err><![CDATA[SLF4J: No SLF4J providers were found.
SLF4J: Defaulting to no-operation (NOP) logger implementation
SLF4J: See https://www.slf4j.org/codes.html#noProviders for further details.
SLF4J: Class path contains SLF4J bindings targeting slf4j-api versions 1.7.x or earlier.
SLF4J: Ignoring binding found at [jar:file:/home/victor/.m2/repository/org/slf4j/slf4j-nop/1.7.25/slf4j-nop-1.7.25.jar!/org/slf4j/impl/StaticLoggerBinder.class]
SLF4J: See https://www.slf4j.org/codes.html#ignoredBindings for an explanation.
]]></system-err>
  </testcase>
  <testcase name="sum" classname="BaseAllure.CalculatorTest" time="0.003"/>
  <testcase name="multiply" classname="BaseAllure.CalculatorTest" time="0.004">
    <failure message="expected:&lt;200&gt; but was:&lt;199&gt;" type="java.lang.AssertionError"><![CDATA[java.lang.AssertionError: expected:<200> but was:<199>
	at BaseAllure.CalculatorTest.multiply(CalculatorTest.java:39)
]]></failure>
  </testcase>
</testsuite>