[
  {
    "line": 2,
    "elements": [
      {
        "before": [
          {
            "result": {
              "duration": 27464814,
              "status": "passed"
            },
            "match": {
              "location": "Hooks.setup()"
            }
          }
        ],
        "line": 4,
        "name": "user can search XBOX",
        "description": "",
        "id": "check-the-homepage;user-can-search-xbox",
        "type": "scenario",
        "keyword": "Scenario",
        "steps": [
          {
            "result": {
              "duration": 10962459866,
              "status": "passed"
            },
            "line": 6,
            "name": "an open browser with google.com",
            "match": {
              "location": "Home.openGoogleSearch()"
            },
            "keyword": "Given "
          },
          {
            "result": {
              "duration": 2592872418,
              "status": "passed"
            },
            "line": 7,
            "name": "a keyword \"xbox\" is entered in input field",
            "match": {
              "arguments": [
                {
                  "val": "\"xbox\"",
                  "offset": 10
                }
              ],
              "location": "Home.enterKeyword(String)"
            },
            "keyword": "When "
          },
          {
            "result": {
              "duration": 3179954087,
              "status": "passed"
            },
            "line": 8,
            "name": "at least top 1 matches should be shown",
            "match": {
              "arguments": [
                {
                  "val": "1",
                  "offset": 13
                }
              ],
              "location": "Home.topTenMatchesShouldBeShown(int)"
            },
            "keyword": "Then "
          },
          {
            "result": {
              "duration": 2089016035,
              "status": "passed"
            },
            "line": 9,
            "name": "the first one should contain \"xbox.com\"",
            "match": {
              "arguments": [
                {
                  "val": "\"xbox.com\"",
                  "offset": 29
                }
              ],
              "location": "Home.theFirstOneShouldContainKeyword(String)"
            },
            "keyword": "Then "
          },
          {
            "result": {
              "error_message": "Element not found {By.xpath: //*[@id\u003d\u0027rso\u0027]/div[1]/div/div/div/div/div/div/div/div[1]/a/h3|//div[@class \u003d\u0027LC20lb MBeuO DKV0Md\u0027]/h3}\nExpected: visible\nScreenshot: file:/home/victor/Escritorio/MASTER_Selenium_Allure/target/surefire-reports/1694733166128.0.png\nPage source: file:/home/victor/Escritorio/MASTER_Selenium_Allure/target/surefire-reports/1694733166128.0.html\nTimeout: 4 s.\nCaused by: NoSuchElementException: no such element: Unable to locate element: {\"method\":\"xpath\",\"selector\":\"//*[@id\u003d\u0027rso\u0027]/div[1]/div/div/div/div/div/div/div/div[1]/a/h3|//div[@class \u003d\u0027LC20lb MBeuO DKV0Md\u0027]/h3\"}\n\tat com.codeborne.selenide.impl.WebElementSource.createElementNotFoundError(WebElementSource.java:37)\n\tat com.codeborne.selenide.impl.ElementFinder.createElementNotFoundError(ElementFinder.java:100)\n\tat com.codeborne.selenide.impl.WebElementSource.checkCondition(WebElementSource.java:65)\n\tat com.codeborne.selenide.commands.Should.execute(Should.java:24)\n\tat com.codeborne.selenide.commands.Should.execute(Should.java:10)\n\tat com.codeborne.selenide.commands.Commands.execute(Commands.java:144)\n\tat com.codeborne.selenide.impl.SelenideElementProxy.dispatchAndRetry(SelenideElementProxy.java:99)\n\tat com.codeborne.selenide.impl.SelenideElementProxy.invoke(SelenideElementProxy.java:65)\n\tat com.sun.proxy.$Proxy20.shouldBe(Unknown Source)\n\tat org.mouthaan.demo.steps.Home.selectResult(Home.java:69)\n\tat ✽.CLICK THE FIRST option(file:src/test/resources/features/Home.feature:10)\nCaused by: org.openqa.selenium.NoSuchElementException: no such element: Unable to locate element: {\"method\":\"xpath\",\"selector\":\"//*[@id\u003d\u0027rso\u0027]/div[1]/div/div/div/div/div/div/div/div[1]/a/h3|//div[@class \u003d\u0027LC20lb MBeuO DKV0Md\u0027]/h3\"}\n  (Session info: chrome\u003d117.0.5938.62)\nFor documentation on this error, please visit: https://www.seleniumhq.org/exceptions/no_such_element.html\nBuild info: version: \u00273.141.59\u0027, revision: \u0027e82be7d358\u0027, time: \u00272018-11-14T08:17:03\u0027\nSystem info: host: \u0027victor-X555LDB\u0027, ip: \u0027127.0.1.1\u0027, os.name: \u0027Linux\u0027, os.arch: \u0027amd64\u0027, os.version: \u00276.2.3-060203-generic\u0027, java.version: \u002711.0.20.1\u0027\nDriver info: org.openqa.selenium.chrome.ChromeDriver\nCapabilities {acceptInsecureCerts: false, browserName: chrome, browserVersion: 117.0.5938.62, chrome: {chromedriverVersion: 117.0.5938.62 (25a7172909a4..., userDataDir: /tmp/.org.chromium.Chromium...}, fedcm:accounts: true, goog:chromeOptions: {debuggerAddress: localhost:33093}, javascriptEnabled: true, networkConnectionEnabled: false, pageLoadStrategy: normal, platform: LINUX, platformName: LINUX, proxy: Proxy(), setWindowRect: true, strictFileInteractability: false, timeouts: {implicit: 0, pageLoad: 300000, script: 30000}, unhandledPromptBehavior: dismiss and notify, webauthn:extension:credBlob: true, webauthn:extension:largeBlob: true, webauthn:extension:minPinLength: true, webauthn:extension:prf: true, webauthn:virtualAuthenticators: true}\nSession ID: d05ad985db692ddea4b9c27efa34f8aa\n*** Element info: {Using\u003dxpath, value\u003d//*[@id\u003d\u0027rso\u0027]/div[1]/div/div/div/div/div/div/div/div[1]/a/h3|//div[@class \u003d\u0027LC20lb MBeuO DKV0Md\u0027]/h3}\n\tat jdk.internal.reflect.GeneratedConstructorAccessor12.newInstance(Unknown Source)\n\tat java.base/jdk.internal.reflect.DelegatingConstructorAccessorImpl.newInstance(DelegatingConstructorAccessorImpl.java:45)\n\tat java.base/java.lang.reflect.Constructor.newInstance(Constructor.java:490)\n\tat org.openqa.selenium.remote.http.W3CHttpResponseCodec.createException(W3CHttpResponseCodec.java:187)\n\tat org.openqa.selenium.remote.http.W3CHttpResponseCodec.decode(W3CHttpResponseCodec.java:122)\n\tat org.openqa.selenium.remote.http.W3CHttpResponseCodec.decode(W3CHttpResponseCodec.java:49)\n\tat org.openqa.selenium.remote.HttpCommandExecutor.execute(HttpCommandExecutor.java:158)\n\tat org.openqa.selenium.remote.service.DriverCommandExecutor.execute(DriverCommandExecutor.java:83)\n\tat org.openqa.selenium.remote.RemoteWebDriver.execute(RemoteWebDriver.java:552)\n\tat org.openqa.selenium.remote.RemoteWebDriver.findElement(RemoteWebDriver.java:323)\n\tat org.openqa.selenium.remote.RemoteWebDriver.findElementByXPath(RemoteWebDriver.java:428)\n\tat org.openqa.selenium.By$ByXPath.findElement(By.java:353)\n\tat org.openqa.selenium.remote.RemoteWebDriver.findElement(RemoteWebDriver.java:315)\n\tat com.codeborne.selenide.impl.WebElementSelector.findElement(WebElementSelector.java:28)\n\tat com.codeborne.selenide.impl.ElementFinder.getWebElement(ElementFinder.java:74)\n\tat com.codeborne.selenide.impl.WebElementSource.checkCondition(WebElementSource.java:50)\n\tat com.codeborne.selenide.commands.Should.execute(Should.java:24)\n\tat com.codeborne.selenide.commands.Should.execute(Should.java:10)\n\tat com.codeborne.selenide.commands.Commands.execute(Commands.java:144)\n\tat com.codeborne.selenide.impl.SelenideElementProxy.dispatchAndRetry(SelenideElementProxy.java:99)\n\tat com.codeborne.selenide.impl.SelenideElementProxy.invoke(SelenideElementProxy.java:65)\n\tat com.sun.proxy.$Proxy20.shouldBe(Unknown Source)\n\tat org.mouthaan.demo.steps.Home.selectResult(Home.java:69)\n\tat java.base/jdk.internal.reflect.NativeMethodAccessorImpl.invoke0(Native Method)\n\tat java.base/jdk.internal.reflect.NativeMethodAccessorImpl.invoke(NativeMethodAccessorImpl.java:62)\n\tat java.base/jdk.internal.reflect.DelegatingMethodAccessorImpl.invoke(DelegatingMethodAccessorImpl.java:43)\n\tat java.base/java.lang.reflect.Method.invoke(Method.java:566)\n\tat cucumber.runtime.Utils$1.call(Utils.java:26)\n\tat cucumber.runtime.Timeout.timeout(Timeout.java:16)\n\tat cucumber.runtime.Utils.invoke(Utils.java:20)\n\tat cucumber.runtime.java.JavaStepDefinition.execute(JavaStepDefinition.java:57)\n\tat cucumber.runner.PickleStepDefinitionMatch.runStep(PickleStepDefinitionMatch.java:50)\n\tat cucumber.runner.TestStep.executeStep(TestStep.java:63)\n\tat cucumber.runner.TestStep.run(TestStep.java:49)\n\tat cucumber.runner.PickleStepTestStep.run(PickleStepTestStep.java:43)\n\tat cucumber.runner.TestCase.run(TestCase.java:45)\n\tat cucumber.runner.Runner.runPickle(Runner.java:40)\n\tat cucumber.runtime.junit.PickleRunners$NoStepDescriptions.run(PickleRunners.java:146)\n\tat cucumber.runtime.junit.FeatureRunner.runChild(FeatureRunner.java:68)\n\tat cucumber.runtime.junit.FeatureRunner.runChild(FeatureRunner.java:23)\n\tat org.junit.runners.ParentRunner$3.run(ParentRunner.java:290)\n\tat org.junit.runners.ParentRunner$1.schedule(ParentRunner.java:71)\n\tat org.junit.runners.ParentRunner.runChildren(ParentRunner.java:288)\n\tat org.junit.runners.ParentRunner.access$000(ParentRunner.java:58)\n\tat org.junit.runners.ParentRunner$2.evaluate(ParentRunner.java:268)\n\tat org.junit.runners.ParentRunner.run(ParentRunner.java:363)\n\tat cucumber.runtime.junit.FeatureRunner.run(FeatureRunner.java:73)\n\tat cucumber.api.junit.Cucumber.runChild(Cucumber.java:122)\n\tat cucumber.api.junit.Cucumber.runChild(Cucumber.java:64)\n\tat org.junit.runners.ParentRunner$3.run(ParentRunner.java:290)\n\tat org.junit.runners.ParentRunner$1.schedule(ParentRunner.java:71)\n\tat org.junit.runners.ParentRunner.runChildren(ParentRunner.java:288)\n\tat org.junit.runners.ParentRunner.access$000(ParentRunner.java:58)\n\tat org.junit.runners.ParentRunner$2.evaluate(ParentRunner.java:268)\n\tat cucumber.api.junit.Cucumber$1.evaluate(Cucumber.java:131)\n\tat org.junit.internal.runners.statements.RunAfters.evaluate(RunAfters.java:27)\n\tat org.junit.runners.ParentRunner.run(ParentRunner.java:363)\n\tat org.apache.maven.surefire.junit4.JUnit4Provider.execute(JUnit4Provider.java:365)\n\tat org.apache.maven.surefire.junit4.JUnit4Provider.executeWithRerun(JUnit4Provider.java:273)\n\tat org.apache.maven.surefire.junit4.JUnit4Provider.executeTestSet(JUnit4Provider.java:238)\n\tat org.apache.maven.surefire.junit4.JUnit4Provider.invoke(JUnit4Provider.java:159)\n\tat org.apache.maven.surefire.booter.ForkedBooter.invokeProviderInSameClassLoader(ForkedBooter.java:384)\n\tat org.apache.maven.surefire.booter.ForkedBooter.runSuitesInProcess(ForkedBooter.java:345)\n\tat org.apache.maven.surefire.booter.ForkedBooter.execute(ForkedBooter.java:126)\n\tat org.apache.maven.surefire.booter.ForkedBooter.main(ForkedBooter.java:418)\n",
              "duration": 6049239896,
              "status": "failed"
            },
            "line": 10,
            "name": "CLICK THE FIRST option",
            "match": {
              "location": "Home.selectResult()"
            },
            "keyword": "Then "
          }
        ]
      }
    ],
    "name": "Check the HomePage",
    "description": "",
    "id": "check-the-homepage",
    "keyword": "Feature",
    "uri": "file:src/test/resources/features/Home.feature",
    "tags": []
  },
  {
    "line": 1,
    "elements": [
      {
        "before": [
          {
            "result": {
              "duration": 356392,
              "status": "passed"
            },
            "match": {
              "location": "Hooks.setup()"
            }
          }
        ],
        "line": 4,
        "name": "user can search XBOX",
        "description": "",
        "id": "check-the-homepage;user-can-search-xbox",
        "type": "scenario",
        "keyword": "Scenario",
        "steps": [
          {
            "result": {
              "duration": 5118616797,
              "status": "passed"
            },
            "line": 6,
            "name": "open browser with xbox.com",
            "match": {
              "location": "HomeMenus.openGoogleSearch()"
            },
            "keyword": "Given "
          },
          {
            "result": {
              "duration": 1380480269,
              "status": "passed"
            },
            "line": 7,
            "name": "Navigate to Menu1",
            "match": {
              "location": "HomeMenus.enterKeyword()"
            },
            "keyword": "When "
          },
          {
            "result": {
              "duration": 6339305735,
              "status": "passed"
            },
            "line": 8,
            "name": "Click on accessories1",
            "match": {
              "location": "HomeMenus.topTenMatchesShouldBeShown()"
            },
            "keyword": "Then "
          },
          {
            "result": {
              "duration": 1434070750,
              "status": "passed"
            },
            "line": 9,
            "name": "Close popup and check Title1",
            "match": {
              "location": "HomeMenus.theFirstOneShouldContainKeyword()"
            },
            "keyword": "Then "
          },
          {
            "result": {
              "duration": 863534321,
              "status": "passed"
            },
            "line": 10,
            "name": "Check the first image1",
            "match": {
              "location": "HomeMenus.selectResult()"
            },
            "keyword": "Then "
          },
          {
            "result": {
              "duration": 6637415500,
              "status": "passed"
            },
            "line": 11,
            "name": "looking \"fallout 76\"",
            "match": {
              "arguments": [
                {
                  "val": "\"fallout 76\"",
                  "offset": 8
                }
              ],
              "location": "HomeMenus.lookingOption(String)"
            },
            "keyword": "Then "
          },
          {
            "result": {
              "duration": 1781395110,
              "status": "passed"
            },
            "line": 12,
            "name": "navigate to games and swipe element",
            "match": {
              "location": "HomeMenus.Games()"
            },
            "keyword": "Then "
          },
          {
            "result": {
              "duration": 2789015258,
              "status": "passed"
            },
            "line": 13,
            "name": "search the name \"fallout\"",
            "match": {
              "arguments": [
                {
                  "val": "\"fallout\"",
                  "offset": 16
                }
              ],
              "location": "HomeMenus.Name(String)"
            },
            "keyword": "Then "
          },
          {
            "result": {
              "duration": 1555121376,
              "status": "passed"
            },
            "line": 14,
            "name": "search the game \"Good Job\"",
            "match": {
              "arguments": [
                {
                  "val": "\"Good Job\"",
                  "offset": 16
                }
              ],
              "location": "HomeMenus.Game(String)"
            },
            "keyword": "Then "
          }
        ]
      }
    ],
    "name": "Check the HomePage",
    "description": "",
    "id": "check-the-homepage",
    "keyword": "Feature",
    "uri": "file:src/test/resources/features/HomeMenus.feature",
    "tags": []
  },
  {
    "line": 1,
    "elements": [
      {
        "before": [
          {
            "result": {
              "duration": 321761,
              "status": "passed"
            },
            "match": {
              "location": "Hooks.setup()"
            }
          }
        ],
        "line": 4,
        "name": "user can search Shopery",
        "description": "",
        "id": "check-the-homepage;user-can-search-shopery",
        "type": "scenario",
        "keyword": "Scenario",
        "steps": [
          {
            "result": {
              "duration": 3002116451,
              "status": "passed"
            },
            "line": 6,
            "name": "an open browser with Shopery.com",
            "match": {
              "location": "HomeShopery.openGoogleSearch()"
            },
            "keyword": "Given "
          },
          {
            "result": {
              "duration": 2044921784,
              "status": "passed"
            },
            "line": 7,
            "name": "Navigate to Menu",
            "match": {
              "location": "HomeShopery.enterKeyword()"
            },
            "keyword": "When "
          },
          {
            "result": {
              "duration": 1403125274,
              "status": "passed"
            },
            "line": 8,
            "name": "tres",
            "match": {
              "location": "HomeShopery.topTenMatchesShouldBeShown()"
            },
            "keyword": "Then "
          },
          {
            "result": {
              "duration": 1000507761,
              "status": "passed"
            },
            "line": 9,
            "name": "cuatro",
            "match": {
              "location": "HomeShopery.theFirstOneShouldContainKeyword()"
            },
            "keyword": "Then "
          },
          {
            "result": {
              "duration": 1033452063,
              "status": "passed"
            },
            "line": 10,
            "name": "CLICK THE FIRST option1",
            "match": {
              "location": "HomeShopery.selectResult()"
            },
            "keyword": "Then "
          }
        ]
      }
    ],
    "name": "Check the HomePage",
    "description": "",
    "id": "check-the-homepage",
    "keyword": "Feature",
    "uri": "file:src/test/resources/features/HomeShopery.feature",
    "tags": []
  },
  {
    "line": 1,
    "elements": [
      {
        "before": [
          {
            "result": {
              "duration": 260161,
              "status": "passed"
            },
            "match": {
              "location": "Hooks.setup()"
            }
          }
        ],
        "line": 5,
        "name": "user can navigate and search results on Movistar.com",
        "description": "",
        "id": "check-the-movistar.com;user-can-navigate-and-search-results-on-movistar.com",
        "type": "scenario",
        "keyword": "Scenario",
        "steps": [
          {
            "result": {
              "duration": 1249057942,
              "status": "passed"
            },
            "line": 7,
            "name": "an open browser with Movistar.com",
            "match": {
              "location": "Movistar.openURLSearch()"
            },
            "keyword": "Given "
          },
          {
            "result": {
              "duration": 196461912,
              "status": "passed"
            },
            "line": 8,
            "name": "Complete input with \"Hola Carlos :).\" and check cookies",
            "match": {
              "arguments": [
                {
                  "val": "\"Hola Carlos :).\"",
                  "offset": 20
                }
              ],
              "location": "Movistar.enterName(String)"
            },
            "keyword": "When "
          },
          {
            "result": {
              "duration": 89664192,
              "status": "passed"
            },
            "line": 9,
            "name": "Complete input with \" Como estas?\"",
            "match": {
              "arguments": [
                {
                  "val": "\" Como estas?\"",
                  "offset": 20
                }
              ],
              "location": "Movistar.enterPassword(String)"
            },
            "keyword": "Then "
          },
          {
            "result": {
              "duration": 131170898,
              "status": "passed"
            },
            "line": 10,
            "name": "Check Title and click play video",
            "match": {
              "location": "Movistar.ChangeFilter()"
            },
            "keyword": "Then "
          },
          {
            "result": {
              "error_message": "Element not found {By.xpath: //*[@id\u003d\u0027__next\u0027]/div/div[1]/div/div/div[1]/div/div[6]/div[1]/a}\nExpected: visible\nScreenshot: file:/home/victor/Escritorio/MASTER_Selenium_Allure/target/results/selenide-screenshots/1694733209550.1.png\nPage source: file:/home/victor/Escritorio/MASTER_Selenium_Allure/target/results/selenide-screenshots/1694733209550.1.html\nTimeout: 4 s.\nCaused by: NoSuchElementException: no such element: Unable to locate element: {\"method\":\"xpath\",\"selector\":\"//*[@id\u003d\u0027__next\u0027]/div/div[1]/div/div/div[1]/div/div[6]/div[1]/a\"}\n\tat com.codeborne.selenide.impl.WebElementSource.createElementNotFoundError(WebElementSource.java:37)\n\tat com.codeborne.selenide.impl.ElementFinder.createElementNotFoundError(ElementFinder.java:100)\n\tat com.codeborne.selenide.impl.WebElementSource.checkCondition(WebElementSource.java:65)\n\tat com.codeborne.selenide.commands.Should.execute(Should.java:24)\n\tat com.codeborne.selenide.commands.Should.execute(Should.java:10)\n\tat com.codeborne.selenide.commands.Commands.execute(Commands.java:144)\n\tat com.codeborne.selenide.impl.SelenideElementProxy.dispatchAndRetry(SelenideElementProxy.java:99)\n\tat com.codeborne.selenide.impl.SelenideElementProxy.invoke(SelenideElementProxy.java:65)\n\tat com.sun.proxy.$Proxy20.shouldBe(Unknown Source)\n\tat org.mouthaan.demo.steps.Movistar.selectResult(Movistar.java:83)\n\tat ✽.Check the navigation and add Zipcode \"08223\"(file:src/test/resources/features/Movistar.feature:11)\nCaused by: org.openqa.selenium.NoSuchElementException: no such element: Unable to locate element: {\"method\":\"xpath\",\"selector\":\"//*[@id\u003d\u0027__next\u0027]/div/div[1]/div/div/div[1]/div/div[6]/div[1]/a\"}\n  (Session info: chrome\u003d117.0.5938.62)\nFor documentation on this error, please visit: https://www.seleniumhq.org/exceptions/no_such_element.html\nBuild info: version: \u00273.141.59\u0027, revision: \u0027e82be7d358\u0027, time: \u00272018-11-14T08:17:03\u0027\nSystem info: host: \u0027victor-X555LDB\u0027, ip: \u0027127.0.1.1\u0027, os.name: \u0027Linux\u0027, os.arch: \u0027amd64\u0027, os.version: \u00276.2.3-060203-generic\u0027, java.version: \u002711.0.20.1\u0027\nDriver info: org.openqa.selenium.chrome.ChromeDriver\nCapabilities {acceptInsecureCerts: false, browserName: chrome, browserVersion: 117.0.5938.62, chrome: {chromedriverVersion: 117.0.5938.62 (25a7172909a4..., userDataDir: /tmp/.org.chromium.Chromium...}, fedcm:accounts: true, goog:chromeOptions: {debuggerAddress: localhost:33093}, javascriptEnabled: true, networkConnectionEnabled: false, pageLoadStrategy: normal, platform: LINUX, platformName: LINUX, proxy: Proxy(), setWindowRect: true, strictFileInteractability: false, timeouts: {implicit: 0, pageLoad: 300000, script: 30000}, unhandledPromptBehavior: dismiss and notify, webauthn:extension:credBlob: true, webauthn:extension:largeBlob: true, webauthn:extension:minPinLength: true, webauthn:extension:prf: true, webauthn:virtualAuthenticators: true}\nSession ID: d05ad985db692ddea4b9c27efa34f8aa\n*** Element info: {Using\u003dxpath, value\u003d//*[@id\u003d\u0027__next\u0027]/div/div[1]/div/div/div[1]/div/div[6]/div[1]/a}\n\tat jdk.internal.reflect.GeneratedConstructorAccessor12.newInstance(Unknown Source)\n\tat java.base/jdk.internal.reflect.DelegatingConstructorAccessorImpl.newInstance(DelegatingConstructorAccessorImpl.java:45)\n\tat java.base/java.lang.reflect.Constructor.newInstance(Constructor.java:490)\n\tat org.openqa.selenium.remote.http.W3CHttpResponseCodec.createException(W3CHttpResponseCodec.java:187)\n\tat org.openqa.selenium.remote.http.W3CHttpResponseCodec.decode(W3CHttpResponseCodec.java:122)\n\tat org.openqa.selenium.remote.http.W3CHttpResponseCodec.decode(W3CHttpResponseCodec.java:49)\n\tat org.openqa.selenium.remote.HttpCommandExecutor.execute(HttpCommandExecutor.java:158)\n\tat org.openqa.selenium.remote.service.DriverCommandExecutor.execute(DriverCommandExecutor.java:83)\n\tat org.openqa.selenium.remote.RemoteWebDriver.execute(RemoteWebDriver.java:552)\n\tat org.openqa.selenium.remote.RemoteWebDriver.findElement(RemoteWebDriver.java:323)\n\tat org.openqa.selenium.remote.RemoteWebDriver.findElementByXPath(RemoteWebDriver.java:428)\n\tat org.openqa.selenium.By$ByXPath.findElement(By.java:353)\n\tat org.openqa.selenium.remote.RemoteWebDriver.findElement(RemoteWebDriver.java:315)\n\tat com.codeborne.selenide.impl.WebElementSelector.findElement(WebElementSelector.java:28)\n\tat com.codeborne.selenide.impl.ElementFinder.getWebElement(ElementFinder.java:74)\n\tat com.codeborne.selenide.impl.WebElementSource.checkCondition(WebElementSource.java:50)\n\tat com.codeborne.selenide.commands.Should.execute(Should.java:24)\n\tat com.codeborne.selenide.commands.Should.execute(Should.java:10)\n\tat com.codeborne.selenide.commands.Commands.execute(Commands.java:144)\n\tat com.codeborne.selenide.impl.SelenideElementProxy.dispatchAndRetry(SelenideElementProxy.java:99)\n\tat com.codeborne.selenide.impl.SelenideElementProxy.invoke(SelenideElementProxy.java:65)\n\tat com.sun.proxy.$Proxy20.shouldBe(Unknown Source)\n\tat org.mouthaan.demo.steps.Movistar.selectResult(Movistar.java:83)\n\tat java.base/jdk.internal.reflect.NativeMethodAccessorImpl.invoke0(Native Method)\n\tat java.base/jdk.internal.reflect.NativeMethodAccessorImpl.invoke(NativeMethodAccessorImpl.java:62)\n\tat java.base/jdk.internal.reflect.DelegatingMethodAccessorImpl.invoke(DelegatingMethodAccessorImpl.java:43)\n\tat java.base/java.lang.reflect.Method.invoke(Method.java:566)\n\tat cucumber.runtime.Utils$1.call(Utils.java:26)\n\tat cucumber.runtime.Timeout.timeout(Timeout.java:16)\n\tat cucumber.runtime.Utils.invoke(Utils.java:20)\n\tat cucumber.runtime.java.JavaStepDefinition.execute(JavaStepDefinition.java:57)\n\tat cucumber.runner.PickleStepDefinitionMatch.runStep(PickleStepDefinitionMatch.java:50)\n\tat cucumber.runner.TestStep.executeStep(TestStep.java:63)\n\tat cucumber.runner.TestStep.run(TestStep.java:49)\n\tat cucumber.runner.PickleStepTestStep.run(PickleStepTestStep.java:43)\n\tat cucumber.runner.TestCase.run(TestCase.java:45)\n\tat cucumber.runner.Runner.runPickle(Runner.java:40)\n\tat cucumber.runtime.junit.PickleRunners$NoStepDescriptions.run(PickleRunners.java:146)\n\tat cucumber.runtime.junit.FeatureRunner.runChild(FeatureRunner.java:68)\n\tat cucumber.runtime.junit.FeatureRunner.runChild(FeatureRunner.java:23)\n\tat org.junit.runners.ParentRunner$3.run(ParentRunner.java:290)\n\tat org.junit.runners.ParentRunner$1.schedule(ParentRunner.java:71)\n\tat org.junit.runners.ParentRunner.runChildren(ParentRunner.java:288)\n\tat org.junit.runners.ParentRunner.access$000(ParentRunner.java:58)\n\tat org.junit.runners.ParentRunner$2.evaluate(ParentRunner.java:268)\n\tat org.junit.runners.ParentRunner.run(ParentRunner.java:363)\n\tat cucumber.runtime.junit.FeatureRunner.run(FeatureRunner.java:73)\n\tat cucumber.api.junit.Cucumber.runChild(Cucumber.java:122)\n\tat cucumber.api.junit.Cucumber.runChild(Cucumber.java:64)\n\tat org.junit.runners.ParentRunner$3.run(ParentRunner.java:290)\n\tat org.junit.runners.ParentRunner$1.schedule(ParentRunner.java:71)\n\tat org.junit.runners.ParentRunner.runChildren(ParentRunner.java:288)\n\tat org.junit.runners.ParentRunner.access$000(ParentRunner.java:58)\n\tat org.junit.runners.ParentRunner$2.evaluate(ParentRunner.java:268)\n\tat cucumber.api.junit.Cucumber$1.evaluate(Cucumber.java:131)\n\tat org.junit.internal.runners.statements.RunAfters.evaluate(RunAfters.java:27)\n\tat org.junit.runners.ParentRunner.run(ParentRunner.java:363)\n\tat org.apache.maven.surefire.junit4.JUnit4Provider.execute(JUnit4Provider.java:365)\n\tat org.apache.maven.surefire.junit4.JUnit4Provider.executeWithRerun(JUnit4Provider.java:273)\n\tat org.apache.maven.surefire.junit4.JUnit4Provider.executeTestSet(JUnit4Provider.java:238)\n\tat org.apache.maven.surefire.junit4.JUnit4Provider.invoke(JUnit4Provider.java:159)\n\tat org.apache.maven.surefire.booter.ForkedBooter.invokeProviderInSameClassLoader(ForkedBooter.java:384)\n\tat org.apache.maven.surefire.booter.ForkedBooter.runSuitesInProcess(ForkedBooter.java:345)\n\tat org.apache.maven.surefire.booter.ForkedBooter.execute(ForkedBooter.java:126)\n\tat org.apache.maven.surefire.booter.ForkedBooter.main(ForkedBooter.java:418)\n",
              "duration": 4564164943,
              "status": "failed"
            },
            "line": 11,
            "name": "Check the navigation and add Zipcode \"08223\"",
            "match": {
              "arguments": [
                {
                  "val": "\"08223\"",
                  "offset": 37
                }
              ],
              "location": "Movistar.selectResult(String)"
            },
            "keyword": "Then "
          },
          {
            "result": {
              "duration": 234732,
              "status": "skipped"
            },
            "line": 12,
            "name": "Check previous Steps for contracting",
            "match": {
              "location": "Movistar.lookingOptions()"
            },
            "keyword": "Then "
          },
          {
            "result": {
              "duration": 189600,
              "status": "skipped"
            },
            "line": 13,
            "name": "Check previous Steps for contracting1",
            "match": {
              "location": "Movistar.Shopping()"
            },
            "keyword": "Then "
          },
          {
            "result": {
              "duration": 171556,
              "status": "skipped"
            },
            "line": 14,
            "name": "Finish Shopping \"Sudo\"",
            "match": {
              "arguments": [
                {
                  "val": "\"Sudo\"",
                  "offset": 16
                }
              ],
              "location": "Movistar.FinishShopping(String)"
            },
            "keyword": "Then "
          }
        ],
        "tags": [
          {
            "name": "@Telefonica2"
          }
        ]
      }
    ],
    "name": "Check the Movistar.com",
    "description": "",
    "id": "check-the-movistar.com",
    "keyword": "Feature",
    "uri": "file:src/test/resources/features/Movistar.feature",
    "tags": []
  },
  {
    "line": 1,
    "elements": [
      {
        "before": [
          {
            "result": {
              "duration": 254292,
              "status": "passed"
            },
            "match": {
              "location": "Hooks.setup()"
            }
          }
        ],
        "line": 4,
        "name": "user can search Shopery",
        "description": "",
        "id": "check-the-homepage;user-can-search-shopery",
        "type": "scenario",
        "keyword": "Scenario",
        "steps": [
          {
            "result": {
              "duration": 1446605071,
              "status": "passed"
            },
            "line": 6,
            "name": "open browser with google.com",
            "match": {
              "location": "Shopery.openGoogleSearch1()"
            },
            "keyword": "Given "
          },
          {
            "result": {
              "duration": 550990761,
              "status": "passed"
            },
            "line": 7,
            "name": "the keyword \"Shoperyy\" is entered in input field",
            "match": {
              "arguments": [
                {
                  "val": "\"Shoperyy\"",
                  "offset": 12
                }
              ],
              "location": "Shopery.enterKeyword1(String)"
            },
            "keyword": "When "
          },
          {
            "result": {
              "duration": 1858433051,
              "status": "passed"
            },
            "line": 8,
            "name": "at a least top 1 matches should be shown",
            "match": {
              "arguments": [
                {
                  "val": "1",
                  "offset": 15
                }
              ],
              "location": "Shopery.topTenMatchesShouldBeShown1(int)"
            },
            "keyword": "Then "
          },
          {
            "result": {
              "duration": 71947235,
              "status": "passed"
            },
            "line": 9,
            "name": "a first one should contain \"shopery.com\"",
            "match": {
              "arguments": [
                {
                  "val": "\"shopery.com\"",
                  "offset": 27
                }
              ],
              "location": "Shopery.theFirstOneShouldContainKeyword1(String)"
            },
            "keyword": "Then "
          },
          {
            "result": {
              "duration": 11201483180,
              "status": "passed"
            },
            "line": 10,
            "name": "CLICK1 THE FIRST option",
            "match": {
              "location": "Shopery.selectResult1()"
            },
            "keyword": "Then "
          }
        ]
      }
    ],
    "name": "Check the HomePage",
    "description": "",
    "id": "check-the-homepage",
    "keyword": "Feature",
    "uri": "file:src/test/resources/features/Shopery.feature",
    "tags": []
  },
  {
    "line": 1,
    "elements": [
      {
        "before": [
          {
            "result": {
              "duration": 294669,
              "status": "passed"
            },
            "match": {
              "location": "Hooks.setup()"
            }
          }
        ],
        "line": 4,
        "name": "user can navigate and search results in responsive mobile mode on www.telefonica.com",
        "description": "",
        "id": "check-the-www.telefonica.com;user-can-navigate-and-search-results-in-responsive-mobile-mode-on-www.telefonica.com",
        "type": "scenario",
        "keyword": "Scenario",
        "steps": [
          {
            "result": {
              "duration": 1051978699,
              "status": "passed"
            },
            "line": 6,
            "name": "an open browser with www.telefonica.com",
            "match": {
              "location": "Telefónica.openGoogleSearch()"
            },
            "keyword": "Given "
          },
          {
            "result": {
              "duration": 953859481,
              "status": "passed"
            },
            "line": 7,
            "name": "Check titles and accept cookies",
            "match": {
              "location": "Telefónica.enterName()"
            },
            "keyword": "When "
          },
          {
            "result": {
              "duration": 2498917132,
              "status": "passed"
            },
            "line": 8,
            "name": "Check main navigation and select Services",
            "match": {
              "location": "Telefónica.enterPassword()"
            },
            "keyword": "Then "
          },
          {
            "result": {
              "duration": 32600643,
              "status": "passed"
            },
            "line": 9,
            "name": "Check main navigation and select Particulars",
            "match": {
              "location": "Telefónica.ChangeFilter()"
            },
            "keyword": "Then "
          },
          {
            "result": {
              "error_message": "Element not found {By.xpath: //*[@id\u003d\"primary\"]/div[6]/div/div[11]/figure/blockquote}\nExpected: exist\nScreenshot: file:/home/victor/Escritorio/MASTER_Selenium_Allure/target/surefire-reports/1694733233843.2.png\nPage source: file:/home/victor/Escritorio/MASTER_Selenium_Allure/target/surefire-reports/1694733233843.2.html\nTimeout: 4 s.\nCaused by: NoSuchElementException: no such element: Unable to locate element: {\"method\":\"xpath\",\"selector\":\"//*[@id\u003d\"primary\"]/div[6]/div/div[11]/figure/blockquote\"}\n\tat com.codeborne.selenide.impl.WebElementSource.createElementNotFoundError(WebElementSource.java:37)\n\tat com.codeborne.selenide.impl.ElementFinder.createElementNotFoundError(ElementFinder.java:100)\n\tat com.codeborne.selenide.impl.SelenideElementProxy.dispatchAndRetry(SelenideElementProxy.java:131)\n\tat com.codeborne.selenide.impl.SelenideElementProxy.invoke(SelenideElementProxy.java:65)\n\tat com.sun.proxy.$Proxy20.scrollTo(Unknown Source)\n\tat org.mouthaan.demo.steps.Telefónica.selectResult(Telefónica.java:82)\n\tat ✽.Check the Navigation and scrolling page(file:src/test/resources/features/Telefónica.feature:10)\nCaused by: org.openqa.selenium.NoSuchElementException: no such element: Unable to locate element: {\"method\":\"xpath\",\"selector\":\"//*[@id\u003d\"primary\"]/div[6]/div/div[11]/figure/blockquote\"}\n  (Session info: chrome\u003d117.0.5938.62)\nFor documentation on this error, please visit: https://www.seleniumhq.org/exceptions/no_such_element.html\nBuild info: version: \u00273.141.59\u0027, revision: \u0027e82be7d358\u0027, time: \u00272018-11-14T08:17:03\u0027\nSystem info: host: \u0027victor-X555LDB\u0027, ip: \u0027127.0.1.1\u0027, os.name: \u0027Linux\u0027, os.arch: \u0027amd64\u0027, os.version: \u00276.2.3-060203-generic\u0027, java.version: \u002711.0.20.1\u0027\nDriver info: org.openqa.selenium.chrome.ChromeDriver\nCapabilities {acceptInsecureCerts: false, browserName: chrome, browserVersion: 117.0.5938.62, chrome: {chromedriverVersion: 117.0.5938.62 (25a7172909a4..., userDataDir: /tmp/.org.chromium.Chromium...}, fedcm:accounts: true, goog:chromeOptions: {debuggerAddress: localhost:33093}, javascriptEnabled: true, networkConnectionEnabled: false, pageLoadStrategy: normal, platform: LINUX, platformName: LINUX, proxy: Proxy(), setWindowRect: true, strictFileInteractability: false, timeouts: {implicit: 0, pageLoad: 300000, script: 30000}, unhandledPromptBehavior: dismiss and notify, webauthn:extension:credBlob: true, webauthn:extension:largeBlob: true, webauthn:extension:minPinLength: true, webauthn:extension:prf: true, webauthn:virtualAuthenticators: true}\nSession ID: d05ad985db692ddea4b9c27efa34f8aa\n*** Element info: {Using\u003dxpath, value\u003d//*[@id\u003d\"primary\"]/div[6]/div/div[11]/figure/blockquote}\n\tat jdk.internal.reflect.GeneratedConstructorAccessor12.newInstance(Unknown Source)\n\tat java.base/jdk.internal.reflect.DelegatingConstructorAccessorImpl.newInstance(DelegatingConstructorAccessorImpl.java:45)\n\tat java.base/java.lang.reflect.Constructor.newInstance(Constructor.java:490)\n\tat org.openqa.selenium.remote.http.W3CHttpResponseCodec.createException(W3CHttpResponseCodec.java:187)\n\tat org.openqa.selenium.remote.http.W3CHttpResponseCodec.decode(W3CHttpResponseCodec.java:122)\n\tat org.openqa.selenium.remote.http.W3CHttpResponseCodec.decode(W3CHttpResponseCodec.java:49)\n\tat org.openqa.selenium.remote.HttpCommandExecutor.execute(HttpCommandExecutor.java:158)\n\tat org.openqa.selenium.remote.service.DriverCommandExecutor.execute(DriverCommandExecutor.java:83)\n\tat org.openqa.selenium.remote.RemoteWebDriver.execute(RemoteWebDriver.java:552)\n\tat org.openqa.selenium.remote.RemoteWebDriver.findElement(RemoteWebDriver.java:323)\n\tat org.openqa.selenium.remote.RemoteWebDriver.findElementByXPath(RemoteWebDriver.java:428)\n\tat org.openqa.selenium.By$ByXPath.findElement(By.java:353)\n\tat org.openqa.selenium.remote.RemoteWebDriver.findElement(RemoteWebDriver.java:315)\n\tat com.codeborne.selenide.impl.WebElementSelector.findElement(WebElementSelector.java:28)\n\tat com.codeborne.selenide.impl.ElementFinder.getWebElement(ElementFinder.java:74)\n\tat com.codeborne.selenide.commands.ScrollTo.execute(ScrollTo.java:12)\n\tat com.codeborne.selenide.commands.ScrollTo.execute(ScrollTo.java:9)\n\tat com.codeborne.selenide.commands.Commands.execute(Commands.java:144)\n\tat com.codeborne.selenide.impl.SelenideElementProxy.dispatchAndRetry(SelenideElementProxy.java:99)\n\tat com.codeborne.selenide.impl.SelenideElementProxy.invoke(SelenideElementProxy.java:65)\n\tat com.sun.proxy.$Proxy20.scrollTo(Unknown Source)\n\tat org.mouthaan.demo.steps.Telefónica.selectResult(Telefónica.java:82)\n\tat java.base/jdk.internal.reflect.NativeMethodAccessorImpl.invoke0(Native Method)\n\tat java.base/jdk.internal.reflect.NativeMethodAccessorImpl.invoke(NativeMethodAccessorImpl.java:62)\n\tat java.base/jdk.internal.reflect.DelegatingMethodAccessorImpl.invoke(DelegatingMethodAccessorImpl.java:43)\n\tat java.base/java.lang.reflect.Method.invoke(Method.java:566)\n\tat cucumber.runtime.Utils$1.call(Utils.java:26)\n\tat cucumber.runtime.Timeout.timeout(Timeout.java:16)\n\tat cucumber.runtime.Utils.invoke(Utils.java:20)\n\tat cucumber.runtime.java.JavaStepDefinition.execute(JavaStepDefinition.java:57)\n\tat cucumber.runner.PickleStepDefinitionMatch.runStep(PickleStepDefinitionMatch.java:50)\n\tat cucumber.runner.TestStep.executeStep(TestStep.java:63)\n\tat cucumber.runner.TestStep.run(TestStep.java:49)\n\tat cucumber.runner.PickleStepTestStep.run(PickleStepTestStep.java:43)\n\tat cucumber.runner.TestCase.run(TestCase.java:45)\n\tat cucumber.runner.Runner.runPickle(Runner.java:40)\n\tat cucumber.runtime.junit.PickleRunners$NoStepDescriptions.run(PickleRunners.java:146)\n\tat cucumber.runtime.junit.FeatureRunner.runChild(FeatureRunner.java:68)\n\tat cucumber.runtime.junit.FeatureRunner.runChild(FeatureRunner.java:23)\n\tat org.junit.runners.ParentRunner$3.run(ParentRunner.java:290)\n\tat org.junit.runners.ParentRunner$1.schedule(ParentRunner.java:71)\n\tat org.junit.runners.ParentRunner.runChildren(ParentRunner.java:288)\n\tat org.junit.runners.ParentRunner.access$000(ParentRunner.java:58)\n\tat org.junit.runners.ParentRunner$2.evaluate(ParentRunner.java:268)\n\tat org.junit.runners.ParentRunner.run(ParentRunner.java:363)\n\tat cucumber.runtime.junit.FeatureRunner.run(FeatureRunner.java:73)\n\tat cucumber.api.junit.Cucumber.runChild(Cucumber.java:122)\n\tat cucumber.api.junit.Cucumber.runChild(Cucumber.java:64)\n\tat org.junit.runners.ParentRunner$3.run(ParentRunner.java:290)\n\tat org.junit.runners.ParentRunner$1.schedule(ParentRunner.java:71)\n\tat org.junit.runners.ParentRunner.runChildren(ParentRunner.java:288)\n\tat org.junit.runners.ParentRunner.access$000(ParentRunner.java:58)\n\tat org.junit.runners.ParentRunner$2.evaluate(ParentRunner.java:268)\n\tat cucumber.api.junit.Cucumber$1.evaluate(Cucumber.java:131)\n\tat org.junit.internal.runners.statements.RunAfters.evaluate(RunAfters.java:27)\n\tat org.junit.runners.ParentRunner.run(ParentRunner.java:363)\n\tat org.apache.maven.surefire.junit4.JUnit4Provider.execute(JUnit4Provider.java:365)\n\tat org.apache.maven.surefire.junit4.JUnit4Provider.executeWithRerun(JUnit4Provider.java:273)\n\tat org.apache.maven.surefire.junit4.JUnit4Provider.executeTestSet(JUnit4Provider.java:238)\n\tat org.apache.maven.surefire.junit4.JUnit4Provider.invoke(JUnit4Provider.java:159)\n\tat org.apache.maven.surefire.booter.ForkedBooter.invokeProviderInSameClassLoader(ForkedBooter.java:384)\n\tat org.apache.maven.surefire.booter.ForkedBooter.runSuitesInProcess(ForkedBooter.java:345)\n\tat org.apache.maven.surefire.booter.ForkedBooter.execute(ForkedBooter.java:126)\n\tat org.apache.maven.surefire.booter.ForkedBooter.main(ForkedBooter.java:418)\n",
              "duration": 4503281224,
              "status": "failed"
            },
            "line": 10,
            "name": "Check the Navigation and scrolling page",
            "match": {
              "location": "Telefónica.selectResult()"
            },
            "keyword": "Then "
          },
          {
            "result": {
              "duration": 146239,
              "status": "skipped"
            },
            "line": 11,
            "name": "Check the contact button",
            "match": {
              "location": "Telefónica.lookingOptions()"
            },
            "keyword": "Then "
          },
          {
            "result": {
              "duration": 123657,
              "status": "skipped"
            },
            "line": 12,
            "name": "Click on logo and navigate to stock",
            "match": {
              "location": "Telefónica.Shopping()"
            },
            "keyword": "Then "
          }
        ],
        "tags": [
          {
            "name": "@Telefonica"
          }
        ]
      }
    ],
    "name": "Check the www.telefonica.com",
    "description": "",
    "id": "check-the-www.telefonica.com",
    "keyword": "Feature",
    "uri": "file:src/test/resources/features/Telefónica.feature",
    "tags": []
  },
  {
    "line": 1,
    "elements": [
      {
        "before": [
          {
            "result": {
              "duration": 472684,
              "status": "passed"
            },
            "match": {
              "location": "Hooks.setup()"
            }
          }
        ],
        "line": 3,
        "name": "Sum of two",
        "description": "",
        "id": "just-a-simple-demo;sum-of-two",
        "type": "scenario",
        "keyword": "Scenario",
        "steps": [
          {
            "result": {
              "duration": 340530,
              "status": "passed"
            },
            "line": 4,
            "name": "number 10 and number 20",
            "match": {
              "arguments": [
                {
                  "val": "10",
                  "offset": 7
                },
                {
                  "val": "20",
                  "offset": 21
                }
              ],
              "location": "SimpleDemoSteps.numberAndNumber(int,int)"
            },
            "keyword": "Given "
          },
          {
            "result": {
              "duration": 209477,
              "status": "passed"
            },
            "line": 5,
            "name": "the numbers are added together",
            "match": {
              "location": "SimpleDemoSteps.theNumbersAreAddedTogether()"
            },
            "keyword": "When "
          },
          {
            "result": {
              "duration": 226252,
              "status": "passed"
            },
            "line": 6,
            "name": "the sum must be equal to 30",
            "match": {
              "arguments": [
                {
                  "val": "30",
                  "offset": 25
                }
              ],
              "location": "SimpleDemoSteps.theSumMustBeEqualTo(int)"
            },
            "keyword": "Then "
          }
        ]
      },
      {
        "before": [
          {
            "result": {
              "duration": 287700,
              "status": "passed"
            },
            "match": {
              "location": "Hooks.setup()"
            }
          }
        ],
        "line": 14,
        "name": "Sum of two",
        "description": "",
        "id": "just-a-simple-demo;sum-of-two;;2",
        "type": "scenario",
        "keyword": "Scenario Outline",
        "steps": [
          {
            "result": {
              "duration": 306610,
              "status": "passed"
            },
            "line": 9,
            "name": "number 1 and number 2",
            "match": {
              "arguments": [
                {
                  "val": "1",
                  "offset": 7
                },
                {
                  "val": "2",
                  "offset": 20
                }
              ],
              "location": "SimpleDemoSteps.numberAndNumber(int,int)"
            },
            "keyword": "Given "
          },
          {
            "result": {
              "duration": 208225,
              "status": "passed"
            },
            "line": 10,
            "name": "the numbers are added together",
            "match": {
              "location": "SimpleDemoSteps.theNumbersAreAddedTogether()"
            },
            "keyword": "When "
          },
          {
            "result": {
              "duration": 217791,
              "status": "passed"
            },
            "line": 11,
            "name": "the sum must be equal to 3",
            "match": {
              "arguments": [
                {
                  "val": "3",
                  "offset": 25
                }
              ],
              "location": "SimpleDemoSteps.theSumMustBeEqualTo(int)"
            },
            "keyword": "Then "
          }
        ]
      },
      {
        "before": [
          {
            "result": {
              "duration": 284216,
              "status": "passed"
            },
            "match": {
              "location": "Hooks.setup()"
            }
          }
        ],
        "line": 15,
        "name": "Sum of two",
        "description": "",
        "id": "just-a-simple-demo;sum-of-two;;3",
        "type": "scenario",
        "keyword": "Scenario Outline",
        "steps": [
          {
            "result": {
              "duration": 299511,
              "status": "passed"
            },
            "line": 9,
            "name": "number 2 and number 4",
            "match": {
              "arguments": [
                {
                  "val": "2",
                  "offset": 7
                },
                {
                  "val": "4",
                  "offset": 20
                }
              ],
              "location": "SimpleDemoSteps.numberAndNumber(int,int)"
            },
            "keyword": "Given "
          },
          {
            "result": {
              "duration": 121118,
              "status": "passed"
            },
            "line": 10,
            "name": "the numbers are added together",
            "match": {
              "location": "SimpleDemoSteps.theNumbersAreAddedTogether()"
            },
            "keyword": "When "
          },
          {
            "result": {
              "duration": 122673,
              "status": "passed"
            },
            "line": 11,
            "name": "the sum must be equal to 6",
            "match": {
              "arguments": [
                {
                  "val": "6",
                  "offset": 25
                }
              ],
              "location": "SimpleDemoSteps.theSumMustBeEqualTo(int)"
            },
            "keyword": "Then "
          }
        ]
      }
    ],
    "name": "Just a simple demo",
    "description": "",
    "id": "just-a-simple-demo",
    "keyword": "Feature",
    "uri": "file:src/test/resources/features/demo.feature",
    "tags": []
  },
  {
    "line": 1,
    "elements": [
      {
        "before": [
          {
            "result": {
              "duration": 147303,
              "status": "passed"
            },
            "match": {
              "location": "Hooks.setup()"
            }
          }
        ],
        "line": 2,
        "name": "User calls web service to get a book by it\u0027s ISBN",
        "description": "",
        "id": "google-api-books;user-calls-web-service-to-get-a-book-by-it-s-isbn",
        "type": "scenario",
        "keyword": "Scenario",
        "steps": [
          {
            "result": {
              "duration": 2570175343,
              "status": "passed"
            },
            "line": 3,
            "name": "a book exists with an isbn of \"9781451648546\"",
            "match": {
              "arguments": [
                {
                  "val": "\"9781451648546\"",
                  "offset": 30
                }
              ],
              "location": "BookByISBNSteps.aBookExistsWithAnIsbnOf(String)"
            },
            "keyword": "Given "
          },
          {
            "result": {
              "duration": 1822868712,
              "status": "passed"
            },
            "line": 4,
            "name": "a user retrieves the book by isbn",
            "match": {
              "location": "BookByISBNSteps.aUserRetrievesTheBookByIsbn()"
            },
            "keyword": "When "
          },
          {
            "result": {
              "duration": 93178944,
              "status": "passed"
            },
            "line": 5,
            "name": "the status code is 200",
            "match": {
              "arguments": [
                {
                  "val": "200",
                  "offset": 19
                }
              ],
              "location": "BookByISBNSteps.theStatusCodeIs(int)"
            },
            "keyword": "Then "
          },
          {
            "result": {
              "duration": 1407608722,
              "status": "passed"
            },
            "line": 6,
            "name": "response includes the following",
            "match": {
              "location": "BookByISBNSteps.responseIncludesTheFollowing(String,String\u003e)"
            },
            "rows": [
              {
                "cells": [
                  "totalItems",
                  "1"
                ]
              },
              {
                "cells": [
                  "kind",
                  "books#volumes"
                ]
              }
            ],
            "keyword": "And "
          },
          {
            "result": {
              "error_message": "java.lang.AssertionError: 1 expectation failed.\nJSON path items.volumeInfo.pageCount doesn\u0027t match.\nExpected: iterable with items [\u003c630\u003e] in any order\n  Actual: [656]\n\n\tat java.base/jdk.internal.reflect.NativeConstructorAccessorImpl.newInstance0(Native Method)\n\tat java.base/jdk.internal.reflect.NativeConstructorAccessorImpl.newInstance(NativeConstructorAccessorImpl.java:62)\n\tat java.base/jdk.internal.reflect.DelegatingConstructorAccessorImpl.newInstance(DelegatingConstructorAccessorImpl.java:45)\n\tat java.base/java.lang.reflect.Constructor.newInstance(Constructor.java:490)\n\tat org.codehaus.groovy.reflection.CachedConstructor.invoke(CachedConstructor.java:80)\n\tat org.codehaus.groovy.reflection.CachedConstructor.doConstructorInvoke(CachedConstructor.java:74)\n\tat org.codehaus.groovy.runtime.callsite.ConstructorSite$ConstructorSiteNoUnwrap.callConstructor(ConstructorSite.java:84)\n\tat org.codehaus.groovy.runtime.callsite.CallSiteArray.defaultCallConstructor(CallSiteArray.java:59)\n\tat org.codehaus.groovy.runtime.callsite.AbstractCallSite.callConstructor(AbstractCallSite.java:237)\n\tat org.codehaus.groovy.runtime.callsite.AbstractCallSite.callConstructor(AbstractCallSite.java:249)\n\tat io.restassured.internal.ResponseSpecificationImpl$HamcrestAssertionClosure.validate(ResponseSpecificationImpl.groovy:492)\n\tat io.restassured.internal.ResponseSpecificationImpl$HamcrestAssertionClosure$validate$1.call(Unknown Source)\n\tat io.restassured.internal.ResponseSpecificationImpl.validateResponseIfRequired(ResponseSpecificationImpl.groovy:655)\n\tat java.base/jdk.internal.reflect.NativeMethodAccessorImpl.invoke0(Native Method)\n\tat java.base/jdk.internal.reflect.NativeMethodAccessorImpl.invoke(NativeMethodAccessorImpl.java:62)\n\tat java.base/jdk.internal.reflect.DelegatingMethodAccessorImpl.invoke(DelegatingMethodAccessorImpl.java:43)\n\tat java.base/java.lang.reflect.Method.invoke(Method.java:566)\n\tat org.codehaus.groovy.runtime.callsite.PlainObjectMetaMethodSite.doInvoke(PlainObjectMetaMethodSite.java:43)\n\tat org.codehaus.groovy.runtime.callsite.PogoMetaMethodSite$PogoCachedMethodSiteNoUnwrapNoCoerce.invoke(PogoMetaMethodSite.java:190)\n\tat org.codehaus.groovy.runtime.callsite.PogoMetaMethodSite.callCurrent(PogoMetaMethodSite.java:58)\n\tat org.codehaus.groovy.runtime.callsite.AbstractCallSite.callCurrent(AbstractCallSite.java:168)\n\tat io.restassured.internal.ResponseSpecificationImpl.body(ResponseSpecificationImpl.groovy:260)\n\tat io.restassured.specification.ResponseSpecification$body$1.callCurrent(Unknown Source)\n\tat io.restassured.internal.ResponseSpecificationImpl.body(ResponseSpecificationImpl.groovy:107)\n\tat io.restassured.internal.ValidatableResponseOptionsImpl.body(ValidatableResponseOptionsImpl.java:244)\n\tat io.restassured.internal.ValidatableResponseImpl.super$2$body(ValidatableResponseImpl.groovy)\n\tat java.base/jdk.internal.reflect.NativeMethodAccessorImpl.invoke0(Native Method)\n\tat java.base/jdk.internal.reflect.NativeMethodAccessorImpl.invoke(NativeMethodAccessorImpl.java:62)\n\tat java.base/jdk.internal.reflect.DelegatingMethodAccessorImpl.invoke(DelegatingMethodAccessorImpl.java:43)\n\tat java.base/java.lang.reflect.Method.invoke(Method.java:566)\n\tat org.codehaus.groovy.reflection.CachedMethod.invoke(CachedMethod.java:101)\n\tat groovy.lang.MetaMethod.doMethodInvoke(MetaMethod.java:323)\n\tat groovy.lang.MetaClassImpl.invokeMethod(MetaClassImpl.java:1217)\n\tat org.codehaus.groovy.runtime.ScriptBytecodeAdapter.invokeMethodOnSuperN(ScriptBytecodeAdapter.java:144)\n\tat io.restassured.internal.ValidatableResponseImpl.body(ValidatableResponseImpl.groovy:298)\n\tat io.restassured.internal.ValidatableResponseImpl.body(ValidatableResponseImpl.groovy)\n\tat org.mouthaan.demo.steps.BookByISBNSteps.lambda$responseIncludesTheFollowingInAnyOrder$1(BookByISBNSteps.java:56)\n\tat java.base/java.util.LinkedHashMap.forEach(LinkedHashMap.java:684)\n\tat java.base/java.util.Collections$UnmodifiableMap.forEach(Collections.java:1505)\n\tat org.mouthaan.demo.steps.BookByISBNSteps.responseIncludesTheFollowingInAnyOrder(BookByISBNSteps.java:54)\n\tat ✽.response includes the following in any order(file:src/test/resources/features/google-books.feature:9)\n",
              "duration": 97761487,
              "status": "failed"
            },
            "line": 9,
            "name": "response includes the following in any order",
            "match": {
              "location": "BookByISBNSteps.responseIncludesTheFollowingInAnyOrder(String,String\u003e)"
            },
            "rows": [
              {
                "cells": [
                  "items.volumeInfo.title",
                  "Steve Jobs"
                ]
              },
              {
                "cells": [
                  "items.volumeInfo.publisher",
                  "Simon and Schuster"
                ]
              },
              {
                "cells": [
                  "items.volumeInfo.pageCount",
                  "630"
                ]
              }
            ],
            "keyword": "And "
          }
        ]
      }
    ],
    "name": "Google Api books",
    "description": "",
    "id": "google-api-books",
    "keyword": "Feature",
    "uri": "file:src/test/resources/features/google-books.feature",
    "tags": []
  },
  {
    "line": 1,
    "elements": [
      {
        "before": [
          {
            "result": {
              "duration": 149097,
              "status": "passed"
            },
            "match": {
              "location": "Hooks.setup()"
            }
          }
        ],
        "line": 2,
        "name": "Search on Google",
        "description": "",
        "id": "google-search;search-on-google",
        "type": "scenario",
        "keyword": "Scenario",
        "steps": [
          {
            "result": {
              "duration": 985614910,
              "status": "passed"
            },
            "line": 3,
            "name": "the Google search page",
            "match": {
              "location": "GoogleSearchSteps.theGoogleSearchPage()"
            },
            "keyword": "Given "
          },
          {
            "result": {
              "error_message": "org.openqa.selenium.ElementNotInteractableException: element not interactable\n  (Session info: chrome\u003d117.0.5938.62)\nBuild info: version: \u00273.141.59\u0027, revision: \u0027e82be7d358\u0027, time: \u00272018-11-14T08:17:03\u0027\nSystem info: host: \u0027victor-X555LDB\u0027, ip: \u0027127.0.1.1\u0027, os.name: \u0027Linux\u0027, os.arch: \u0027amd64\u0027, os.version: \u00276.2.3-060203-generic\u0027, java.version: \u002711.0.20.1\u0027\nDriver info: org.openqa.selenium.chrome.ChromeDriver\nCapabilities {acceptInsecureCerts: false, browserName: chrome, browserVersion: 117.0.5938.62, chrome: {chromedriverVersion: 117.0.5938.62 (25a7172909a4..., userDataDir: /tmp/.org.chromium.Chromium...}, fedcm:accounts: true, goog:chromeOptions: {debuggerAddress: localhost:33093}, javascriptEnabled: true, networkConnectionEnabled: false, pageLoadStrategy: normal, platform: LINUX, platformName: LINUX, proxy: Proxy(), setWindowRect: true, strictFileInteractability: false, timeouts: {implicit: 0, pageLoad: 300000, script: 30000}, unhandledPromptBehavior: dismiss and notify, webauthn:extension:credBlob: true, webauthn:extension:largeBlob: true, webauthn:extension:minPinLength: true, webauthn:extension:prf: true, webauthn:virtualAuthenticators: true}\nSession ID: d05ad985db692ddea4b9c27efa34f8aa\nScreenshot: file:/home/victor/Escritorio/MASTER_Selenium_Allure/target/results/selenide-screenshots/1694733245314.3.png\nPage source: file:/home/victor/Escritorio/MASTER_Selenium_Allure/target/results/selenide-screenshots/1694733245314.3.html\nTimeout: 4 s.\nCaused by: ElementNotInteractableException: element not interactable\n\tat com.codeborne.selenide.impl.SelenideElementProxy.dispatchAndRetry(SelenideElementProxy.java:125)\n\tat com.codeborne.selenide.impl.SelenideElementProxy.invoke(SelenideElementProxy.java:65)\n\tat com.sun.proxy.$Proxy20.val(Unknown Source)\n\tat org.mouthaan.demo.pages.GoogleSearchPage.googleSearchFor(GoogleSearchPage.java:18)\n\tat org.mouthaan.demo.steps.GoogleSearchSteps.weForSearch(GoogleSearchSteps.java:18)\n\tat ✽.we search for \"hello world\"(file:src/test/resources/features/google.feature:4)\nCaused by: org.openqa.selenium.ElementNotInteractableException: element not interactable\n  (Session info: chrome\u003d117.0.5938.62)\nBuild info: version: \u00273.141.59\u0027, revision: \u0027e82be7d358\u0027, time: \u00272018-11-14T08:17:03\u0027\nSystem info: host: \u0027victor-X555LDB\u0027, ip: \u0027127.0.1.1\u0027, os.name: \u0027Linux\u0027, os.arch: \u0027amd64\u0027, os.version: \u00276.2.3-060203-generic\u0027, java.version: \u002711.0.20.1\u0027\nDriver info: org.openqa.selenium.chrome.ChromeDriver\nCapabilities {acceptInsecureCerts: false, browserName: chrome, browserVersion: 117.0.5938.62, chrome: {chromedriverVersion: 117.0.5938.62 (25a7172909a4..., userDataDir: /tmp/.org.chromium.Chromium...}, fedcm:accounts: true, goog:chromeOptions: {debuggerAddress: localhost:33093}, javascriptEnabled: true, networkConnectionEnabled: false, pageLoadStrategy: normal, platform: LINUX, platformName: LINUX, proxy: Proxy(), setWindowRect: true, strictFileInteractability: false, timeouts: {implicit: 0, pageLoad: 300000, script: 30000}, unhandledPromptBehavior: dismiss and notify, webauthn:extension:credBlob: true, webauthn:extension:largeBlob: true, webauthn:extension:minPinLength: true, webauthn:extension:prf: true, webauthn:virtualAuthenticators: true}\nSession ID: d05ad985db692ddea4b9c27efa34f8aa\n\tat java.base/jdk.internal.reflect.NativeConstructorAccessorImpl.newInstance0(Native Method)\n\tat java.base/jdk.internal.reflect.NativeConstructorAccessorImpl.newInstance(NativeConstructorAccessorImpl.java:62)\n\tat java.base/jdk.internal.reflect.DelegatingConstructorAccessorImpl.newInstance(DelegatingConstructorAccessorImpl.java:45)\n\tat java.base/java.lang.reflect.Constructor.newInstance(Constructor.java:490)\n\tat org.openqa.selenium.remote.http.W3CHttpResponseCodec.createException(W3CHttpResponseCodec.java:187)\n\tat org.openqa.selenium.remote.http.W3CHttpResponseCodec.decode(W3CHttpResponseCodec.java:122)\n\tat org.openqa.selenium.remote.http.W3CHttpResponseCodec.decode(W3CHttpResponseCodec.java:49)\n\tat org.openqa.selenium.remote.HttpCommandExecutor.execute(HttpCommandExecutor.java:158)\n\tat org.openqa.selenium.remote.service.DriverCommandExecutor.execute(DriverCommandExecutor.java:83)\n\tat org.openqa.selenium.remote.RemoteWebDriver.execute(RemoteWebDriver.java:552)\n\tat org.openqa.selenium.remote.RemoteWebElement.execute(RemoteWebElement.java:285)\n\tat org.openqa.selenium.remote.RemoteWebElement.sendKeys(RemoteWebElement.java:106)\n\tat com.codeborne.selenide.commands.SetValue.setValueForTextInput(SetValue.java:59)\n\tat com.codeborne.selenide.commands.SetValue.execute(SetValue.java:42)\n\tat com.codeborne.selenide.commands.Val.execute(Val.java:27)\n\tat com.codeborne.selenide.commands.Commands.execute(Commands.java:144)\n\tat com.codeborne.selenide.impl.SelenideElementProxy.dispatchAndRetry(SelenideElementProxy.java:99)\n\tat com.codeborne.selenide.impl.SelenideElementProxy.invoke(SelenideElementProxy.java:65)\n\tat com.sun.proxy.$Proxy20.val(Unknown Source)\n\tat org.mouthaan.demo.pages.GoogleSearchPage.googleSearchFor(GoogleSearchPage.java:18)\n\tat org.mouthaan.demo.steps.GoogleSearchSteps.weForSearch(GoogleSearchSteps.java:18)\n\tat java.base/jdk.internal.reflect.NativeMethodAccessorImpl.invoke0(Native Method)\n\tat java.base/jdk.internal.reflect.NativeMethodAccessorImpl.invoke(NativeMethodAccessorImpl.java:62)\n\tat java.base/jdk.internal.reflect.DelegatingMethodAccessorImpl.invoke(DelegatingMethodAccessorImpl.java:43)\n\tat java.base/java.lang.reflect.Method.invoke(Method.java:566)\n\tat cucumber.runtime.Utils$1.call(Utils.java:26)\n\tat cucumber.runtime.Timeout.timeout(Timeout.java:16)\n\tat cucumber.runtime.Utils.invoke(Utils.java:20)\n\tat cucumber.runtime.java.JavaStepDefinition.execute(JavaStepDefinition.java:57)\n\tat cucumber.runner.PickleStepDefinitionMatch.runStep(PickleStepDefinitionMatch.java:50)\n\tat cucumber.runner.TestStep.executeStep(TestStep.java:63)\n\tat cucumber.runner.TestStep.run(TestStep.java:49)\n\tat cucumber.runner.PickleStepTestStep.run(PickleStepTestStep.java:43)\n\tat cucumber.runner.TestCase.run(TestCase.java:45)\n\tat cucumber.runner.Runner.runPickle(Runner.java:40)\n\tat cucumber.runtime.junit.PickleRunners$NoStepDescriptions.run(PickleRunners.java:146)\n\tat cucumber.runtime.junit.FeatureRunner.runChild(FeatureRunner.java:68)\n\tat cucumber.runtime.junit.FeatureRunner.runChild(FeatureRunner.java:23)\n\tat org.junit.runners.ParentRunner$3.run(ParentRunner.java:290)\n\tat org.junit.runners.ParentRunner$1.schedule(ParentRunner.java:71)\n\tat org.junit.runners.ParentRunner.runChildren(ParentRunner.java:288)\n\tat org.junit.runners.ParentRunner.access$000(ParentRunner.java:58)\n\tat org.junit.runners.ParentRunner$2.evaluate(ParentRunner.java:268)\n\tat org.junit.runners.ParentRunner.run(ParentRunner.java:363)\n\tat cucumber.runtime.junit.FeatureRunner.run(FeatureRunner.java:73)\n\tat cucumber.api.junit.Cucumber.runChild(Cucumber.java:122)\n\tat cucumber.api.junit.Cucumber.runChild(Cucumber.java:64)\n\tat org.junit.runners.ParentRunner$3.run(ParentRunner.java:290)\n\tat org.junit.runners.ParentRunner$1.schedule(ParentRunner.java:71)\n\tat org.junit.runners.ParentRunner.runChildren(ParentRunner.java:288)\n\tat org.junit.runners.ParentRunner.access$000(ParentRunner.java:58)\n\tat org.junit.runners.ParentRunner$2.evaluate(ParentRunner.java:268)\n\tat cucumber.api.junit.Cucumber$1.evaluate(Cucumber.java:131)\n\tat org.junit.internal.runners.statements.RunAfters.evaluate(RunAfters.java:27)\n\tat org.junit.runners.ParentRunner.run(ParentRunner.java:363)\n\tat org.apache.maven.surefire.junit4.JUnit4Provider.execute(JUnit4Provider.java:365)\n\tat org.apache.maven.surefire.junit4.JUnit4Provider.executeWithRerun(JUnit4Provider.java:273)\n\tat org.apache.maven.surefire.junit4.JUnit4Provider.executeTestSet(JUnit4Provider.java:238)\n\tat org.apache.maven.surefire.junit4.JUnit4Provider.invoke(JUnit4Provider.java:159)\n\tat org.apache.maven.surefire.booter.ForkedBooter.invokeProviderInSameClassLoader(ForkedBooter.java:384)\n\tat org.apache.maven.surefire.booter.ForkedBooter.runSuitesInProcess(ForkedBooter.java:345)\n\tat org.apache.maven.surefire.booter.ForkedBooter.execute(ForkedBooter.java:126)\n\tat org.apache.maven.surefire.booter.ForkedBooter.main(ForkedBooter.java:418)\n",
              "duration": 4395241112,
              "status": "failed"
            },
            "line": 4,
            "name": "we search for \"hello world\"",
            "match": {
              "arguments": [
                {
                  "val": "\"hello world\"",
                  "offset": 14
                }
              ],
              "location": "GoogleSearchSteps.weForSearch(String)"
            },
            "keyword": "When "
          },
          {
            "result": {
              "duration": 186003,
              "status": "skipped"
            },
            "line": 5,
            "name": "the first result must be \"hell world\"",
            "match": {
              "arguments": [
                {
                  "val": "\"hell world\"",
                  "offset": 25
                }
              ],
              "location": "GoogleResultSteps.theFirstResultMustBe(String)"
            },
            "keyword": "Then "
          }
        ]
      }
    ],
    "name": "Google Search",
    "description": "",
    "id": "google-search",
    "keyword": "Feature",
    "uri": "file:src/test/resources/features/google.feature",
    "tags": []
  },
  {
    "line": 1,
    "elements": [
      {
        "before": [
          {
            "result": {
              "duration": 244852,
              "status": "passed"
            },
            "match": {
              "location": "Hooks.setup()"
            }
          }
        ],
        "line": 3,
        "name": "Rest Call GET",
        "description": "",
        "id": "restcall-basics;rest-call-get",
        "type": "scenario",
        "keyword": "Scenario",
        "steps": [
          {
            "result": {
              "duration": 527980882,
              "status": "passed"
            },
            "line": 4,
            "name": "Ik succesvol een REST call verstuur met de methode GET",
            "match": {
              "location": "RestCallSteps.theFirstResultMustBe()"
            },
            "keyword": "Given "
          }
        ]
      },
      {
        "line": 6,
        "name": "Rest Call POST",
        "description": "    Given: ik een typfout maak in de feature file verschijnt er een paarse balk",
        "id": "restcall-basics;rest-call-post",
        "type": "scenario",
        "keyword": "Scenario",
        "steps": []
      }
    ],
    "name": "RestCall basics",
    "description": "",
    "id": "restcall-basics",
    "keyword": "Feature",
    "uri": "file:src/test/resources/features/restcall.feature",
    "tags": []
  }
]