<?xml version="1.0" encoding="UTF-8"?>
<testsuite xmlns:xsi="http://www.w3.org/2001/XMLSchema-instance" xsi:noNamespaceSchemaLocation="https://maven.apache.org/surefire/maven-failsafe-plugin/xsd/failsafe-test-report-3.0.xsd" version="3.0" name="org.mouthaan.demo.RunCucumberIT" time="108.463" tests="13" errors="0" skipped="0" failures="5">
  <properties>
[...]
</properties>
  <testcase name="user can search XBOX" classname="Check the HomePage" time="25.016">
    <failure message="Element not found {By.xpath: //*[@id=&apos;rso&apos;]/div[1]/div/div/div/div/div/div/div/div[1]/a/h3|//div[@class =&apos;LC20lb MBeuO DKV0Md&apos;]/h3}&#10;Expected: visible" type="com.codeborne.selenide.ex.ElementNotFound">com.codeborne.selenide.ex.ElementNotFound: 
Element not found {By.xpath: //*[@id='rso']/div[1]/div/div/div/div/div/div/div/div[1]/a/h3|//div[@class ='LC20lb MBeuO DKV0Md']/h3}
Expected: visible
Caused by: org.openqa.selenium.NoSuchElementException: 
no such element: Unable to locate element: {"method":"xpath","selector":"//*[@id='rso']/div[1]/div/div/div/div/div/div/div/div[1]/a/h3|//div[@class ='LC20lb MBeuO DKV0Md']/h3"}
  (Session info: chrome=117.0.5938.62)
For documentation on this error, please visit: https://www.seleniumhq.org/exceptions/no_such_element.html
Build info: version: '3.141.59', revision: 'e82be7d358', time: '2018-11-14T08:17:03'
System info: host: 'victor-X555LDB', ip: '127.0.1.1', os.name: 'Linux', os.arch: 'amd64', os.version: '6.2.3-060203-generic', java.version: '11.0.20.1'
Driver info: org.openqa.selenium.chrome.ChromeDriver
Capabilities {acceptInsecureCerts: false, browserName: chrome, browserVersion: 117.0.5938.62, chrome: {chromedriverVersion: 117.0.5938.62 (25a7172909a4..., userDataDir: /tmp/.org.chromium.Chromium...}, fedcm:accounts: true, goog:chromeOptions: {debuggerAddress: localhost:33093}, javascriptEnabled: true, networkConnectionEnabled: false, pageLoadStrategy: normal, platform: LINUX, platformName: LINUX, proxy: Proxy(), setWindowRect: true, strictFileInteractability: false, timeouts: {implicit: 0, pageLoad: 300000, script: 30000}, unhandledPromptBehavior: dismiss and notify, webauthn:extension:credBlob: true, webauthn:extension:largeBlob: true, webauthn:extension:minPinLength: true, webauthn:extension:prf: true, webauthn:virtualAuthenticators: true}
Session ID: d05ad985db692ddea4b9c27efa34f8aa
*** Element info: {Using=xpath, value=//*[@id='rso']/div[1]/div/div/div/div/div/div/div/div[1]/a/h3|//div[@class ='LC20lb MBeuO DKV0Md']/h3}
</failure>
    <system-err><![CDATA[SLF4J: No SLF4J providers were found.
SLF4J: Defaulting to no-operation (NOP) logger implementation
SLF4J: See https://www.slf4j.org/codes.html#noProviders for further details.
SLF4J: Class path contains SLF4J bindings targeting slf4j-api versions 1.7.x or earlier.
SLF4J: Ignoring binding found at [jar:file:/home/victor/.m2/repository/org/slf4j/slf4j-nop/1.7.25/slf4j-nop-1.7.25.jar!/org/slf4j/impl/StaticLoggerBinder.class]
SLF4J: See https://www.slf4j.org/codes.html#ignoredBindings for an explanation.
sept. 15, 2023 1:12:24 A. M. com.codeborne.selenide.drivercommands.LazyDriver getAndCheckWebDriver
INFORMACIÓN: No webdriver is bound to current thread: 1 - let's create a new webdriver
Starting ChromeDriver 117.0.5938.62 (25a7172909a4cba7355365cf424d7d7eb35231f4-refs/branch-heads/5938@{#1146}) on port 13173
Only local connections are allowed.
Please see https://chromedriver.chromium.org/security-considerations for suggestions on keeping ChromeDriver safe.
ChromeDriver was started successfully.
sept. 15, 2023 1:12:29 A. M. org.openqa.selenium.remote.ProtocolHandshake createSession
INFORMACIÓN: Detected dialect: W3C
sept. 15, 2023 1:12:29 A. M. com.codeborne.selenide.webdriver.BrowserResizer adjustBrowserSize
INFORMACIÓN: Set browser size to 1366x768
sept. 15, 2023 1:12:29 A. M. com.codeborne.selenide.webdriver.WebDriverFactory logBrowserVersion
INFORMACIÓN: BrowserName=chrome Version=117.0.5938.62 Platform=LINUX
sept. 15, 2023 1:12:29 A. M. com.codeborne.selenide.webdriver.WebDriverFactory createWebDriver
INFORMACIÓN: Selenide v. 5.2.8
sept. 15, 2023 1:12:29 A. M. com.codeborne.selenide.webdriver.WebDriverFactory logSeleniumInfo
INFORMACIÓN: Selenium WebDriver v. 3.141.59 build time: 2018-11-14T08:17:03
sept. 15, 2023 1:12:29 A. M. com.codeborne.selenide.drivercommands.CreateDriverCommand createDriver
INFORMACIÓN: Create webdriver in current thread 1: ChromeDriver -> ChromeDriver: chrome on LINUX (d05ad985db692ddea4b9c27efa34f8aa)
sept. 15, 2023 1:12:46 A. M. com.codeborne.selenide.impl.ScreenShotLaboratory ensureFolderExists
INFORMACIÓN: Creating folder: target/surefire-reports
]]></system-err>
  </testcase>
  <testcase name="user can search XBOX" classname="Check the HomePage" time="27.908"/>
  <testcase name="user can search Shopery" classname="Check the HomePage" time="8.488"/>
  <testcase name="user can search Shopery" classname="Check the HomePage" time="15.134"/>
  <testcase name="user can navigate and search results on Movistar.com" classname="Check the Movistar.com" time="6.246">
    <failure message="Element not found {By.xpath: //*[@id=&apos;__next&apos;]/div/div[1]/div/div/div[1]/div/div[6]/div[1]/a}&#10;Expected: visible" type="com.codeborne.selenide.ex.ElementNotFound">com.codeborne.selenide.ex.ElementNotFound: 
Element not found {By.xpath: //*[@id='__next']/div/div[1]/div/div/div[1]/div/div[6]/div[1]/a}
Expected: visible
Caused by: org.openqa.selenium.NoSuchElementException: 
no such element: Unable to locate element: {"method":"xpath","selector":"//*[@id='__next']/div/div[1]/div/div/div[1]/div/div[6]/div[1]/a"}
  (Session info: chrome=117.0.5938.62)
For documentation on this error, please visit: https://www.seleniumhq.org/exceptions/no_such_element.html
Build info: version: '3.141.59', revision: 'e82be7d358', time: '2018-11-14T08:17:03'
System info: host: 'victor-X555LDB', ip: '127.0.1.1', os.name: 'Linux', os.arch: 'amd64', os.version: '6.2.3-060203-generic', java.version: '11.0.20.1'
Driver info: org.openqa.selenium.chrome.ChromeDriver
Capabilities {acceptInsecureCerts: false, browserName: chrome, browserVersion: 117.0.5938.62, chrome: {chromedriverVersion: 117.0.5938.62 (25a7172909a4..., userDataDir: /tmp/.org.chromium.Chromium...}, fedcm:accounts: true, goog:chromeOptions: {debuggerAddress: localhost:33093}, javascriptEnabled: true, networkConnectionEnabled: false, pageLoadStrategy: normal, platform: LINUX, platformName: LINUX, proxy: Proxy(), setWindowRect: true, strictFileInteractability: false, timeouts: {implicit: 0, pageLoad: 300000, script: 30000}, unhandledPromptBehavior: dismiss and notify, webauthn:extension:credBlob: true, webauthn:extension:largeBlob: true, webauthn:extension:minPinLength: true, webauthn:extension:prf: true, webauthn:virtualAuthenticators: true}
Session ID: d05ad985db692ddea4b9c27efa34f8aa
*** Element info: {Using=xpath, value=//*[@id='__next']/div/div[1]/div/div/div[1]/div/div[6]/div[1]/a}
</failure>
    <system-err><![CDATA[sept. 15, 2023 1:13:29 A. M. com.codeborne.selenide.impl.ScreenShotLaboratory ensureFolderExists
INFORMACIÓN: Creating folder: target/results/selenide-screenshots
]]></system-err>
  </testcase>
  <testcase name="user can navigate and search results in responsive mobile mode on www.telefonica.com" classname="Check the www.telefonica.com" time="9.048">
    <failure message="Element not found {By.xpath: //*[@id=&quot;primary&quot;]/div[6]/div/div[11]/figure/blockquote}&#10;Expected: exist" type="com.codeborne.selenide.ex.ElementNotFound">com.codeborne.selenide.ex.ElementNotFound: 
Element not found {By.xpath: //*[@id="primary"]/div[6]/div/div[11]/figure/blockquote}
Expected: exist
Caused by: org.openqa.selenium.NoSuchElementException: 
no such element: Unable to locate element: {"method":"xpath","selector":"//*[@id="primary"]/div[6]/div/div[11]/figure/blockquote"}
  (Session info: chrome=117.0.5938.62)
For documentation on this error, please visit: https://www.seleniumhq.org/exceptions/no_such_element.html
Build info: version: '3.141.59', revision: 'e82be7d358', time: '2018-11-14T08:17:03'
System info: host: 'victor-X555LDB', ip: '127.0.1.1', os.name: 'Linux', os.arch: 'amd64', os.version: '6.2.3-060203-generic', java.version: '11.0.20.1'
Driver info: org.openqa.selenium.chrome.ChromeDriver
Capabilities {acceptInsecureCerts: false, browserName: chrome, browserVersion: 117.0.5938.62, chrome: {chromedriverVersion: 117.0.5938.62 (25a7172909a4..., userDataDir: /tmp/.org.chromium.Chromium...}, fedcm:accounts: true, goog:chromeOptions: {debuggerAddress: localhost:33093}, javascriptEnabled: true, networkConnectionEnabled: false, pageLoadStrategy: normal, platform: LINUX, platformName: LINUX, proxy: Proxy(), setWindowRect: true, strictFileInteractability: false, timeouts: {implicit: 0, pageLoad: 300000, script: 30000}, unhandledPromptBehavior: dismiss and notify, webauthn:extension:credBlob: true, webauthn:extension:largeBlob: true, webauthn:extension:minPinLength: true, webauthn:extension:prf: true, webauthn:virtualAuthenticators: true}
Session ID: d05ad985db692ddea4b9c27efa34f8aa
*** Element info: {Using=xpath, value=//*[@id="primary"]/div[6]/div/div[11]/figure/blockquote}
</failure>
  </testcase>
  <testcase name="Sum of two" classname="Just a simple demo" time="0.004"/>
  <testcase name="Sum of two" classname="Just a simple demo" time="0.046"/>
  <testcase name="Sum of two" classname="Just a simple demo" time="0.002"/>
  <testcase name="User calls web service to get a book by it&apos;s ISBN" classname="Google Api books" time="5.995">
    <failure message="1 expectation failed.&#10;JSON path items.volumeInfo.pageCount doesn&apos;t match.&#10;Expected: iterable with items [&lt;630&gt;] in any order&#10;  Actual: [656]&#10;" type="java.lang.AssertionError"><![CDATA[java.lang.AssertionError: 
1 expectation failed.
JSON path items.volumeInfo.pageCount doesn't match.
Expected: iterable with items [<630>] in any order
  Actual: [656]

]]></failure>
  </testcase>
  <testcase name="Search on Google" classname="Google Search" time="5.385">
    <failure message="ElementNotInteractableException: element not interactable&#10;  (Session info: chrome=117.0.5938.62)&#10;Build info: version: &apos;3.141.59&apos;, revision: &apos;e82be7d358&apos;, time: &apos;2018-11-14T08:17:03&apos;&#10;System info: host: &apos;victor-X555LDB&apos;, ip: &apos;127.0.1.1&apos;, os.name: &apos;Linux&apos;, os.arch: &apos;amd64&apos;, os.version: &apos;6.2.3-060203-generic&apos;, java.version: &apos;11.0.20.1&apos;&#10;Driver info: org.openqa.selenium.chrome.ChromeDriver&#10;Capabilities {acceptInsecureCerts: false, browserName: chrome, browserVersion: 117.0.5938.62, chrome: {chromedriverVersion: 117.0.5938.62 (25a7172909a4..., userDataDir: /tmp/.org.chromium.Chromium...}, fedcm:accounts: true, goog:chromeOptions: {debuggerAddress: localhost:33093}, javascriptEnabled: true, networkConnectionEnabled: false, pageLoadStrategy: normal, platform: LINUX, platformName: LINUX, proxy: Proxy(), setWindowRect: true, strictFileInteractability: false, timeouts: {implicit: 0, pageLoad: 300000, script: 30000}, unhandledPromptBehavior: dismiss and notify, webauthn:extension:credBlob: true, webauthn:extension:largeBlob: true, webauthn:extension:minPinLength: true, webauthn:extension:prf: true, webauthn:virtualAuthenticators: true}&#10;Session ID: d05ad985db692ddea4b9c27efa34f8aa" type="com.codeborne.selenide.ex.InvalidStateException">com.codeborne.selenide.ex.InvalidStateException: 
ElementNotInteractableException: element not interactable
  (Session info: chrome=117.0.5938.62)
Build info: version: '3.141.59', revision: 'e82be7d358', time: '2018-11-14T08:17:03'
System info: host: 'victor-X555LDB', ip: '127.0.1.1', os.name: 'Linux', os.arch: 'amd64', os.version: '6.2.3-060203-generic', java.version: '11.0.20.1'
Driver info: org.openqa.selenium.chrome.ChromeDriver
Capabilities {acceptInsecureCerts: false, browserName: chrome, browserVersion: 117.0.5938.62, chrome: {chromedriverVersion: 117.0.5938.62 (25a7172909a4..., userDataDir: /tmp/.org.chromium.Chromium...}, fedcm:accounts: true, goog:chromeOptions: {debuggerAddress: localhost:33093}, javascriptEnabled: true, networkConnectionEnabled: false, pageLoadStrategy: normal, platform: LINUX, platformName: LINUX, proxy: Proxy(), setWindowRect: true, strictFileInteractability: false, timeouts: {implicit: 0, pageLoad: 300000, script: 30000}, unhandledPromptBehavior: dismiss and notify, webauthn:extension:credBlob: true, webauthn:extension:largeBlob: true, webauthn:extension:minPinLength: true, webauthn:extension:prf: true, webauthn:virtualAuthenticators: true}
Session ID: d05ad985db692ddea4b9c27efa34f8aa
Caused by: org.openqa.selenium.ElementNotInteractableException: 
element not interactable
  (Session info: chrome=117.0.5938.62)
Build info: version: '3.141.59', revision: 'e82be7d358', time: '2018-11-14T08:17:03'
System info: host: 'victor-X555LDB', ip: '127.0.1.1', os.name: 'Linux', os.arch: 'amd64', os.version: '6.2.3-060203-generic', java.version: '11.0.20.1'
Driver info: org.openqa.selenium.chrome.ChromeDriver
Capabilities {acceptInsecureCerts: false, browserName: chrome, browserVersion: 117.0.5938.62, chrome: {chromedriverVersion: 117.0.5938.62 (25a7172909a4..., userDataDir: /tmp/.org.chromium.Chromium...}, fedcm:accounts: true, goog:chromeOptions: {debuggerAddress: localhost:33093}, javascriptEnabled: true, networkConnectionEnabled: false, pageLoadStrategy: normal, platform: LINUX, platformName: LINUX, proxy: Proxy(), setWindowRect: true, strictFileInteractability: false, timeouts: {implicit: 0, pageLoad: 300000, script: 30000}, unhandledPromptBehavior: dismiss and notify, webauthn:extension:credBlob: true, webauthn:extension:largeBlob: true, webauthn:extension:minPinLength: true, webauthn:extension:prf: true, webauthn:virtualAuthenticators: true}
Session ID: d05ad985db692ddea4b9c27efa34f8aa
</failure>
  </testcase>
  <testcase name="Rest Call GET" classname="RestCall basics" time="1.985"/>
  <testcase name="Rest Call POST" classname="RestCall basics" time="0"/>
</testsuite>