{
  "uid" : "1e32333e1876dca8",
  "name" : "Search on Google",
  "fullName" : "Google Search: Search on Google",
  "historyId" : "96aa3031f538c488489e3492917bee72",
  "time" : {
    "start" : 1708822819665,
    "stop" : 1708822819891,
    "duration" : 226
  },
  "status" : "broken",
  "statusMessage" : "unknown error: Chrome failed to start: exited abnormally.\n  (unknown error: DevToolsActivePort file doesn't exist)\n  (The process started from chrome location /usr/bin/google-chrome is no longer running, so ChromeDriver is assuming that Chrome has crashed.)\nBuild info: version: '3.141.59', revision: 'e82be7d358', time: '2018-11-14T08:17:03'\nSystem info: host: 'fv-az523-38', ip: '10.1.0.160', os.name: 'Linux', os.arch: 'amd64', os.version: '6.2.0-1019-azure', java.version: '11.0.22'\nDriver info: driver.version: SelenideDriver\nselenide.url: https://google.com\nselenide.baseUrl: http://localhost:8080\nremote stacktrace: #0 0x55a4806a04e3 <unknown>\n#1 0x55a4803cfc76 <unknown>\n#2 0x55a4803f8d78 <unknown>\n#3 0x55a4803f5029 <unknown>\n#4 0x55a480433ccc <unknown>\n#5 0x55a48043347f <unknown>\n#6 0x55a48042ade3 <unknown>\n#7 0x55a4804002dd <unknown>\n#8 0x55a48040134e <unknown>\n#9 0x55a4806603e4 <unknown>\n#10 0x55a4806643d7 <unknown>\n#11 0x55a48066eb20 <unknown>\n#12 0x55a480665023 <unknown>\n#13 0x55a4806331aa <unknown>\n#14 0x55a4806896b8 <unknown>\n#15 0x55a480689847 <unknown>\n#16 0x55a480699243 <unknown>\n#17 0x7f7cc8c94ac3 <unknown>\n",
  "statusTrace" : "org.openqa.selenium.WebDriverException: unknown error: Chrome failed to start: exited abnormally.\n  (unknown error: DevToolsActivePort file doesn't exist)\n  (The process started from chrome location /usr/bin/google-chrome is no longer running, so ChromeDriver is assuming that Chrome has crashed.)\nBuild info: version: '3.141.59', revision: 'e82be7d358', time: '2018-11-14T08:17:03'\nSystem info: host: 'fv-az523-38', ip: '10.1.0.160', os.name: 'Linux', os.arch: 'amd64', os.version: '6.2.0-1019-azure', java.version: '11.0.22'\nDriver info: driver.version: SelenideDriver\nselenide.url: https://google.com\nselenide.baseUrl: http://localhost:8080\nremote stacktrace: #0 0x55a4806a04e3 <unknown>\n#1 0x55a4803cfc76 <unknown>\n#2 0x55a4803f8d78 <unknown>\n#3 0x55a4803f5029 <unknown>\n#4 0x55a480433ccc <unknown>\n#5 0x55a48043347f <unknown>\n#6 0x55a48042ade3 <unknown>\n#7 0x55a4804002dd <unknown>\n#8 0x55a48040134e <unknown>\n#9 0x55a4806603e4 <unknown>\n#10 0x55a4806643d7 <unknown>\n#11 0x55a48066eb20 <unknown>\n#12 0x55a480665023 <unknown>\n#13 0x55a4806331aa <unknown>\n#14 0x55a4806896b8 <unknown>\n#15 0x55a480689847 <unknown>\n#16 0x55a480699243 <unknown>\n#17 0x7f7cc8c94ac3 <unknown>\n\n\tat java.base/jdk.internal.reflect.NativeConstructorAccessorImpl.newInstance0(Native Method)\n\tat java.base/jdk.internal.reflect.NativeConstructorAccessorImpl.newInstance(NativeConstructorAccessorImpl.java:62)\n\tat java.base/jdk.internal.reflect.DelegatingConstructorAccessorImpl.newInstance(DelegatingConstructorAccessorImpl.java:45)\n\tat java.base/java.lang.reflect.Constructor.newInstance(Constructor.java:490)\n\tat org.openqa.selenium.remote.W3CHandshakeResponse.lambda$errorHandler$0(W3CHandshakeResponse.java:62)\n\tat org.openqa.selenium.remote.HandshakeResponse.lambda$getResponseFunction$0(HandshakeResponse.java:30)\n\tat org.openqa.selenium.remote.ProtocolHandshake.lambda$createSession$0(ProtocolHandshake.java:126)\n\tat java.base/java.util.stream.ReferencePipeline$3$1.accept(ReferencePipeline.java:195)\n\tat java.base/java.util.Spliterators$ArraySpliterator.tryAdvance(Spliterators.java:958)\n\tat java.base/java.util.stream.ReferencePipeline.forEachWithCancel(ReferencePipeline.java:127)\n\tat java.base/java.util.stream.AbstractPipeline.copyIntoWithCancel(AbstractPipeline.java:502)\n\tat java.base/java.util.stream.AbstractPipeline.copyInto(AbstractPipeline.java:488)\n\tat java.base/java.util.stream.AbstractPipeline.wrapAndCopyInto(AbstractPipeline.java:474)\n\tat java.base/java.util.stream.FindOps$FindOp.evaluateSequential(FindOps.java:150)\n\tat java.base/java.util.stream.AbstractPipeline.evaluate(AbstractPipeline.java:234)\n\tat java.base/java.util.stream.ReferencePipeline.findFirst(ReferencePipeline.java:543)\n\tat org.openqa.selenium.remote.ProtocolHandshake.createSession(ProtocolHandshake.java:128)\n\tat org.openqa.selenium.remote.ProtocolHandshake.createSession(ProtocolHandshake.java:74)\n\tat org.openqa.selenium.remote.HttpCommandExecutor.execute(HttpCommandExecutor.java:136)\n\tat org.openqa.selenium.remote.service.DriverCommandExecutor.execute(DriverCommandExecutor.java:83)\n\tat org.openqa.selenium.remote.RemoteWebDriver.execute(RemoteWebDriver.java:552)\n\tat org.openqa.selenium.remote.RemoteWebDriver.startSession(RemoteWebDriver.java:213)\n\tat org.openqa.selenium.remote.RemoteWebDriver.<init>(RemoteWebDriver.java:131)\n\tat org.openqa.selenium.chrome.ChromeDriver.<init>(ChromeDriver.java:181)\n\tat org.openqa.selenium.chrome.ChromeDriver.<init>(ChromeDriver.java:168)\n\tat org.openqa.selenium.chrome.ChromeDriver.<init>(ChromeDriver.java:157)\n\tat com.codeborne.selenide.webdriver.ChromeDriverFactory.create(ChromeDriverFactory.java:25)\n\tat com.codeborne.selenide.webdriver.WebDriverFactory.lambda$createWebDriver$1(WebDriverFactory.java:55)\n\tat java.base/java.util.Optional.map(Optional.java:265)\n\tat com.codeborne.selenide.webdriver.WebDriverFactory.createWebDriver(WebDriverFactory.java:55)\n\tat com.codeborne.selenide.drivercommands.CreateDriverCommand.createDriver(CreateDriverCommand.java:38)\n\tat com.codeborne.selenide.drivercommands.LazyDriver.createDriver(LazyDriver.java:93)\n\tat com.codeborne.selenide.drivercommands.LazyDriver.getAndCheckWebDriver(LazyDriver.java:87)\n\tat com.codeborne.selenide.SelenideDriver.getAndCheckWebDriver(SelenideDriver.java:147)\n\tat com.codeborne.selenide.drivercommands.Navigator.navigateTo(Navigator.java:61)\n\tat com.codeborne.selenide.drivercommands.Navigator.open(Navigator.java:24)\n\tat com.codeborne.selenide.SelenideDriver.open(SelenideDriver.java:63)\n\tat com.codeborne.selenide.Selenide.open(Selenide.java:40)\n\tat org.mouthaan.demo.pages.GoogleSearchPage.openUrl(GoogleSearchPage.java:14)\n\tat org.mouthaan.demo.steps.GoogleSearchSteps.theGoogleSearchPage(GoogleSearchSteps.java:13)\n\tat ✽.the Google search page(file:src/test/resources/features/google.feature:3)\n",
  "flaky" : false,
  "beforeStages" : [ {
    "name" : "Hooks.setup()",
    "time" : {
      "start" : 1708822819665,
      "stop" : 1708822819665,
      "duration" : 0
    },
    "status" : "passed",
    "steps" : [ ],
    "attachments" : [ ],
    "parameters" : [ ],
    "stepsCount" : 0,
    "attachmentsCount" : 0,
    "shouldDisplayMessage" : false,
    "hasContent" : false
  } ],
  "testStage" : {
    "status" : "broken",
    "statusMessage" : "unknown error: Chrome failed to start: exited abnormally.\n  (unknown error: DevToolsActivePort file doesn't exist)\n  (The process started from chrome location /usr/bin/google-chrome is no longer running, so ChromeDriver is assuming that Chrome has crashed.)\nBuild info: version: '3.141.59', revision: 'e82be7d358', time: '2018-11-14T08:17:03'\nSystem info: host: 'fv-az523-38', ip: '10.1.0.160', os.name: 'Linux', os.arch: 'amd64', os.version: '6.2.0-1019-azure', java.version: '11.0.22'\nDriver info: driver.version: SelenideDriver\nselenide.url: https://google.com\nselenide.baseUrl: http://localhost:8080\nremote stacktrace: #0 0x55a4806a04e3 <unknown>\n#1 0x55a4803cfc76 <unknown>\n#2 0x55a4803f8d78 <unknown>\n#3 0x55a4803f5029 <unknown>\n#4 0x55a480433ccc <unknown>\n#5 0x55a48043347f <unknown>\n#6 0x55a48042ade3 <unknown>\n#7 0x55a4804002dd <unknown>\n#8 0x55a48040134e <unknown>\n#9 0x55a4806603e4 <unknown>\n#10 0x55a4806643d7 <unknown>\n#11 0x55a48066eb20 <unknown>\n#12 0x55a480665023 <unknown>\n#13 0x55a4806331aa <unknown>\n#14 0x55a4806896b8 <unknown>\n#15 0x55a480689847 <unknown>\n#16 0x55a480699243 <unknown>\n#17 0x7f7cc8c94ac3 <unknown>\n",
    "statusTrace" : "org.openqa.selenium.WebDriverException: unknown error: Chrome failed to start: exited abnormally.\n  (unknown error: DevToolsActivePort file doesn't exist)\n  (The process started from chrome location /usr/bin/google-chrome is no longer running, so ChromeDriver is assuming that Chrome has crashed.)\nBuild info: version: '3.141.59', revision: 'e82be7d358', time: '2018-11-14T08:17:03'\nSystem info: host: 'fv-az523-38', ip: '10.1.0.160', os.name: 'Linux', os.arch: 'amd64', os.version: '6.2.0-1019-azure', java.version: '11.0.22'\nDriver info: driver.version: SelenideDriver\nselenide.url: https://google.com\nselenide.baseUrl: http://localhost:8080\nremote stacktrace: #0 0x55a4806a04e3 <unknown>\n#1 0x55a4803cfc76 <unknown>\n#2 0x55a4803f8d78 <unknown>\n#3 0x55a4803f5029 <unknown>\n#4 0x55a480433ccc <unknown>\n#5 0x55a48043347f <unknown>\n#6 0x55a48042ade3 <unknown>\n#7 0x55a4804002dd <unknown>\n#8 0x55a48040134e <unknown>\n#9 0x55a4806603e4 <unknown>\n#10 0x55a4806643d7 <unknown>\n#11 0x55a48066eb20 <unknown>\n#12 0x55a480665023 <unknown>\n#13 0x55a4806331aa <unknown>\n#14 0x55a4806896b8 <unknown>\n#15 0x55a480689847 <unknown>\n#16 0x55a480699243 <unknown>\n#17 0x7f7cc8c94ac3 <unknown>\n\n\tat java.base/jdk.internal.reflect.NativeConstructorAccessorImpl.newInstance0(Native Method)\n\tat java.base/jdk.internal.reflect.NativeConstructorAccessorImpl.newInstance(NativeConstructorAccessorImpl.java:62)\n\tat java.base/jdk.internal.reflect.DelegatingConstructorAccessorImpl.newInstance(DelegatingConstructorAccessorImpl.java:45)\n\tat java.base/java.lang.reflect.Constructor.newInstance(Constructor.java:490)\n\tat org.openqa.selenium.remote.W3CHandshakeResponse.lambda$errorHandler$0(W3CHandshakeResponse.java:62)\n\tat org.openqa.selenium.remote.HandshakeResponse.lambda$getResponseFunction$0(HandshakeResponse.java:30)\n\tat org.openqa.selenium.remote.ProtocolHandshake.lambda$createSession$0(ProtocolHandshake.java:126)\n\tat java.base/java.util.stream.ReferencePipeline$3$1.accept(ReferencePipeline.java:195)\n\tat java.base/java.util.Spliterators$ArraySpliterator.tryAdvance(Spliterators.java:958)\n\tat java.base/java.util.stream.ReferencePipeline.forEachWithCancel(ReferencePipeline.java:127)\n\tat java.base/java.util.stream.AbstractPipeline.copyIntoWithCancel(AbstractPipeline.java:502)\n\tat java.base/java.util.stream.AbstractPipeline.copyInto(AbstractPipeline.java:488)\n\tat java.base/java.util.stream.AbstractPipeline.wrapAndCopyInto(AbstractPipeline.java:474)\n\tat java.base/java.util.stream.FindOps$FindOp.evaluateSequential(FindOps.java:150)\n\tat java.base/java.util.stream.AbstractPipeline.evaluate(AbstractPipeline.java:234)\n\tat java.base/java.util.stream.ReferencePipeline.findFirst(ReferencePipeline.java:543)\n\tat org.openqa.selenium.remote.ProtocolHandshake.createSession(ProtocolHandshake.java:128)\n\tat org.openqa.selenium.remote.ProtocolHandshake.createSession(ProtocolHandshake.java:74)\n\tat org.openqa.selenium.remote.HttpCommandExecutor.execute(HttpCommandExecutor.java:136)\n\tat org.openqa.selenium.remote.service.DriverCommandExecutor.execute(DriverCommandExecutor.java:83)\n\tat org.openqa.selenium.remote.RemoteWebDriver.execute(RemoteWebDriver.java:552)\n\tat org.openqa.selenium.remote.RemoteWebDriver.startSession(RemoteWebDriver.java:213)\n\tat org.openqa.selenium.remote.RemoteWebDriver.<init>(RemoteWebDriver.java:131)\n\tat org.openqa.selenium.chrome.ChromeDriver.<init>(ChromeDriver.java:181)\n\tat org.openqa.selenium.chrome.ChromeDriver.<init>(ChromeDriver.java:168)\n\tat org.openqa.selenium.chrome.ChromeDriver.<init>(ChromeDriver.java:157)\n\tat com.codeborne.selenide.webdriver.ChromeDriverFactory.create(ChromeDriverFactory.java:25)\n\tat com.codeborne.selenide.webdriver.WebDriverFactory.lambda$createWebDriver$1(WebDriverFactory.java:55)\n\tat java.base/java.util.Optional.map(Optional.java:265)\n\tat com.codeborne.selenide.webdriver.WebDriverFactory.createWebDriver(WebDriverFactory.java:55)\n\tat com.codeborne.selenide.drivercommands.CreateDriverCommand.createDriver(CreateDriverCommand.java:38)\n\tat com.codeborne.selenide.drivercommands.LazyDriver.createDriver(LazyDriver.java:93)\n\tat com.codeborne.selenide.drivercommands.LazyDriver.getAndCheckWebDriver(LazyDriver.java:87)\n\tat com.codeborne.selenide.SelenideDriver.getAndCheckWebDriver(SelenideDriver.java:147)\n\tat com.codeborne.selenide.drivercommands.Navigator.navigateTo(Navigator.java:61)\n\tat com.codeborne.selenide.drivercommands.Navigator.open(Navigator.java:24)\n\tat com.codeborne.selenide.SelenideDriver.open(SelenideDriver.java:63)\n\tat com.codeborne.selenide.Selenide.open(Selenide.java:40)\n\tat org.mouthaan.demo.pages.GoogleSearchPage.openUrl(GoogleSearchPage.java:14)\n\tat org.mouthaan.demo.steps.GoogleSearchSteps.theGoogleSearchPage(GoogleSearchSteps.java:13)\n\tat ✽.the Google search page(file:src/test/resources/features/google.feature:3)\n",
    "steps" : [ {
      "name" : "Given  the Google search page",
      "time" : {
        "start" : 1708822819666,
        "stop" : 1708822819889,
        "duration" : 223
      },
      "status" : "broken",
      "statusMessage" : "unknown error: Chrome failed to start: exited abnormally.\n  (unknown error: DevToolsActivePort file doesn't exist)\n  (The process started from chrome location /usr/bin/google-chrome is no longer running, so ChromeDriver is assuming that Chrome has crashed.)\nBuild info: version: '3.141.59', revision: 'e82be7d358', time: '2018-11-14T08:17:03'\nSystem info: host: 'fv-az523-38', ip: '10.1.0.160', os.name: 'Linux', os.arch: 'amd64', os.version: '6.2.0-1019-azure', java.version: '11.0.22'\nDriver info: driver.version: SelenideDriver\nselenide.url: https://google.com\nselenide.baseUrl: http://localhost:8080\nremote stacktrace: #0 0x55a4806a04e3 <unknown>\n#1 0x55a4803cfc76 <unknown>\n#2 0x55a4803f8d78 <unknown>\n#3 0x55a4803f5029 <unknown>\n#4 0x55a480433ccc <unknown>\n#5 0x55a48043347f <unknown>\n#6 0x55a48042ade3 <unknown>\n#7 0x55a4804002dd <unknown>\n#8 0x55a48040134e <unknown>\n#9 0x55a4806603e4 <unknown>\n#10 0x55a4806643d7 <unknown>\n#11 0x55a48066eb20 <unknown>\n#12 0x55a480665023 <unknown>\n#13 0x55a4806331aa <unknown>\n#14 0x55a4806896b8 <unknown>\n#15 0x55a480689847 <unknown>\n#16 0x55a480699243 <unknown>\n#17 0x7f7cc8c94ac3 <unknown>\n",
      "statusTrace" : "org.openqa.selenium.WebDriverException: unknown error: Chrome failed to start: exited abnormally.\n  (unknown error: DevToolsActivePort file doesn't exist)\n  (The process started from chrome location /usr/bin/google-chrome is no longer running, so ChromeDriver is assuming that Chrome has crashed.)\nBuild info: version: '3.141.59', revision: 'e82be7d358', time: '2018-11-14T08:17:03'\nSystem info: host: 'fv-az523-38', ip: '10.1.0.160', os.name: 'Linux', os.arch: 'amd64', os.version: '6.2.0-1019-azure', java.version: '11.0.22'\nDriver info: driver.version: SelenideDriver\nselenide.url: https://google.com\nselenide.baseUrl: http://localhost:8080\nremote stacktrace: #0 0x55a4806a04e3 <unknown>\n#1 0x55a4803cfc76 <unknown>\n#2 0x55a4803f8d78 <unknown>\n#3 0x55a4803f5029 <unknown>\n#4 0x55a480433ccc <unknown>\n#5 0x55a48043347f <unknown>\n#6 0x55a48042ade3 <unknown>\n#7 0x55a4804002dd <unknown>\n#8 0x55a48040134e <unknown>\n#9 0x55a4806603e4 <unknown>\n#10 0x55a4806643d7 <unknown>\n#11 0x55a48066eb20 <unknown>\n#12 0x55a480665023 <unknown>\n#13 0x55a4806331aa <unknown>\n#14 0x55a4806896b8 <unknown>\n#15 0x55a480689847 <unknown>\n#16 0x55a480699243 <unknown>\n#17 0x7f7cc8c94ac3 <unknown>\n\n\tat java.base/jdk.internal.reflect.NativeConstructorAccessorImpl.newInstance0(Native Method)\n\tat java.base/jdk.internal.reflect.NativeConstructorAccessorImpl.newInstance(NativeConstructorAccessorImpl.java:62)\n\tat java.base/jdk.internal.reflect.DelegatingConstructorAccessorImpl.newInstance(DelegatingConstructorAccessorImpl.java:45)\n\tat java.base/java.lang.reflect.Constructor.newInstance(Constructor.java:490)\n\tat org.openqa.selenium.remote.W3CHandshakeResponse.lambda$errorHandler$0(W3CHandshakeResponse.java:62)\n\tat org.openqa.selenium.remote.HandshakeResponse.lambda$getResponseFunction$0(HandshakeResponse.java:30)\n\tat org.openqa.selenium.remote.ProtocolHandshake.lambda$createSession$0(ProtocolHandshake.java:126)\n\tat java.base/java.util.stream.ReferencePipeline$3$1.accept(ReferencePipeline.java:195)\n\tat java.base/java.util.Spliterators$ArraySpliterator.tryAdvance(Spliterators.java:958)\n\tat java.base/java.util.stream.ReferencePipeline.forEachWithCancel(ReferencePipeline.java:127)\n\tat java.base/java.util.stream.AbstractPipeline.copyIntoWithCancel(AbstractPipeline.java:502)\n\tat java.base/java.util.stream.AbstractPipeline.copyInto(AbstractPipeline.java:488)\n\tat java.base/java.util.stream.AbstractPipeline.wrapAndCopyInto(AbstractPipeline.java:474)\n\tat java.base/java.util.stream.FindOps$FindOp.evaluateSequential(FindOps.java:150)\n\tat java.base/java.util.stream.AbstractPipeline.evaluate(AbstractPipeline.java:234)\n\tat java.base/java.util.stream.ReferencePipeline.findFirst(ReferencePipeline.java:543)\n\tat org.openqa.selenium.remote.ProtocolHandshake.createSession(ProtocolHandshake.java:128)\n\tat org.openqa.selenium.remote.ProtocolHandshake.createSession(ProtocolHandshake.java:74)\n\tat org.openqa.selenium.remote.HttpCommandExecutor.execute(HttpCommandExecutor.java:136)\n\tat org.openqa.selenium.remote.service.DriverCommandExecutor.execute(DriverCommandExecutor.java:83)\n\tat org.openqa.selenium.remote.RemoteWebDriver.execute(RemoteWebDriver.java:552)\n\tat org.openqa.selenium.remote.RemoteWebDriver.startSession(RemoteWebDriver.java:213)\n\tat org.openqa.selenium.remote.RemoteWebDriver.<init>(RemoteWebDriver.java:131)\n\tat org.openqa.selenium.chrome.ChromeDriver.<init>(ChromeDriver.java:181)\n\tat org.openqa.selenium.chrome.ChromeDriver.<init>(ChromeDriver.java:168)\n\tat org.openqa.selenium.chrome.ChromeDriver.<init>(ChromeDriver.java:157)\n\tat com.codeborne.selenide.webdriver.ChromeDriverFactory.create(ChromeDriverFactory.java:25)\n\tat com.codeborne.selenide.webdriver.WebDriverFactory.lambda$createWebDriver$1(WebDriverFactory.java:55)\n\tat java.base/java.util.Optional.map(Optional.java:265)\n\tat com.codeborne.selenide.webdriver.WebDriverFactory.createWebDriver(WebDriverFactory.java:55)\n\tat com.codeborne.selenide.drivercommands.CreateDriverCommand.createDriver(CreateDriverCommand.java:38)\n\tat com.codeborne.selenide.drivercommands.LazyDriver.createDriver(LazyDriver.java:93)\n\tat com.codeborne.selenide.drivercommands.LazyDriver.getAndCheckWebDriver(LazyDriver.java:87)\n\tat com.codeborne.selenide.SelenideDriver.getAndCheckWebDriver(SelenideDriver.java:147)\n\tat com.codeborne.selenide.drivercommands.Navigator.navigateTo(Navigator.java:61)\n\tat com.codeborne.selenide.drivercommands.Navigator.open(Navigator.java:24)\n\tat com.codeborne.selenide.SelenideDriver.open(SelenideDriver.java:63)\n\tat com.codeborne.selenide.Selenide.open(Selenide.java:40)\n\tat org.mouthaan.demo.pages.GoogleSearchPage.openUrl(GoogleSearchPage.java:14)\n\tat org.mouthaan.demo.steps.GoogleSearchSteps.theGoogleSearchPage(GoogleSearchSteps.java:13)\n\tat ✽.the Google search page(file:src/test/resources/features/google.feature:3)\n",
      "steps" : [ {
        "name" : "$(open) https://google.com",
        "time" : {
          "start" : 1708822819757
        },
        "status" : "unknown",
        "steps" : [ ],
        "attachments" : [ ],
        "parameters" : [ ],
        "stepsCount" : 0,
        "attachmentsCount" : 0,
        "shouldDisplayMessage" : false,
        "hasContent" : false
      } ],
      "attachments" : [ ],
      "parameters" : [ ],
      "stepsCount" : 1,
      "attachmentsCount" : 0,
      "shouldDisplayMessage" : true,
      "hasContent" : true
    }, {
      "name" : "When  we search for \"hello world\"",
      "time" : {
        "start" : 1708822819889,
        "stop" : 1708822819889,
        "duration" : 0
      },
      "status" : "skipped",
      "steps" : [ ],
      "attachments" : [ ],
      "parameters" : [ ],
      "stepsCount" : 0,
      "attachmentsCount" : 0,
      "shouldDisplayMessage" : false,
      "hasContent" : false
    }, {
      "name" : "Then  the first result must be \"hell world\"",
      "time" : {
        "start" : 1708822819890,
        "stop" : 1708822819890,
        "duration" : 0
      },
      "status" : "skipped",
      "steps" : [ ],
      "attachments" : [ ],
      "parameters" : [ ],
      "stepsCount" : 0,
      "attachmentsCount" : 0,
      "shouldDisplayMessage" : false,
      "hasContent" : false
    } ],
    "attachments" : [ ],
    "parameters" : [ ],
    "stepsCount" : 4,
    "attachmentsCount" : 0,
    "shouldDisplayMessage" : false,
    "hasContent" : true
  },
  "afterStages" : [ ],
  "labels" : [ {
    "name" : "host",
    "value" : "fv-az523-38"
  }, {
    "name" : "thread",
    "value" : "1940@fv-az523-38.main(1)"
  }, {
    "name" : "feature",
    "value" : "Google Search"
  }, {
    "name" : "story",
    "value" : "Search on Google"
  }, {
    "name" : "package",
    "value" : "src.test.resources.features.Google Search"
  }, {
    "name" : "suite",
    "value" : "Google Search"
  }, {
    "name" : "testClass",
    "value" : "Search on Google"
  }, {
    "name" : "framework",
    "value" : "cucumber4jvm"
  }, {
    "name" : "language",
    "value" : "java"
  }, {
    "name" : "gherkin_uri",
    "value" : "file:src/test/resources/features/google.feature"
  }, {
    "name" : "resultFormat",
    "value" : "allure2"
  } ],
  "parameters" : [ ],
  "links" : [ ],
  "hidden" : false,
  "retry" : false,
  "extra" : {
    "severity" : "normal",
    "retries" : [ ],
    "categories" : [ {
      "name" : "Test defects",
      "matchedStatuses" : [ ],
      "flaky" : false
    } ],
    "tags" : [ ]
  },
  "source" : "1e32333e1876dca8.json",
  "parameterValues" : [ ]
}