{
  "uid" : "8f3dae9c2cde1957",
  "name" : "user can search Shopery",
  "fullName" : "Check the HomePage: user can search Shopery",
  "historyId" : "13ef2e0156250c5490ff1c4135f37a7d",
  "time" : {
    "start" : 1711242176080,
    "stop" : 1711242176220,
    "duration" : 140
  },
  "status" : "broken",
  "statusMessage" : "unknown error: Chrome failed to start: exited abnormally.\n  (unknown error: DevToolsActivePort file doesn't exist)\n  (The process started from chrome location /usr/bin/google-chrome is no longer running, so ChromeDriver is assuming that Chrome has crashed.)\nBuild info: version: '3.141.59', revision: 'e82be7d358', time: '2018-11-14T08:17:03'\nSystem info: host: 'fv-az714-342', ip: '10.1.0.229', os.name: 'Linux', os.arch: 'amd64', os.version: '6.5.0-1016-azure', java.version: '11.0.22'\nDriver info: driver.version: SelenideDriver\nselenide.url: https://google.es\nselenide.baseUrl: http://localhost:8080\nremote stacktrace: #0 0x558931f634e3 <unknown>\n#1 0x558931c92c76 <unknown>\n#2 0x558931cbbd78 <unknown>\n#3 0x558931cb8029 <unknown>\n#4 0x558931cf6ccc <unknown>\n#5 0x558931cf647f <unknown>\n#6 0x558931cedde3 <unknown>\n#7 0x558931cc32dd <unknown>\n#8 0x558931cc434e <unknown>\n#9 0x558931f233e4 <unknown>\n#10 0x558931f273d7 <unknown>\n#11 0x558931f31b20 <unknown>\n#12 0x558931f28023 <unknown>\n#13 0x558931ef61aa <unknown>\n#14 0x558931f4c6b8 <unknown>\n#15 0x558931f4c847 <unknown>\n#16 0x558931f5c243 <unknown>\n#17 0x7f3831494ac3 <unknown>\n",
  "statusTrace" : "org.openqa.selenium.WebDriverException: unknown error: Chrome failed to start: exited abnormally.\n  (unknown error: DevToolsActivePort file doesn't exist)\n  (The process started from chrome location /usr/bin/google-chrome is no longer running, so ChromeDriver is assuming that Chrome has crashed.)\nBuild info: version: '3.141.59', revision: 'e82be7d358', time: '2018-11-14T08:17:03'\nSystem info: host: 'fv-az714-342', ip: '10.1.0.229', os.name: 'Linux', os.arch: 'amd64', os.version: '6.5.0-1016-azure', java.version: '11.0.22'\nDriver info: driver.version: SelenideDriver\nselenide.url: https://google.es\nselenide.baseUrl: http://localhost:8080\nremote stacktrace: #0 0x558931f634e3 <unknown>\n#1 0x558931c92c76 <unknown>\n#2 0x558931cbbd78 <unknown>\n#3 0x558931cb8029 <unknown>\n#4 0x558931cf6ccc <unknown>\n#5 0x558931cf647f <unknown>\n#6 0x558931cedde3 <unknown>\n#7 0x558931cc32dd <unknown>\n#8 0x558931cc434e <unknown>\n#9 0x558931f233e4 <unknown>\n#10 0x558931f273d7 <unknown>\n#11 0x558931f31b20 <unknown>\n#12 0x558931f28023 <unknown>\n#13 0x558931ef61aa <unknown>\n#14 0x558931f4c6b8 <unknown>\n#15 0x558931f4c847 <unknown>\n#16 0x558931f5c243 <unknown>\n#17 0x7f3831494ac3 <unknown>\n\n\tat java.base/jdk.internal.reflect.NativeConstructorAccessorImpl.newInstance0(Native Method)\n\tat java.base/jdk.internal.reflect.NativeConstructorAccessorImpl.newInstance(NativeConstructorAccessorImpl.java:62)\n\tat java.base/jdk.internal.reflect.DelegatingConstructorAccessorImpl.newInstance(DelegatingConstructorAccessorImpl.java:45)\n\tat java.base/java.lang.reflect.Constructor.newInstance(Constructor.java:490)\n\tat org.openqa.selenium.remote.W3CHandshakeResponse.lambda$errorHandler$0(W3CHandshakeResponse.java:62)\n\tat org.openqa.selenium.remote.HandshakeResponse.lambda$getResponseFunction$0(HandshakeResponse.java:30)\n\tat org.openqa.selenium.remote.ProtocolHandshake.lambda$createSession$0(ProtocolHandshake.java:126)\n\tat java.base/java.util.stream.ReferencePipeline$3$1.accept(ReferencePipeline.java:195)\n\tat java.base/java.util.Spliterators$ArraySpliterator.tryAdvance(Spliterators.java:958)\n\tat java.base/java.util.stream.ReferencePipeline.forEachWithCancel(ReferencePipeline.java:127)\n\tat java.base/java.util.stream.AbstractPipeline.copyIntoWithCancel(AbstractPipeline.java:502)\n\tat java.base/java.util.stream.AbstractPipeline.copyInto(AbstractPipeline.java:488)\n\tat java.base/java.util.stream.AbstractPipeline.wrapAndCopyInto(AbstractPipeline.java:474)\n\tat java.base/java.util.stream.FindOps$FindOp.evaluateSequential(FindOps.java:150)\n\tat java.base/java.util.stream.AbstractPipeline.evaluate(AbstractPipeline.java:234)\n\tat java.base/java.util.stream.ReferencePipeline.findFirst(ReferencePipeline.java:543)\n\tat org.openqa.selenium.remote.ProtocolHandshake.createSession(ProtocolHandshake.java:128)\n\tat org.openqa.selenium.remote.ProtocolHandshake.createSession(ProtocolHandshake.java:74)\n\tat org.openqa.selenium.remote.HttpCommandExecutor.execute(HttpCommandExecutor.java:136)\n\tat org.openqa.selenium.remote.service.DriverCommandExecutor.execute(DriverCommandExecutor.java:83)\n\tat org.openqa.selenium.remote.RemoteWebDriver.execute(RemoteWebDriver.java:552)\n\tat org.openqa.selenium.remote.RemoteWebDriver.startSession(RemoteWebDriver.java:213)\n\tat org.openqa.selenium.remote.RemoteWebDriver.<init>(RemoteWebDriver.java:131)\n\tat org.openqa.selenium.chrome.ChromeDriver.<init>(ChromeDriver.java:181)\n\tat org.openqa.selenium.chrome.ChromeDriver.<init>(ChromeDriver.java:168)\n\tat org.openqa.selenium.chrome.ChromeDriver.<init>(ChromeDriver.java:157)\n\tat com.codeborne.selenide.webdriver.ChromeDriverFactory.create(ChromeDriverFactory.java:25)\n\tat com.codeborne.selenide.webdriver.WebDriverFactory.lambda$createWebDriver$1(WebDriverFactory.java:55)\n\tat java.base/java.util.Optional.map(Optional.java:265)\n\tat com.codeborne.selenide.webdriver.WebDriverFactory.createWebDriver(WebDriverFactory.java:55)\n\tat com.codeborne.selenide.drivercommands.CreateDriverCommand.createDriver(CreateDriverCommand.java:38)\n\tat com.codeborne.selenide.drivercommands.LazyDriver.createDriver(LazyDriver.java:93)\n\tat com.codeborne.selenide.drivercommands.LazyDriver.getAndCheckWebDriver(LazyDriver.java:87)\n\tat com.codeborne.selenide.SelenideDriver.getAndCheckWebDriver(SelenideDriver.java:147)\n\tat com.codeborne.selenide.drivercommands.Navigator.navigateTo(Navigator.java:61)\n\tat com.codeborne.selenide.drivercommands.Navigator.open(Navigator.java:24)\n\tat com.codeborne.selenide.SelenideDriver.open(SelenideDriver.java:63)\n\tat com.codeborne.selenide.Selenide.open(Selenide.java:40)\n\tat org.mouthaan.demo.steps.Shopery.openGoogleSearch1(Shopery.java:32)\n\tat ✽.open browser with google.com(file:src/test/resources/features/Shopery.feature:6)\n",
  "flaky" : false,
  "beforeStages" : [ {
    "name" : "Hooks.setup()",
    "time" : {
      "start" : 1711242176080,
      "stop" : 1711242176080,
      "duration" : 0
    },
    "status" : "passed",
    "steps" : [ ],
    "attachments" : [ ],
    "parameters" : [ ],
    "stepsCount" : 0,
    "attachmentsCount" : 0,
    "shouldDisplayMessage" : false,
    "hasContent" : false
  } ],
  "testStage" : {
    "status" : "broken",
    "statusMessage" : "unknown error: Chrome failed to start: exited abnormally.\n  (unknown error: DevToolsActivePort file doesn't exist)\n  (The process started from chrome location /usr/bin/google-chrome is no longer running, so ChromeDriver is assuming that Chrome has crashed.)\nBuild info: version: '3.141.59', revision: 'e82be7d358', time: '2018-11-14T08:17:03'\nSystem info: host: 'fv-az714-342', ip: '10.1.0.229', os.name: 'Linux', os.arch: 'amd64', os.version: '6.5.0-1016-azure', java.version: '11.0.22'\nDriver info: driver.version: SelenideDriver\nselenide.url: https://google.es\nselenide.baseUrl: http://localhost:8080\nremote stacktrace: #0 0x558931f634e3 <unknown>\n#1 0x558931c92c76 <unknown>\n#2 0x558931cbbd78 <unknown>\n#3 0x558931cb8029 <unknown>\n#4 0x558931cf6ccc <unknown>\n#5 0x558931cf647f <unknown>\n#6 0x558931cedde3 <unknown>\n#7 0x558931cc32dd <unknown>\n#8 0x558931cc434e <unknown>\n#9 0x558931f233e4 <unknown>\n#10 0x558931f273d7 <unknown>\n#11 0x558931f31b20 <unknown>\n#12 0x558931f28023 <unknown>\n#13 0x558931ef61aa <unknown>\n#14 0x558931f4c6b8 <unknown>\n#15 0x558931f4c847 <unknown>\n#16 0x558931f5c243 <unknown>\n#17 0x7f3831494ac3 <unknown>\n",
    "statusTrace" : "org.openqa.selenium.WebDriverException: unknown error: Chrome failed to start: exited abnormally.\n  (unknown error: DevToolsActivePort file doesn't exist)\n  (The process started from chrome location /usr/bin/google-chrome is no longer running, so ChromeDriver is assuming that Chrome has crashed.)\nBuild info: version: '3.141.59', revision: 'e82be7d358', time: '2018-11-14T08:17:03'\nSystem info: host: 'fv-az714-342', ip: '10.1.0.229', os.name: 'Linux', os.arch: 'amd64', os.version: '6.5.0-1016-azure', java.version: '11.0.22'\nDriver info: driver.version: SelenideDriver\nselenide.url: https://google.es\nselenide.baseUrl: http://localhost:8080\nremote stacktrace: #0 0x558931f634e3 <unknown>\n#1 0x558931c92c76 <unknown>\n#2 0x558931cbbd78 <unknown>\n#3 0x558931cb8029 <unknown>\n#4 0x558931cf6ccc <unknown>\n#5 0x558931cf647f <unknown>\n#6 0x558931cedde3 <unknown>\n#7 0x558931cc32dd <unknown>\n#8 0x558931cc434e <unknown>\n#9 0x558931f233e4 <unknown>\n#10 0x558931f273d7 <unknown>\n#11 0x558931f31b20 <unknown>\n#12 0x558931f28023 <unknown>\n#13 0x558931ef61aa <unknown>\n#14 0x558931f4c6b8 <unknown>\n#15 0x558931f4c847 <unknown>\n#16 0x558931f5c243 <unknown>\n#17 0x7f3831494ac3 <unknown>\n\n\tat java.base/jdk.internal.reflect.NativeConstructorAccessorImpl.newInstance0(Native Method)\n\tat java.base/jdk.internal.reflect.NativeConstructorAccessorImpl.newInstance(NativeConstructorAccessorImpl.java:62)\n\tat java.base/jdk.internal.reflect.DelegatingConstructorAccessorImpl.newInstance(DelegatingConstructorAccessorImpl.java:45)\n\tat java.base/java.lang.reflect.Constructor.newInstance(Constructor.java:490)\n\tat org.openqa.selenium.remote.W3CHandshakeResponse.lambda$errorHandler$0(W3CHandshakeResponse.java:62)\n\tat org.openqa.selenium.remote.HandshakeResponse.lambda$getResponseFunction$0(HandshakeResponse.java:30)\n\tat org.openqa.selenium.remote.ProtocolHandshake.lambda$createSession$0(ProtocolHandshake.java:126)\n\tat java.base/java.util.stream.ReferencePipeline$3$1.accept(ReferencePipeline.java:195)\n\tat java.base/java.util.Spliterators$ArraySpliterator.tryAdvance(Spliterators.java:958)\n\tat java.base/java.util.stream.ReferencePipeline.forEachWithCancel(ReferencePipeline.java:127)\n\tat java.base/java.util.stream.AbstractPipeline.copyIntoWithCancel(AbstractPipeline.java:502)\n\tat java.base/java.util.stream.AbstractPipeline.copyInto(AbstractPipeline.java:488)\n\tat java.base/java.util.stream.AbstractPipeline.wrapAndCopyInto(AbstractPipeline.java:474)\n\tat java.base/java.util.stream.FindOps$FindOp.evaluateSequential(FindOps.java:150)\n\tat java.base/java.util.stream.AbstractPipeline.evaluate(AbstractPipeline.java:234)\n\tat java.base/java.util.stream.ReferencePipeline.findFirst(ReferencePipeline.java:543)\n\tat org.openqa.selenium.remote.ProtocolHandshake.createSession(ProtocolHandshake.java:128)\n\tat org.openqa.selenium.remote.ProtocolHandshake.createSession(ProtocolHandshake.java:74)\n\tat org.openqa.selenium.remote.HttpCommandExecutor.execute(HttpCommandExecutor.java:136)\n\tat org.openqa.selenium.remote.service.DriverCommandExecutor.execute(DriverCommandExecutor.java:83)\n\tat org.openqa.selenium.remote.RemoteWebDriver.execute(RemoteWebDriver.java:552)\n\tat org.openqa.selenium.remote.RemoteWebDriver.startSession(RemoteWebDriver.java:213)\n\tat org.openqa.selenium.remote.RemoteWebDriver.<init>(RemoteWebDriver.java:131)\n\tat org.openqa.selenium.chrome.ChromeDriver.<init>(ChromeDriver.java:181)\n\tat org.openqa.selenium.chrome.ChromeDriver.<init>(ChromeDriver.java:168)\n\tat org.openqa.selenium.chrome.ChromeDriver.<init>(ChromeDriver.java:157)\n\tat com.codeborne.selenide.webdriver.ChromeDriverFactory.create(ChromeDriverFactory.java:25)\n\tat com.codeborne.selenide.webdriver.WebDriverFactory.lambda$createWebDriver$1(WebDriverFactory.java:55)\n\tat java.base/java.util.Optional.map(Optional.java:265)\n\tat com.codeborne.selenide.webdriver.WebDriverFactory.createWebDriver(WebDriverFactory.java:55)\n\tat com.codeborne.selenide.drivercommands.CreateDriverCommand.createDriver(CreateDriverCommand.java:38)\n\tat com.codeborne.selenide.drivercommands.LazyDriver.createDriver(LazyDriver.java:93)\n\tat com.codeborne.selenide.drivercommands.LazyDriver.getAndCheckWebDriver(LazyDriver.java:87)\n\tat com.codeborne.selenide.SelenideDriver.getAndCheckWebDriver(SelenideDriver.java:147)\n\tat com.codeborne.selenide.drivercommands.Navigator.navigateTo(Navigator.java:61)\n\tat com.codeborne.selenide.drivercommands.Navigator.open(Navigator.java:24)\n\tat com.codeborne.selenide.SelenideDriver.open(SelenideDriver.java:63)\n\tat com.codeborne.selenide.Selenide.open(Selenide.java:40)\n\tat org.mouthaan.demo.steps.Shopery.openGoogleSearch1(Shopery.java:32)\n\tat ✽.open browser with google.com(file:src/test/resources/features/Shopery.feature:6)\n",
    "steps" : [ {
      "name" : "Given  open browser with google.com",
      "time" : {
        "start" : 1711242176081,
        "stop" : 1711242176218,
        "duration" : 137
      },
      "status" : "broken",
      "statusMessage" : "unknown error: Chrome failed to start: exited abnormally.\n  (unknown error: DevToolsActivePort file doesn't exist)\n  (The process started from chrome location /usr/bin/google-chrome is no longer running, so ChromeDriver is assuming that Chrome has crashed.)\nBuild info: version: '3.141.59', revision: 'e82be7d358', time: '2018-11-14T08:17:03'\nSystem info: host: 'fv-az714-342', ip: '10.1.0.229', os.name: 'Linux', os.arch: 'amd64', os.version: '6.5.0-1016-azure', java.version: '11.0.22'\nDriver info: driver.version: SelenideDriver\nselenide.url: https://google.es\nselenide.baseUrl: http://localhost:8080\nremote stacktrace: #0 0x558931f634e3 <unknown>\n#1 0x558931c92c76 <unknown>\n#2 0x558931cbbd78 <unknown>\n#3 0x558931cb8029 <unknown>\n#4 0x558931cf6ccc <unknown>\n#5 0x558931cf647f <unknown>\n#6 0x558931cedde3 <unknown>\n#7 0x558931cc32dd <unknown>\n#8 0x558931cc434e <unknown>\n#9 0x558931f233e4 <unknown>\n#10 0x558931f273d7 <unknown>\n#11 0x558931f31b20 <unknown>\n#12 0x558931f28023 <unknown>\n#13 0x558931ef61aa <unknown>\n#14 0x558931f4c6b8 <unknown>\n#15 0x558931f4c847 <unknown>\n#16 0x558931f5c243 <unknown>\n#17 0x7f3831494ac3 <unknown>\n",
      "statusTrace" : "org.openqa.selenium.WebDriverException: unknown error: Chrome failed to start: exited abnormally.\n  (unknown error: DevToolsActivePort file doesn't exist)\n  (The process started from chrome location /usr/bin/google-chrome is no longer running, so ChromeDriver is assuming that Chrome has crashed.)\nBuild info: version: '3.141.59', revision: 'e82be7d358', time: '2018-11-14T08:17:03'\nSystem info: host: 'fv-az714-342', ip: '10.1.0.229', os.name: 'Linux', os.arch: 'amd64', os.version: '6.5.0-1016-azure', java.version: '11.0.22'\nDriver info: driver.version: SelenideDriver\nselenide.url: https://google.es\nselenide.baseUrl: http://localhost:8080\nremote stacktrace: #0 0x558931f634e3 <unknown>\n#1 0x558931c92c76 <unknown>\n#2 0x558931cbbd78 <unknown>\n#3 0x558931cb8029 <unknown>\n#4 0x558931cf6ccc <unknown>\n#5 0x558931cf647f <unknown>\n#6 0x558931cedde3 <unknown>\n#7 0x558931cc32dd <unknown>\n#8 0x558931cc434e <unknown>\n#9 0x558931f233e4 <unknown>\n#10 0x558931f273d7 <unknown>\n#11 0x558931f31b20 <unknown>\n#12 0x558931f28023 <unknown>\n#13 0x558931ef61aa <unknown>\n#14 0x558931f4c6b8 <unknown>\n#15 0x558931f4c847 <unknown>\n#16 0x558931f5c243 <unknown>\n#17 0x7f3831494ac3 <unknown>\n\n\tat java.base/jdk.internal.reflect.NativeConstructorAccessorImpl.newInstance0(Native Method)\n\tat java.base/jdk.internal.reflect.NativeConstructorAccessorImpl.newInstance(NativeConstructorAccessorImpl.java:62)\n\tat java.base/jdk.internal.reflect.DelegatingConstructorAccessorImpl.newInstance(DelegatingConstructorAccessorImpl.java:45)\n\tat java.base/java.lang.reflect.Constructor.newInstance(Constructor.java:490)\n\tat org.openqa.selenium.remote.W3CHandshakeResponse.lambda$errorHandler$0(W3CHandshakeResponse.java:62)\n\tat org.openqa.selenium.remote.HandshakeResponse.lambda$getResponseFunction$0(HandshakeResponse.java:30)\n\tat org.openqa.selenium.remote.ProtocolHandshake.lambda$createSession$0(ProtocolHandshake.java:126)\n\tat java.base/java.util.stream.ReferencePipeline$3$1.accept(ReferencePipeline.java:195)\n\tat java.base/java.util.Spliterators$ArraySpliterator.tryAdvance(Spliterators.java:958)\n\tat java.base/java.util.stream.ReferencePipeline.forEachWithCancel(ReferencePipeline.java:127)\n\tat java.base/java.util.stream.AbstractPipeline.copyIntoWithCancel(AbstractPipeline.java:502)\n\tat java.base/java.util.stream.AbstractPipeline.copyInto(AbstractPipeline.java:488)\n\tat java.base/java.util.stream.AbstractPipeline.wrapAndCopyInto(AbstractPipeline.java:474)\n\tat java.base/java.util.stream.FindOps$FindOp.evaluateSequential(FindOps.java:150)\n\tat java.base/java.util.stream.AbstractPipeline.evaluate(AbstractPipeline.java:234)\n\tat java.base/java.util.stream.ReferencePipeline.findFirst(ReferencePipeline.java:543)\n\tat org.openqa.selenium.remote.ProtocolHandshake.createSession(ProtocolHandshake.java:128)\n\tat org.openqa.selenium.remote.ProtocolHandshake.createSession(ProtocolHandshake.java:74)\n\tat org.openqa.selenium.remote.HttpCommandExecutor.execute(HttpCommandExecutor.java:136)\n\tat org.openqa.selenium.remote.service.DriverCommandExecutor.execute(DriverCommandExecutor.java:83)\n\tat org.openqa.selenium.remote.RemoteWebDriver.execute(RemoteWebDriver.java:552)\n\tat org.openqa.selenium.remote.RemoteWebDriver.startSession(RemoteWebDriver.java:213)\n\tat org.openqa.selenium.remote.RemoteWebDriver.<init>(RemoteWebDriver.java:131)\n\tat org.openqa.selenium.chrome.ChromeDriver.<init>(ChromeDriver.java:181)\n\tat org.openqa.selenium.chrome.ChromeDriver.<init>(ChromeDriver.java:168)\n\tat org.openqa.selenium.chrome.ChromeDriver.<init>(ChromeDriver.java:157)\n\tat com.codeborne.selenide.webdriver.ChromeDriverFactory.create(ChromeDriverFactory.java:25)\n\tat com.codeborne.selenide.webdriver.WebDriverFactory.lambda$createWebDriver$1(WebDriverFactory.java:55)\n\tat java.base/java.util.Optional.map(Optional.java:265)\n\tat com.codeborne.selenide.webdriver.WebDriverFactory.createWebDriver(WebDriverFactory.java:55)\n\tat com.codeborne.selenide.drivercommands.CreateDriverCommand.createDriver(CreateDriverCommand.java:38)\n\tat com.codeborne.selenide.drivercommands.LazyDriver.createDriver(LazyDriver.java:93)\n\tat com.codeborne.selenide.drivercommands.LazyDriver.getAndCheckWebDriver(LazyDriver.java:87)\n\tat com.codeborne.selenide.SelenideDriver.getAndCheckWebDriver(SelenideDriver.java:147)\n\tat com.codeborne.selenide.drivercommands.Navigator.navigateTo(Navigator.java:61)\n\tat com.codeborne.selenide.drivercommands.Navigator.open(Navigator.java:24)\n\tat com.codeborne.selenide.SelenideDriver.open(SelenideDriver.java:63)\n\tat com.codeborne.selenide.Selenide.open(Selenide.java:40)\n\tat org.mouthaan.demo.steps.Shopery.openGoogleSearch1(Shopery.java:32)\n\tat ✽.open browser with google.com(file:src/test/resources/features/Shopery.feature:6)\n",
      "steps" : [ {
        "name" : "$(open) https://google.es",
        "time" : {
          "start" : 1711242176088
        },
        "status" : "unknown",
        "steps" : [ ],
        "attachments" : [ ],
        "parameters" : [ ],
        "stepsCount" : 0,
        "attachmentsCount" : 0,
        "shouldDisplayMessage" : false,
        "hasContent" : false
      } ],
      "attachments" : [ ],
      "parameters" : [ ],
      "stepsCount" : 1,
      "attachmentsCount" : 0,
      "shouldDisplayMessage" : true,
      "hasContent" : true
    }, {
      "name" : "When  the keyword \"Shoperyy\" is entered in input field",
      "time" : {
        "start" : 1711242176218,
        "stop" : 1711242176218,
        "duration" : 0
      },
      "status" : "skipped",
      "steps" : [ ],
      "attachments" : [ ],
      "parameters" : [ ],
      "stepsCount" : 0,
      "attachmentsCount" : 0,
      "shouldDisplayMessage" : false,
      "hasContent" : false
    }, {
      "name" : "Then  at a least top 1 matches should be shown",
      "time" : {
        "start" : 1711242176218,
        "stop" : 1711242176218,
        "duration" : 0
      },
      "status" : "skipped",
      "steps" : [ ],
      "attachments" : [ ],
      "parameters" : [ ],
      "stepsCount" : 0,
      "attachmentsCount" : 0,
      "shouldDisplayMessage" : false,
      "hasContent" : false
    }, {
      "name" : "Then  a first one should contain \"shopery.com\"",
      "time" : {
        "start" : 1711242176219,
        "stop" : 1711242176219,
        "duration" : 0
      },
      "status" : "skipped",
      "steps" : [ ],
      "attachments" : [ ],
      "parameters" : [ ],
      "stepsCount" : 0,
      "attachmentsCount" : 0,
      "shouldDisplayMessage" : false,
      "hasContent" : false
    }, {
      "name" : "Then  CLICK1 THE FIRST option",
      "time" : {
        "start" : 1711242176219,
        "stop" : 1711242176219,
        "duration" : 0
      },
      "status" : "skipped",
      "steps" : [ ],
      "attachments" : [ ],
      "parameters" : [ ],
      "stepsCount" : 0,
      "attachmentsCount" : 0,
      "shouldDisplayMessage" : false,
      "hasContent" : false
    } ],
    "attachments" : [ ],
    "parameters" : [ ],
    "stepsCount" : 6,
    "attachmentsCount" : 0,
    "shouldDisplayMessage" : false,
    "hasContent" : true
  },
  "afterStages" : [ ],
  "labels" : [ {
    "name" : "host",
    "value" : "fv-az714-342"
  }, {
    "name" : "thread",
    "value" : "1981@fv-az714-342.main(1)"
  }, {
    "name" : "feature",
    "value" : "Check the HomePage"
  }, {
    "name" : "story",
    "value" : "user can search Shopery"
  }, {
    "name" : "package",
    "value" : "src.test.resources.features.Check the HomePage"
  }, {
    "name" : "suite",
    "value" : "Check the HomePage"
  }, {
    "name" : "testClass",
    "value" : "user can search Shopery"
  }, {
    "name" : "framework",
    "value" : "cucumber4jvm"
  }, {
    "name" : "language",
    "value" : "java"
  }, {
    "name" : "gherkin_uri",
    "value" : "file:src/test/resources/features/Shopery.feature"
  }, {
    "name" : "resultFormat",
    "value" : "allure2"
  } ],
  "parameters" : [ ],
  "links" : [ ],
  "hidden" : false,
  "retry" : false,
  "extra" : {
    "severity" : "normal",
    "retries" : [ ],
    "categories" : [ {
      "name" : "Test defects",
      "matchedStatuses" : [ ],
      "flaky" : false
    } ],
    "tags" : [ ]
  },
  "source" : "8f3dae9c2cde1957.json",
  "parameterValues" : [ ]
}