{
  "uid" : "a3ee3d51965e96a",
  "name" : "user can search XBOX",
  "fullName" : "Check the HomePage: user can search XBOX",
  "historyId" : "c14456994e89ba8afdd0e986861615c9",
  "time" : {
    "start" : 1694912364703,
    "stop" : 1694912373112,
    "duration" : 8409
  },
  "status" : "broken",
  "statusMessage" : "unknown error: Chrome failed to start: exited abnormally.\n  (unknown error: DevToolsActivePort file doesn't exist)\n  (The process started from chrome location /opt/google/chrome/chrome is no longer running, so ChromeDriver is assuming that Chrome has crashed.)\nBuild info: version: '3.141.59', revision: 'e82be7d358', time: '2018-11-14T08:17:03'\nSystem info: host: 'fv-az341-809', ip: '10.1.0.168', os.name: 'Linux', os.arch: 'amd64', os.version: '6.2.0-1011-azure', java.version: '11.0.20.1'\nDriver info: driver.version: SelenideDriver\nselenide.url: https://google.es\nselenide.baseUrl: http://localhost:8080\nremote stacktrace: #0 0x564c2214fe23 <unknown>\n#1 0x564c21e787a7 <unknown>\n#2 0x564c21ea350a <unknown>\n#3 0x564c21ea0a25 <unknown>\n#4 0x564c21ee0d92 <unknown>\n#5 0x564c21ee03af <unknown>\n#6 0x564c21ed7de3 <unknown>\n#7 0x564c21eaba7b <unknown>\n#8 0x564c21eac81e <unknown>\n#9 0x564c22111638 <unknown>\n#10 0x564c22115507 <unknown>\n#11 0x564c2211fc4c <unknown>\n#12 0x564c22116136 <unknown>\n#13 0x564c220e49cf <unknown>\n#14 0x564c22139b98 <unknown>\n#15 0x564c22139d68 <unknown>\n#16 0x564c22148cb3 <unknown>\n#17 0x7f87e0a94b43 <unknown>\n",
  "statusTrace" : "org.openqa.selenium.WebDriverException: unknown error: Chrome failed to start: exited abnormally.\n  (unknown error: DevToolsActivePort file doesn't exist)\n  (The process started from chrome location /opt/google/chrome/chrome is no longer running, so ChromeDriver is assuming that Chrome has crashed.)\nBuild info: version: '3.141.59', revision: 'e82be7d358', time: '2018-11-14T08:17:03'\nSystem info: host: 'fv-az341-809', ip: '10.1.0.168', os.name: 'Linux', os.arch: 'amd64', os.version: '6.2.0-1011-azure', java.version: '11.0.20.1'\nDriver info: driver.version: SelenideDriver\nselenide.url: https://google.es\nselenide.baseUrl: http://localhost:8080\nremote stacktrace: #0 0x564c2214fe23 <unknown>\n#1 0x564c21e787a7 <unknown>\n#2 0x564c21ea350a <unknown>\n#3 0x564c21ea0a25 <unknown>\n#4 0x564c21ee0d92 <unknown>\n#5 0x564c21ee03af <unknown>\n#6 0x564c21ed7de3 <unknown>\n#7 0x564c21eaba7b <unknown>\n#8 0x564c21eac81e <unknown>\n#9 0x564c22111638 <unknown>\n#10 0x564c22115507 <unknown>\n#11 0x564c2211fc4c <unknown>\n#12 0x564c22116136 <unknown>\n#13 0x564c220e49cf <unknown>\n#14 0x564c22139b98 <unknown>\n#15 0x564c22139d68 <unknown>\n#16 0x564c22148cb3 <unknown>\n#17 0x7f87e0a94b43 <unknown>\n\n\tat java.base/jdk.internal.reflect.NativeConstructorAccessorImpl.newInstance0(Native Method)\n\tat java.base/jdk.internal.reflect.NativeConstructorAccessorImpl.newInstance(NativeConstructorAccessorImpl.java:62)\n\tat java.base/jdk.internal.reflect.DelegatingConstructorAccessorImpl.newInstance(DelegatingConstructorAccessorImpl.java:45)\n\tat java.base/java.lang.reflect.Constructor.newInstance(Constructor.java:490)\n\tat org.openqa.selenium.remote.W3CHandshakeResponse.lambda$errorHandler$0(W3CHandshakeResponse.java:62)\n\tat org.openqa.selenium.remote.HandshakeResponse.lambda$getResponseFunction$0(HandshakeResponse.java:30)\n\tat org.openqa.selenium.remote.ProtocolHandshake.lambda$createSession$0(ProtocolHandshake.java:126)\n\tat java.base/java.util.stream.ReferencePipeline$3$1.accept(ReferencePipeline.java:195)\n\tat java.base/java.util.Spliterators$ArraySpliterator.tryAdvance(Spliterators.java:958)\n\tat java.base/java.util.stream.ReferencePipeline.forEachWithCancel(ReferencePipeline.java:127)\n\tat java.base/java.util.stream.AbstractPipeline.copyIntoWithCancel(AbstractPipeline.java:502)\n\tat java.base/java.util.stream.AbstractPipeline.copyInto(AbstractPipeline.java:488)\n\tat java.base/java.util.stream.AbstractPipeline.wrapAndCopyInto(AbstractPipeline.java:474)\n\tat java.base/java.util.stream.FindOps$FindOp.evaluateSequential(FindOps.java:150)\n\tat java.base/java.util.stream.AbstractPipeline.evaluate(AbstractPipeline.java:234)\n\tat java.base/java.util.stream.ReferencePipeline.findFirst(ReferencePipeline.java:543)\n\tat org.openqa.selenium.remote.ProtocolHandshake.createSession(ProtocolHandshake.java:128)\n\tat org.openqa.selenium.remote.ProtocolHandshake.createSession(ProtocolHandshake.java:74)\n\tat org.openqa.selenium.remote.HttpCommandExecutor.execute(HttpCommandExecutor.java:136)\n\tat org.openqa.selenium.remote.service.DriverCommandExecutor.execute(DriverCommandExecutor.java:83)\n\tat org.openqa.selenium.remote.RemoteWebDriver.execute(RemoteWebDriver.java:552)\n\tat org.openqa.selenium.remote.RemoteWebDriver.startSession(RemoteWebDriver.java:213)\n\tat org.openqa.selenium.remote.RemoteWebDriver.<init>(RemoteWebDriver.java:131)\n\tat org.openqa.selenium.chrome.ChromeDriver.<init>(ChromeDriver.java:181)\n\tat org.openqa.selenium.chrome.ChromeDriver.<init>(ChromeDriver.java:168)\n\tat org.openqa.selenium.chrome.ChromeDriver.<init>(ChromeDriver.java:157)\n\tat com.codeborne.selenide.webdriver.ChromeDriverFactory.create(ChromeDriverFactory.java:25)\n\tat com.codeborne.selenide.webdriver.WebDriverFactory.lambda$createWebDriver$1(WebDriverFactory.java:55)\n\tat java.base/java.util.Optional.map(Optional.java:265)\n\tat com.codeborne.selenide.webdriver.WebDriverFactory.createWebDriver(WebDriverFactory.java:55)\n\tat com.codeborne.selenide.drivercommands.CreateDriverCommand.createDriver(CreateDriverCommand.java:38)\n\tat com.codeborne.selenide.drivercommands.LazyDriver.createDriver(LazyDriver.java:93)\n\tat com.codeborne.selenide.drivercommands.LazyDriver.getAndCheckWebDriver(LazyDriver.java:87)\n\tat com.codeborne.selenide.SelenideDriver.getAndCheckWebDriver(SelenideDriver.java:147)\n\tat com.codeborne.selenide.drivercommands.Navigator.navigateTo(Navigator.java:61)\n\tat com.codeborne.selenide.drivercommands.Navigator.open(Navigator.java:24)\n\tat com.codeborne.selenide.SelenideDriver.open(SelenideDriver.java:63)\n\tat com.codeborne.selenide.Selenide.open(Selenide.java:40)\n\tat org.mouthaan.demo.steps.Home.openGoogleSearch(Home.java:38)\n\tat ✽.an open browser with google.com(file:src/test/resources/features/Home.feature:6)\n",
  "flaky" : false,
  "beforeStages" : [ {
    "name" : "Hooks.setup()",
    "time" : {
      "start" : 1694912364706,
      "stop" : 1694912364742,
      "duration" : 36
    },
    "status" : "passed",
    "steps" : [ ],
    "attachments" : [ ],
    "parameters" : [ ],
    "stepsCount" : 0,
    "attachmentsCount" : 0,
    "shouldDisplayMessage" : false,
    "hasContent" : false
  } ],
  "testStage" : {
    "status" : "broken",
    "statusMessage" : "unknown error: Chrome failed to start: exited abnormally.\n  (unknown error: DevToolsActivePort file doesn't exist)\n  (The process started from chrome location /opt/google/chrome/chrome is no longer running, so ChromeDriver is assuming that Chrome has crashed.)\nBuild info: version: '3.141.59', revision: 'e82be7d358', time: '2018-11-14T08:17:03'\nSystem info: host: 'fv-az341-809', ip: '10.1.0.168', os.name: 'Linux', os.arch: 'amd64', os.version: '6.2.0-1011-azure', java.version: '11.0.20.1'\nDriver info: driver.version: SelenideDriver\nselenide.url: https://google.es\nselenide.baseUrl: http://localhost:8080\nremote stacktrace: #0 0x564c2214fe23 <unknown>\n#1 0x564c21e787a7 <unknown>\n#2 0x564c21ea350a <unknown>\n#3 0x564c21ea0a25 <unknown>\n#4 0x564c21ee0d92 <unknown>\n#5 0x564c21ee03af <unknown>\n#6 0x564c21ed7de3 <unknown>\n#7 0x564c21eaba7b <unknown>\n#8 0x564c21eac81e <unknown>\n#9 0x564c22111638 <unknown>\n#10 0x564c22115507 <unknown>\n#11 0x564c2211fc4c <unknown>\n#12 0x564c22116136 <unknown>\n#13 0x564c220e49cf <unknown>\n#14 0x564c22139b98 <unknown>\n#15 0x564c22139d68 <unknown>\n#16 0x564c22148cb3 <unknown>\n#17 0x7f87e0a94b43 <unknown>\n",
    "statusTrace" : "org.openqa.selenium.WebDriverException: unknown error: Chrome failed to start: exited abnormally.\n  (unknown error: DevToolsActivePort file doesn't exist)\n  (The process started from chrome location /opt/google/chrome/chrome is no longer running, so ChromeDriver is assuming that Chrome has crashed.)\nBuild info: version: '3.141.59', revision: 'e82be7d358', time: '2018-11-14T08:17:03'\nSystem info: host: 'fv-az341-809', ip: '10.1.0.168', os.name: 'Linux', os.arch: 'amd64', os.version: '6.2.0-1011-azure', java.version: '11.0.20.1'\nDriver info: driver.version: SelenideDriver\nselenide.url: https://google.es\nselenide.baseUrl: http://localhost:8080\nremote stacktrace: #0 0x564c2214fe23 <unknown>\n#1 0x564c21e787a7 <unknown>\n#2 0x564c21ea350a <unknown>\n#3 0x564c21ea0a25 <unknown>\n#4 0x564c21ee0d92 <unknown>\n#5 0x564c21ee03af <unknown>\n#6 0x564c21ed7de3 <unknown>\n#7 0x564c21eaba7b <unknown>\n#8 0x564c21eac81e <unknown>\n#9 0x564c22111638 <unknown>\n#10 0x564c22115507 <unknown>\n#11 0x564c2211fc4c <unknown>\n#12 0x564c22116136 <unknown>\n#13 0x564c220e49cf <unknown>\n#14 0x564c22139b98 <unknown>\n#15 0x564c22139d68 <unknown>\n#16 0x564c22148cb3 <unknown>\n#17 0x7f87e0a94b43 <unknown>\n\n\tat java.base/jdk.internal.reflect.NativeConstructorAccessorImpl.newInstance0(Native Method)\n\tat java.base/jdk.internal.reflect.NativeConstructorAccessorImpl.newInstance(NativeConstructorAccessorImpl.java:62)\n\tat java.base/jdk.internal.reflect.DelegatingConstructorAccessorImpl.newInstance(DelegatingConstructorAccessorImpl.java:45)\n\tat java.base/java.lang.reflect.Constructor.newInstance(Constructor.java:490)\n\tat org.openqa.selenium.remote.W3CHandshakeResponse.lambda$errorHandler$0(W3CHandshakeResponse.java:62)\n\tat org.openqa.selenium.remote.HandshakeResponse.lambda$getResponseFunction$0(HandshakeResponse.java:30)\n\tat org.openqa.selenium.remote.ProtocolHandshake.lambda$createSession$0(ProtocolHandshake.java:126)\n\tat java.base/java.util.stream.ReferencePipeline$3$1.accept(ReferencePipeline.java:195)\n\tat java.base/java.util.Spliterators$ArraySpliterator.tryAdvance(Spliterators.java:958)\n\tat java.base/java.util.stream.ReferencePipeline.forEachWithCancel(ReferencePipeline.java:127)\n\tat java.base/java.util.stream.AbstractPipeline.copyIntoWithCancel(AbstractPipeline.java:502)\n\tat java.base/java.util.stream.AbstractPipeline.copyInto(AbstractPipeline.java:488)\n\tat java.base/java.util.stream.AbstractPipeline.wrapAndCopyInto(AbstractPipeline.java:474)\n\tat java.base/java.util.stream.FindOps$FindOp.evaluateSequential(FindOps.java:150)\n\tat java.base/java.util.stream.AbstractPipeline.evaluate(AbstractPipeline.java:234)\n\tat java.base/java.util.stream.ReferencePipeline.findFirst(ReferencePipeline.java:543)\n\tat org.openqa.selenium.remote.ProtocolHandshake.createSession(ProtocolHandshake.java:128)\n\tat org.openqa.selenium.remote.ProtocolHandshake.createSession(ProtocolHandshake.java:74)\n\tat org.openqa.selenium.remote.HttpCommandExecutor.execute(HttpCommandExecutor.java:136)\n\tat org.openqa.selenium.remote.service.DriverCommandExecutor.execute(DriverCommandExecutor.java:83)\n\tat org.openqa.selenium.remote.RemoteWebDriver.execute(RemoteWebDriver.java:552)\n\tat org.openqa.selenium.remote.RemoteWebDriver.startSession(RemoteWebDriver.java:213)\n\tat org.openqa.selenium.remote.RemoteWebDriver.<init>(RemoteWebDriver.java:131)\n\tat org.openqa.selenium.chrome.ChromeDriver.<init>(ChromeDriver.java:181)\n\tat org.openqa.selenium.chrome.ChromeDriver.<init>(ChromeDriver.java:168)\n\tat org.openqa.selenium.chrome.ChromeDriver.<init>(ChromeDriver.java:157)\n\tat com.codeborne.selenide.webdriver.ChromeDriverFactory.create(ChromeDriverFactory.java:25)\n\tat com.codeborne.selenide.webdriver.WebDriverFactory.lambda$createWebDriver$1(WebDriverFactory.java:55)\n\tat java.base/java.util.Optional.map(Optional.java:265)\n\tat com.codeborne.selenide.webdriver.WebDriverFactory.createWebDriver(WebDriverFactory.java:55)\n\tat com.codeborne.selenide.drivercommands.CreateDriverCommand.createDriver(CreateDriverCommand.java:38)\n\tat com.codeborne.selenide.drivercommands.LazyDriver.createDriver(LazyDriver.java:93)\n\tat com.codeborne.selenide.drivercommands.LazyDriver.getAndCheckWebDriver(LazyDriver.java:87)\n\tat com.codeborne.selenide.SelenideDriver.getAndCheckWebDriver(SelenideDriver.java:147)\n\tat com.codeborne.selenide.drivercommands.Navigator.navigateTo(Navigator.java:61)\n\tat com.codeborne.selenide.drivercommands.Navigator.open(Navigator.java:24)\n\tat com.codeborne.selenide.SelenideDriver.open(SelenideDriver.java:63)\n\tat com.codeborne.selenide.Selenide.open(Selenide.java:40)\n\tat org.mouthaan.demo.steps.Home.openGoogleSearch(Home.java:38)\n\tat ✽.an open browser with google.com(file:src/test/resources/features/Home.feature:6)\n",
    "steps" : [ {
      "name" : "Given  an open browser with google.com",
      "time" : {
        "start" : 1694912364745,
        "stop" : 1694912373070,
        "duration" : 8325
      },
      "status" : "broken",
      "statusMessage" : "unknown error: Chrome failed to start: exited abnormally.\n  (unknown error: DevToolsActivePort file doesn't exist)\n  (The process started from chrome location /opt/google/chrome/chrome is no longer running, so ChromeDriver is assuming that Chrome has crashed.)\nBuild info: version: '3.141.59', revision: 'e82be7d358', time: '2018-11-14T08:17:03'\nSystem info: host: 'fv-az341-809', ip: '10.1.0.168', os.name: 'Linux', os.arch: 'amd64', os.version: '6.2.0-1011-azure', java.version: '11.0.20.1'\nDriver info: driver.version: SelenideDriver\nselenide.url: https://google.es\nselenide.baseUrl: http://localhost:8080\nremote stacktrace: #0 0x564c2214fe23 <unknown>\n#1 0x564c21e787a7 <unknown>\n#2 0x564c21ea350a <unknown>\n#3 0x564c21ea0a25 <unknown>\n#4 0x564c21ee0d92 <unknown>\n#5 0x564c21ee03af <unknown>\n#6 0x564c21ed7de3 <unknown>\n#7 0x564c21eaba7b <unknown>\n#8 0x564c21eac81e <unknown>\n#9 0x564c22111638 <unknown>\n#10 0x564c22115507 <unknown>\n#11 0x564c2211fc4c <unknown>\n#12 0x564c22116136 <unknown>\n#13 0x564c220e49cf <unknown>\n#14 0x564c22139b98 <unknown>\n#15 0x564c22139d68 <unknown>\n#16 0x564c22148cb3 <unknown>\n#17 0x7f87e0a94b43 <unknown>\n",
      "statusTrace" : "org.openqa.selenium.WebDriverException: unknown error: Chrome failed to start: exited abnormally.\n  (unknown error: DevToolsActivePort file doesn't exist)\n  (The process started from chrome location /opt/google/chrome/chrome is no longer running, so ChromeDriver is assuming that Chrome has crashed.)\nBuild info: version: '3.141.59', revision: 'e82be7d358', time: '2018-11-14T08:17:03'\nSystem info: host: 'fv-az341-809', ip: '10.1.0.168', os.name: 'Linux', os.arch: 'amd64', os.version: '6.2.0-1011-azure', java.version: '11.0.20.1'\nDriver info: driver.version: SelenideDriver\nselenide.url: https://google.es\nselenide.baseUrl: http://localhost:8080\nremote stacktrace: #0 0x564c2214fe23 <unknown>\n#1 0x564c21e787a7 <unknown>\n#2 0x564c21ea350a <unknown>\n#3 0x564c21ea0a25 <unknown>\n#4 0x564c21ee0d92 <unknown>\n#5 0x564c21ee03af <unknown>\n#6 0x564c21ed7de3 <unknown>\n#7 0x564c21eaba7b <unknown>\n#8 0x564c21eac81e <unknown>\n#9 0x564c22111638 <unknown>\n#10 0x564c22115507 <unknown>\n#11 0x564c2211fc4c <unknown>\n#12 0x564c22116136 <unknown>\n#13 0x564c220e49cf <unknown>\n#14 0x564c22139b98 <unknown>\n#15 0x564c22139d68 <unknown>\n#16 0x564c22148cb3 <unknown>\n#17 0x7f87e0a94b43 <unknown>\n\n\tat java.base/jdk.internal.reflect.NativeConstructorAccessorImpl.newInstance0(Native Method)\n\tat java.base/jdk.internal.reflect.NativeConstructorAccessorImpl.newInstance(NativeConstructorAccessorImpl.java:62)\n\tat java.base/jdk.internal.reflect.DelegatingConstructorAccessorImpl.newInstance(DelegatingConstructorAccessorImpl.java:45)\n\tat java.base/java.lang.reflect.Constructor.newInstance(Constructor.java:490)\n\tat org.openqa.selenium.remote.W3CHandshakeResponse.lambda$errorHandler$0(W3CHandshakeResponse.java:62)\n\tat org.openqa.selenium.remote.HandshakeResponse.lambda$getResponseFunction$0(HandshakeResponse.java:30)\n\tat org.openqa.selenium.remote.ProtocolHandshake.lambda$createSession$0(ProtocolHandshake.java:126)\n\tat java.base/java.util.stream.ReferencePipeline$3$1.accept(ReferencePipeline.java:195)\n\tat java.base/java.util.Spliterators$ArraySpliterator.tryAdvance(Spliterators.java:958)\n\tat java.base/java.util.stream.ReferencePipeline.forEachWithCancel(ReferencePipeline.java:127)\n\tat java.base/java.util.stream.AbstractPipeline.copyIntoWithCancel(AbstractPipeline.java:502)\n\tat java.base/java.util.stream.AbstractPipeline.copyInto(AbstractPipeline.java:488)\n\tat java.base/java.util.stream.AbstractPipeline.wrapAndCopyInto(AbstractPipeline.java:474)\n\tat java.base/java.util.stream.FindOps$FindOp.evaluateSequential(FindOps.java:150)\n\tat java.base/java.util.stream.AbstractPipeline.evaluate(AbstractPipeline.java:234)\n\tat java.base/java.util.stream.ReferencePipeline.findFirst(ReferencePipeline.java:543)\n\tat org.openqa.selenium.remote.ProtocolHandshake.createSession(ProtocolHandshake.java:128)\n\tat org.openqa.selenium.remote.ProtocolHandshake.createSession(ProtocolHandshake.java:74)\n\tat org.openqa.selenium.remote.HttpCommandExecutor.execute(HttpCommandExecutor.java:136)\n\tat org.openqa.selenium.remote.service.DriverCommandExecutor.execute(DriverCommandExecutor.java:83)\n\tat org.openqa.selenium.remote.RemoteWebDriver.execute(RemoteWebDriver.java:552)\n\tat org.openqa.selenium.remote.RemoteWebDriver.startSession(RemoteWebDriver.java:213)\n\tat org.openqa.selenium.remote.RemoteWebDriver.<init>(RemoteWebDriver.java:131)\n\tat org.openqa.selenium.chrome.ChromeDriver.<init>(ChromeDriver.java:181)\n\tat org.openqa.selenium.chrome.ChromeDriver.<init>(ChromeDriver.java:168)\n\tat org.openqa.selenium.chrome.ChromeDriver.<init>(ChromeDriver.java:157)\n\tat com.codeborne.selenide.webdriver.ChromeDriverFactory.create(ChromeDriverFactory.java:25)\n\tat com.codeborne.selenide.webdriver.WebDriverFactory.lambda$createWebDriver$1(WebDriverFactory.java:55)\n\tat java.base/java.util.Optional.map(Optional.java:265)\n\tat com.codeborne.selenide.webdriver.WebDriverFactory.createWebDriver(WebDriverFactory.java:55)\n\tat com.codeborne.selenide.drivercommands.CreateDriverCommand.createDriver(CreateDriverCommand.java:38)\n\tat com.codeborne.selenide.drivercommands.LazyDriver.createDriver(LazyDriver.java:93)\n\tat com.codeborne.selenide.drivercommands.LazyDriver.getAndCheckWebDriver(LazyDriver.java:87)\n\tat com.codeborne.selenide.SelenideDriver.getAndCheckWebDriver(SelenideDriver.java:147)\n\tat com.codeborne.selenide.drivercommands.Navigator.navigateTo(Navigator.java:61)\n\tat com.codeborne.selenide.drivercommands.Navigator.open(Navigator.java:24)\n\tat com.codeborne.selenide.SelenideDriver.open(SelenideDriver.java:63)\n\tat com.codeborne.selenide.Selenide.open(Selenide.java:40)\n\tat org.mouthaan.demo.steps.Home.openGoogleSearch(Home.java:38)\n\tat ✽.an open browser with google.com(file:src/test/resources/features/Home.feature:6)\n",
      "steps" : [ {
        "name" : "$(open) https://google.es",
        "time" : {
          "start" : 1694912368628
        },
        "status" : "unknown",
        "steps" : [ ],
        "attachments" : [ ],
        "parameters" : [ ],
        "stepsCount" : 0,
        "attachmentsCount" : 0,
        "shouldDisplayMessage" : false,
        "hasContent" : false
      } ],
      "attachments" : [ ],
      "parameters" : [ ],
      "stepsCount" : 1,
      "attachmentsCount" : 0,
      "shouldDisplayMessage" : true,
      "hasContent" : true
    }, {
      "name" : "When  a keyword \"xbox\" is entered in input field",
      "time" : {
        "start" : 1694912373071,
        "stop" : 1694912373073,
        "duration" : 2
      },
      "status" : "skipped",
      "steps" : [ ],
      "attachments" : [ ],
      "parameters" : [ ],
      "stepsCount" : 0,
      "attachmentsCount" : 0,
      "shouldDisplayMessage" : false,
      "hasContent" : false
    }, {
      "name" : "Then  at least top 1 matches should be shown",
      "time" : {
        "start" : 1694912373073,
        "stop" : 1694912373073,
        "duration" : 0
      },
      "status" : "skipped",
      "steps" : [ ],
      "attachments" : [ ],
      "parameters" : [ ],
      "stepsCount" : 0,
      "attachmentsCount" : 0,
      "shouldDisplayMessage" : false,
      "hasContent" : false
    }, {
      "name" : "Then  the first one should contain \"xbox.com\"",
      "time" : {
        "start" : 1694912373074,
        "stop" : 1694912373074,
        "duration" : 0
      },
      "status" : "skipped",
      "steps" : [ ],
      "attachments" : [ ],
      "parameters" : [ ],
      "stepsCount" : 0,
      "attachmentsCount" : 0,
      "shouldDisplayMessage" : false,
      "hasContent" : false
    }, {
      "name" : "Then  CLICK THE FIRST option",
      "time" : {
        "start" : 1694912373075,
        "stop" : 1694912373076,
        "duration" : 1
      },
      "status" : "skipped",
      "steps" : [ ],
      "attachments" : [ ],
      "parameters" : [ ],
      "stepsCount" : 0,
      "attachmentsCount" : 0,
      "shouldDisplayMessage" : false,
      "hasContent" : false
    } ],
    "attachments" : [ ],
    "parameters" : [ ],
    "stepsCount" : 6,
    "attachmentsCount" : 0,
    "shouldDisplayMessage" : false,
    "hasContent" : true
  },
  "afterStages" : [ ],
  "labels" : [ {
    "name" : "host",
    "value" : "fv-az341-809"
  }, {
    "name" : "thread",
    "value" : "1854@fv-az341-809.main(1)"
  }, {
    "name" : "feature",
    "value" : "Check the HomePage"
  }, {
    "name" : "story",
    "value" : "user can search XBOX"
  }, {
    "name" : "package",
    "value" : "src.test.resources.features.Check the HomePage"
  }, {
    "name" : "suite",
    "value" : "Check the HomePage"
  }, {
    "name" : "testClass",
    "value" : "user can search XBOX"
  }, {
    "name" : "framework",
    "value" : "cucumber4jvm"
  }, {
    "name" : "language",
    "value" : "java"
  }, {
    "name" : "gherkin_uri",
    "value" : "file:src/test/resources/features/Home.feature"
  }, {
    "name" : "resultFormat",
    "value" : "allure2"
  } ],
  "parameters" : [ ],
  "links" : [ ],
  "hidden" : false,
  "retry" : false,
  "extra" : {
    "severity" : "normal",
    "retries" : [ ],
    "categories" : [ {
      "name" : "Test defects",
      "matchedStatuses" : [ ],
      "flaky" : false
    } ],
    "tags" : [ ]
  },
  "source" : "a3ee3d51965e96a.json",
  "parameterValues" : [ ]
}