{
  "uid" : "b21544751acc34a0",
  "name" : "user can search XBOX",
  "fullName" : "Check the HomePage: user can search XBOX",
  "historyId" : "f37c7aeb0ba6734031469bdf22c27d88",
  "time" : {
    "start" : 1699750951738,
    "stop" : 1699750951958,
    "duration" : 220
  },
  "status" : "broken",
  "statusMessage" : "session not created: Chrome failed to start: exited normally.\n  (session not created: DevToolsActivePort file doesn't exist)\n  (The process started from chrome location /opt/google/chrome/chrome is no longer running, so ChromeDriver is assuming that Chrome has crashed.)\nBuild info: version: '3.141.59', revision: 'e82be7d358', time: '2018-11-14T08:17:03'\nSystem info: host: 'fv-az775-452', ip: '10.1.0.24', os.name: 'Linux', os.arch: 'amd64', os.version: '6.2.0-1015-azure', java.version: '11.0.21'\nDriver info: driver.version: SelenideDriver\nselenide.url: https://www.xbox.com/es-ES/\nselenide.baseUrl: http://localhost:8080\nremote stacktrace: #0 0x562db60edfb3 <unknown>\n#1 0x562db5dc14a7 <unknown>\n#2 0x562db5df4c93 <unknown>\n#3 0x562db5df110c <unknown>\n#4 0x562db5e33ac6 <unknown>\n#5 0x562db5e2a713 <unknown>\n#6 0x562db5dfd18b <unknown>\n#7 0x562db5dfdf7e <unknown>\n#8 0x562db60b38d8 <unknown>\n#9 0x562db60b7800 <unknown>\n#10 0x562db60c1cfc <unknown>\n#11 0x562db60b8418 <unknown>\n#12 0x562db608542f <unknown>\n#13 0x562db60dc4e8 <unknown>\n#14 0x562db60dc6b4 <unknown>\n#15 0x562db60ed143 <unknown>\n#16 0x7f6a82294ac3 <unknown>\n",
  "statusTrace" : "org.openqa.selenium.SessionNotCreatedException: session not created: Chrome failed to start: exited normally.\n  (session not created: DevToolsActivePort file doesn't exist)\n  (The process started from chrome location /opt/google/chrome/chrome is no longer running, so ChromeDriver is assuming that Chrome has crashed.)\nBuild info: version: '3.141.59', revision: 'e82be7d358', time: '2018-11-14T08:17:03'\nSystem info: host: 'fv-az775-452', ip: '10.1.0.24', os.name: 'Linux', os.arch: 'amd64', os.version: '6.2.0-1015-azure', java.version: '11.0.21'\nDriver info: driver.version: SelenideDriver\nselenide.url: https://www.xbox.com/es-ES/\nselenide.baseUrl: http://localhost:8080\nremote stacktrace: #0 0x562db60edfb3 <unknown>\n#1 0x562db5dc14a7 <unknown>\n#2 0x562db5df4c93 <unknown>\n#3 0x562db5df110c <unknown>\n#4 0x562db5e33ac6 <unknown>\n#5 0x562db5e2a713 <unknown>\n#6 0x562db5dfd18b <unknown>\n#7 0x562db5dfdf7e <unknown>\n#8 0x562db60b38d8 <unknown>\n#9 0x562db60b7800 <unknown>\n#10 0x562db60c1cfc <unknown>\n#11 0x562db60b8418 <unknown>\n#12 0x562db608542f <unknown>\n#13 0x562db60dc4e8 <unknown>\n#14 0x562db60dc6b4 <unknown>\n#15 0x562db60ed143 <unknown>\n#16 0x7f6a82294ac3 <unknown>\n\n\tat java.base/jdk.internal.reflect.NativeConstructorAccessorImpl.newInstance0(Native Method)\n\tat java.base/jdk.internal.reflect.NativeConstructorAccessorImpl.newInstance(NativeConstructorAccessorImpl.java:62)\n\tat java.base/jdk.internal.reflect.DelegatingConstructorAccessorImpl.newInstance(DelegatingConstructorAccessorImpl.java:45)\n\tat java.base/java.lang.reflect.Constructor.newInstance(Constructor.java:490)\n\tat org.openqa.selenium.remote.W3CHandshakeResponse.lambda$errorHandler$0(W3CHandshakeResponse.java:62)\n\tat org.openqa.selenium.remote.HandshakeResponse.lambda$getResponseFunction$0(HandshakeResponse.java:30)\n\tat org.openqa.selenium.remote.ProtocolHandshake.lambda$createSession$0(ProtocolHandshake.java:126)\n\tat java.base/java.util.stream.ReferencePipeline$3$1.accept(ReferencePipeline.java:195)\n\tat java.base/java.util.Spliterators$ArraySpliterator.tryAdvance(Spliterators.java:958)\n\tat java.base/java.util.stream.ReferencePipeline.forEachWithCancel(ReferencePipeline.java:127)\n\tat java.base/java.util.stream.AbstractPipeline.copyIntoWithCancel(AbstractPipeline.java:502)\n\tat java.base/java.util.stream.AbstractPipeline.copyInto(AbstractPipeline.java:488)\n\tat java.base/java.util.stream.AbstractPipeline.wrapAndCopyInto(AbstractPipeline.java:474)\n\tat java.base/java.util.stream.FindOps$FindOp.evaluateSequential(FindOps.java:150)\n\tat java.base/java.util.stream.AbstractPipeline.evaluate(AbstractPipeline.java:234)\n\tat java.base/java.util.stream.ReferencePipeline.findFirst(ReferencePipeline.java:543)\n\tat org.openqa.selenium.remote.ProtocolHandshake.createSession(ProtocolHandshake.java:128)\n\tat org.openqa.selenium.remote.ProtocolHandshake.createSession(ProtocolHandshake.java:74)\n\tat org.openqa.selenium.remote.HttpCommandExecutor.execute(HttpCommandExecutor.java:136)\n\tat org.openqa.selenium.remote.service.DriverCommandExecutor.execute(DriverCommandExecutor.java:83)\n\tat org.openqa.selenium.remote.RemoteWebDriver.execute(RemoteWebDriver.java:552)\n\tat org.openqa.selenium.remote.RemoteWebDriver.startSession(RemoteWebDriver.java:213)\n\tat org.openqa.selenium.remote.RemoteWebDriver.<init>(RemoteWebDriver.java:131)\n\tat org.openqa.selenium.chrome.ChromeDriver.<init>(ChromeDriver.java:181)\n\tat org.openqa.selenium.chrome.ChromeDriver.<init>(ChromeDriver.java:168)\n\tat org.openqa.selenium.chrome.ChromeDriver.<init>(ChromeDriver.java:157)\n\tat com.codeborne.selenide.webdriver.ChromeDriverFactory.create(ChromeDriverFactory.java:25)\n\tat com.codeborne.selenide.webdriver.WebDriverFactory.lambda$createWebDriver$1(WebDriverFactory.java:55)\n\tat java.base/java.util.Optional.map(Optional.java:265)\n\tat com.codeborne.selenide.webdriver.WebDriverFactory.createWebDriver(WebDriverFactory.java:55)\n\tat com.codeborne.selenide.drivercommands.CreateDriverCommand.createDriver(CreateDriverCommand.java:38)\n\tat com.codeborne.selenide.drivercommands.LazyDriver.createDriver(LazyDriver.java:93)\n\tat com.codeborne.selenide.drivercommands.LazyDriver.getAndCheckWebDriver(LazyDriver.java:87)\n\tat com.codeborne.selenide.SelenideDriver.getAndCheckWebDriver(SelenideDriver.java:147)\n\tat com.codeborne.selenide.drivercommands.Navigator.navigateTo(Navigator.java:61)\n\tat com.codeborne.selenide.drivercommands.Navigator.open(Navigator.java:24)\n\tat com.codeborne.selenide.SelenideDriver.open(SelenideDriver.java:63)\n\tat com.codeborne.selenide.Selenide.open(Selenide.java:40)\n\tat org.mouthaan.demo.steps.HomeMenus.openGoogleSearch(HomeMenus.java:33)\n\tat ✽.open browser with xbox.com(file:src/test/resources/features/HomeMenus.feature:6)\n",
  "flaky" : false,
  "beforeStages" : [ {
    "name" : "Hooks.setup()",
    "time" : {
      "start" : 1699750951739,
      "stop" : 1699750951739,
      "duration" : 0
    },
    "status" : "passed",
    "steps" : [ ],
    "attachments" : [ ],
    "parameters" : [ ],
    "stepsCount" : 0,
    "attachmentsCount" : 0,
    "shouldDisplayMessage" : false,
    "hasContent" : false
  } ],
  "testStage" : {
    "status" : "broken",
    "statusMessage" : "session not created: Chrome failed to start: exited normally.\n  (session not created: DevToolsActivePort file doesn't exist)\n  (The process started from chrome location /opt/google/chrome/chrome is no longer running, so ChromeDriver is assuming that Chrome has crashed.)\nBuild info: version: '3.141.59', revision: 'e82be7d358', time: '2018-11-14T08:17:03'\nSystem info: host: 'fv-az775-452', ip: '10.1.0.24', os.name: 'Linux', os.arch: 'amd64', os.version: '6.2.0-1015-azure', java.version: '11.0.21'\nDriver info: driver.version: SelenideDriver\nselenide.url: https://www.xbox.com/es-ES/\nselenide.baseUrl: http://localhost:8080\nremote stacktrace: #0 0x562db60edfb3 <unknown>\n#1 0x562db5dc14a7 <unknown>\n#2 0x562db5df4c93 <unknown>\n#3 0x562db5df110c <unknown>\n#4 0x562db5e33ac6 <unknown>\n#5 0x562db5e2a713 <unknown>\n#6 0x562db5dfd18b <unknown>\n#7 0x562db5dfdf7e <unknown>\n#8 0x562db60b38d8 <unknown>\n#9 0x562db60b7800 <unknown>\n#10 0x562db60c1cfc <unknown>\n#11 0x562db60b8418 <unknown>\n#12 0x562db608542f <unknown>\n#13 0x562db60dc4e8 <unknown>\n#14 0x562db60dc6b4 <unknown>\n#15 0x562db60ed143 <unknown>\n#16 0x7f6a82294ac3 <unknown>\n",
    "statusTrace" : "org.openqa.selenium.SessionNotCreatedException: session not created: Chrome failed to start: exited normally.\n  (session not created: DevToolsActivePort file doesn't exist)\n  (The process started from chrome location /opt/google/chrome/chrome is no longer running, so ChromeDriver is assuming that Chrome has crashed.)\nBuild info: version: '3.141.59', revision: 'e82be7d358', time: '2018-11-14T08:17:03'\nSystem info: host: 'fv-az775-452', ip: '10.1.0.24', os.name: 'Linux', os.arch: 'amd64', os.version: '6.2.0-1015-azure', java.version: '11.0.21'\nDriver info: driver.version: SelenideDriver\nselenide.url: https://www.xbox.com/es-ES/\nselenide.baseUrl: http://localhost:8080\nremote stacktrace: #0 0x562db60edfb3 <unknown>\n#1 0x562db5dc14a7 <unknown>\n#2 0x562db5df4c93 <unknown>\n#3 0x562db5df110c <unknown>\n#4 0x562db5e33ac6 <unknown>\n#5 0x562db5e2a713 <unknown>\n#6 0x562db5dfd18b <unknown>\n#7 0x562db5dfdf7e <unknown>\n#8 0x562db60b38d8 <unknown>\n#9 0x562db60b7800 <unknown>\n#10 0x562db60c1cfc <unknown>\n#11 0x562db60b8418 <unknown>\n#12 0x562db608542f <unknown>\n#13 0x562db60dc4e8 <unknown>\n#14 0x562db60dc6b4 <unknown>\n#15 0x562db60ed143 <unknown>\n#16 0x7f6a82294ac3 <unknown>\n\n\tat java.base/jdk.internal.reflect.NativeConstructorAccessorImpl.newInstance0(Native Method)\n\tat java.base/jdk.internal.reflect.NativeConstructorAccessorImpl.newInstance(NativeConstructorAccessorImpl.java:62)\n\tat java.base/jdk.internal.reflect.DelegatingConstructorAccessorImpl.newInstance(DelegatingConstructorAccessorImpl.java:45)\n\tat java.base/java.lang.reflect.Constructor.newInstance(Constructor.java:490)\n\tat org.openqa.selenium.remote.W3CHandshakeResponse.lambda$errorHandler$0(W3CHandshakeResponse.java:62)\n\tat org.openqa.selenium.remote.HandshakeResponse.lambda$getResponseFunction$0(HandshakeResponse.java:30)\n\tat org.openqa.selenium.remote.ProtocolHandshake.lambda$createSession$0(ProtocolHandshake.java:126)\n\tat java.base/java.util.stream.ReferencePipeline$3$1.accept(ReferencePipeline.java:195)\n\tat java.base/java.util.Spliterators$ArraySpliterator.tryAdvance(Spliterators.java:958)\n\tat java.base/java.util.stream.ReferencePipeline.forEachWithCancel(ReferencePipeline.java:127)\n\tat java.base/java.util.stream.AbstractPipeline.copyIntoWithCancel(AbstractPipeline.java:502)\n\tat java.base/java.util.stream.AbstractPipeline.copyInto(AbstractPipeline.java:488)\n\tat java.base/java.util.stream.AbstractPipeline.wrapAndCopyInto(AbstractPipeline.java:474)\n\tat java.base/java.util.stream.FindOps$FindOp.evaluateSequential(FindOps.java:150)\n\tat java.base/java.util.stream.AbstractPipeline.evaluate(AbstractPipeline.java:234)\n\tat java.base/java.util.stream.ReferencePipeline.findFirst(ReferencePipeline.java:543)\n\tat org.openqa.selenium.remote.ProtocolHandshake.createSession(ProtocolHandshake.java:128)\n\tat org.openqa.selenium.remote.ProtocolHandshake.createSession(ProtocolHandshake.java:74)\n\tat org.openqa.selenium.remote.HttpCommandExecutor.execute(HttpCommandExecutor.java:136)\n\tat org.openqa.selenium.remote.service.DriverCommandExecutor.execute(DriverCommandExecutor.java:83)\n\tat org.openqa.selenium.remote.RemoteWebDriver.execute(RemoteWebDriver.java:552)\n\tat org.openqa.selenium.remote.RemoteWebDriver.startSession(RemoteWebDriver.java:213)\n\tat org.openqa.selenium.remote.RemoteWebDriver.<init>(RemoteWebDriver.java:131)\n\tat org.openqa.selenium.chrome.ChromeDriver.<init>(ChromeDriver.java:181)\n\tat org.openqa.selenium.chrome.ChromeDriver.<init>(ChromeDriver.java:168)\n\tat org.openqa.selenium.chrome.ChromeDriver.<init>(ChromeDriver.java:157)\n\tat com.codeborne.selenide.webdriver.ChromeDriverFactory.create(ChromeDriverFactory.java:25)\n\tat com.codeborne.selenide.webdriver.WebDriverFactory.lambda$createWebDriver$1(WebDriverFactory.java:55)\n\tat java.base/java.util.Optional.map(Optional.java:265)\n\tat com.codeborne.selenide.webdriver.WebDriverFactory.createWebDriver(WebDriverFactory.java:55)\n\tat com.codeborne.selenide.drivercommands.CreateDriverCommand.createDriver(CreateDriverCommand.java:38)\n\tat com.codeborne.selenide.drivercommands.LazyDriver.createDriver(LazyDriver.java:93)\n\tat com.codeborne.selenide.drivercommands.LazyDriver.getAndCheckWebDriver(LazyDriver.java:87)\n\tat com.codeborne.selenide.SelenideDriver.getAndCheckWebDriver(SelenideDriver.java:147)\n\tat com.codeborne.selenide.drivercommands.Navigator.navigateTo(Navigator.java:61)\n\tat com.codeborne.selenide.drivercommands.Navigator.open(Navigator.java:24)\n\tat com.codeborne.selenide.SelenideDriver.open(SelenideDriver.java:63)\n\tat com.codeborne.selenide.Selenide.open(Selenide.java:40)\n\tat org.mouthaan.demo.steps.HomeMenus.openGoogleSearch(HomeMenus.java:33)\n\tat ✽.open browser with xbox.com(file:src/test/resources/features/HomeMenus.feature:6)\n",
    "steps" : [ {
      "name" : "Given  open browser with xbox.com",
      "time" : {
        "start" : 1699750951739,
        "stop" : 1699750951953,
        "duration" : 214
      },
      "status" : "broken",
      "statusMessage" : "session not created: Chrome failed to start: exited normally.\n  (session not created: DevToolsActivePort file doesn't exist)\n  (The process started from chrome location /opt/google/chrome/chrome is no longer running, so ChromeDriver is assuming that Chrome has crashed.)\nBuild info: version: '3.141.59', revision: 'e82be7d358', time: '2018-11-14T08:17:03'\nSystem info: host: 'fv-az775-452', ip: '10.1.0.24', os.name: 'Linux', os.arch: 'amd64', os.version: '6.2.0-1015-azure', java.version: '11.0.21'\nDriver info: driver.version: SelenideDriver\nselenide.url: https://www.xbox.com/es-ES/\nselenide.baseUrl: http://localhost:8080\nremote stacktrace: #0 0x562db60edfb3 <unknown>\n#1 0x562db5dc14a7 <unknown>\n#2 0x562db5df4c93 <unknown>\n#3 0x562db5df110c <unknown>\n#4 0x562db5e33ac6 <unknown>\n#5 0x562db5e2a713 <unknown>\n#6 0x562db5dfd18b <unknown>\n#7 0x562db5dfdf7e <unknown>\n#8 0x562db60b38d8 <unknown>\n#9 0x562db60b7800 <unknown>\n#10 0x562db60c1cfc <unknown>\n#11 0x562db60b8418 <unknown>\n#12 0x562db608542f <unknown>\n#13 0x562db60dc4e8 <unknown>\n#14 0x562db60dc6b4 <unknown>\n#15 0x562db60ed143 <unknown>\n#16 0x7f6a82294ac3 <unknown>\n",
      "statusTrace" : "org.openqa.selenium.SessionNotCreatedException: session not created: Chrome failed to start: exited normally.\n  (session not created: DevToolsActivePort file doesn't exist)\n  (The process started from chrome location /opt/google/chrome/chrome is no longer running, so ChromeDriver is assuming that Chrome has crashed.)\nBuild info: version: '3.141.59', revision: 'e82be7d358', time: '2018-11-14T08:17:03'\nSystem info: host: 'fv-az775-452', ip: '10.1.0.24', os.name: 'Linux', os.arch: 'amd64', os.version: '6.2.0-1015-azure', java.version: '11.0.21'\nDriver info: driver.version: SelenideDriver\nselenide.url: https://www.xbox.com/es-ES/\nselenide.baseUrl: http://localhost:8080\nremote stacktrace: #0 0x562db60edfb3 <unknown>\n#1 0x562db5dc14a7 <unknown>\n#2 0x562db5df4c93 <unknown>\n#3 0x562db5df110c <unknown>\n#4 0x562db5e33ac6 <unknown>\n#5 0x562db5e2a713 <unknown>\n#6 0x562db5dfd18b <unknown>\n#7 0x562db5dfdf7e <unknown>\n#8 0x562db60b38d8 <unknown>\n#9 0x562db60b7800 <unknown>\n#10 0x562db60c1cfc <unknown>\n#11 0x562db60b8418 <unknown>\n#12 0x562db608542f <unknown>\n#13 0x562db60dc4e8 <unknown>\n#14 0x562db60dc6b4 <unknown>\n#15 0x562db60ed143 <unknown>\n#16 0x7f6a82294ac3 <unknown>\n\n\tat java.base/jdk.internal.reflect.NativeConstructorAccessorImpl.newInstance0(Native Method)\n\tat java.base/jdk.internal.reflect.NativeConstructorAccessorImpl.newInstance(NativeConstructorAccessorImpl.java:62)\n\tat java.base/jdk.internal.reflect.DelegatingConstructorAccessorImpl.newInstance(DelegatingConstructorAccessorImpl.java:45)\n\tat java.base/java.lang.reflect.Constructor.newInstance(Constructor.java:490)\n\tat org.openqa.selenium.remote.W3CHandshakeResponse.lambda$errorHandler$0(W3CHandshakeResponse.java:62)\n\tat org.openqa.selenium.remote.HandshakeResponse.lambda$getResponseFunction$0(HandshakeResponse.java:30)\n\tat org.openqa.selenium.remote.ProtocolHandshake.lambda$createSession$0(ProtocolHandshake.java:126)\n\tat java.base/java.util.stream.ReferencePipeline$3$1.accept(ReferencePipeline.java:195)\n\tat java.base/java.util.Spliterators$ArraySpliterator.tryAdvance(Spliterators.java:958)\n\tat java.base/java.util.stream.ReferencePipeline.forEachWithCancel(ReferencePipeline.java:127)\n\tat java.base/java.util.stream.AbstractPipeline.copyIntoWithCancel(AbstractPipeline.java:502)\n\tat java.base/java.util.stream.AbstractPipeline.copyInto(AbstractPipeline.java:488)\n\tat java.base/java.util.stream.AbstractPipeline.wrapAndCopyInto(AbstractPipeline.java:474)\n\tat java.base/java.util.stream.FindOps$FindOp.evaluateSequential(FindOps.java:150)\n\tat java.base/java.util.stream.AbstractPipeline.evaluate(AbstractPipeline.java:234)\n\tat java.base/java.util.stream.ReferencePipeline.findFirst(ReferencePipeline.java:543)\n\tat org.openqa.selenium.remote.ProtocolHandshake.createSession(ProtocolHandshake.java:128)\n\tat org.openqa.selenium.remote.ProtocolHandshake.createSession(ProtocolHandshake.java:74)\n\tat org.openqa.selenium.remote.HttpCommandExecutor.execute(HttpCommandExecutor.java:136)\n\tat org.openqa.selenium.remote.service.DriverCommandExecutor.execute(DriverCommandExecutor.java:83)\n\tat org.openqa.selenium.remote.RemoteWebDriver.execute(RemoteWebDriver.java:552)\n\tat org.openqa.selenium.remote.RemoteWebDriver.startSession(RemoteWebDriver.java:213)\n\tat org.openqa.selenium.remote.RemoteWebDriver.<init>(RemoteWebDriver.java:131)\n\tat org.openqa.selenium.chrome.ChromeDriver.<init>(ChromeDriver.java:181)\n\tat org.openqa.selenium.chrome.ChromeDriver.<init>(ChromeDriver.java:168)\n\tat org.openqa.selenium.chrome.ChromeDriver.<init>(ChromeDriver.java:157)\n\tat com.codeborne.selenide.webdriver.ChromeDriverFactory.create(ChromeDriverFactory.java:25)\n\tat com.codeborne.selenide.webdriver.WebDriverFactory.lambda$createWebDriver$1(WebDriverFactory.java:55)\n\tat java.base/java.util.Optional.map(Optional.java:265)\n\tat com.codeborne.selenide.webdriver.WebDriverFactory.createWebDriver(WebDriverFactory.java:55)\n\tat com.codeborne.selenide.drivercommands.CreateDriverCommand.createDriver(CreateDriverCommand.java:38)\n\tat com.codeborne.selenide.drivercommands.LazyDriver.createDriver(LazyDriver.java:93)\n\tat com.codeborne.selenide.drivercommands.LazyDriver.getAndCheckWebDriver(LazyDriver.java:87)\n\tat com.codeborne.selenide.SelenideDriver.getAndCheckWebDriver(SelenideDriver.java:147)\n\tat com.codeborne.selenide.drivercommands.Navigator.navigateTo(Navigator.java:61)\n\tat com.codeborne.selenide.drivercommands.Navigator.open(Navigator.java:24)\n\tat com.codeborne.selenide.SelenideDriver.open(SelenideDriver.java:63)\n\tat com.codeborne.selenide.Selenide.open(Selenide.java:40)\n\tat org.mouthaan.demo.steps.HomeMenus.openGoogleSearch(HomeMenus.java:33)\n\tat ✽.open browser with xbox.com(file:src/test/resources/features/HomeMenus.feature:6)\n",
      "steps" : [ {
        "name" : "$(open) https://www.xbox.com/es-ES/",
        "time" : {
          "start" : 1699750951817
        },
        "status" : "unknown",
        "steps" : [ ],
        "attachments" : [ ],
        "parameters" : [ ],
        "stepsCount" : 0,
        "attachmentsCount" : 0,
        "shouldDisplayMessage" : false,
        "hasContent" : false
      } ],
      "attachments" : [ ],
      "parameters" : [ ],
      "stepsCount" : 1,
      "attachmentsCount" : 0,
      "shouldDisplayMessage" : true,
      "hasContent" : true
    }, {
      "name" : "When  Navigate to Menu1",
      "time" : {
        "start" : 1699750951953,
        "stop" : 1699750951953,
        "duration" : 0
      },
      "status" : "skipped",
      "steps" : [ ],
      "attachments" : [ ],
      "parameters" : [ ],
      "stepsCount" : 0,
      "attachmentsCount" : 0,
      "shouldDisplayMessage" : false,
      "hasContent" : false
    }, {
      "name" : "Then  Click on accessories1",
      "time" : {
        "start" : 1699750951953,
        "stop" : 1699750951954,
        "duration" : 1
      },
      "status" : "skipped",
      "steps" : [ ],
      "attachments" : [ ],
      "parameters" : [ ],
      "stepsCount" : 0,
      "attachmentsCount" : 0,
      "shouldDisplayMessage" : false,
      "hasContent" : false
    }, {
      "name" : "Then  Close popup and check Title1",
      "time" : {
        "start" : 1699750951954,
        "stop" : 1699750951954,
        "duration" : 0
      },
      "status" : "skipped",
      "steps" : [ ],
      "attachments" : [ ],
      "parameters" : [ ],
      "stepsCount" : 0,
      "attachmentsCount" : 0,
      "shouldDisplayMessage" : false,
      "hasContent" : false
    }, {
      "name" : "Then  Check the first image1",
      "time" : {
        "start" : 1699750951954,
        "stop" : 1699750951954,
        "duration" : 0
      },
      "status" : "skipped",
      "steps" : [ ],
      "attachments" : [ ],
      "parameters" : [ ],
      "stepsCount" : 0,
      "attachmentsCount" : 0,
      "shouldDisplayMessage" : false,
      "hasContent" : false
    }, {
      "name" : "Then  looking \"fallout 76\"",
      "time" : {
        "start" : 1699750951955,
        "stop" : 1699750951955,
        "duration" : 0
      },
      "status" : "skipped",
      "steps" : [ ],
      "attachments" : [ ],
      "parameters" : [ ],
      "stepsCount" : 0,
      "attachmentsCount" : 0,
      "shouldDisplayMessage" : false,
      "hasContent" : false
    }, {
      "name" : "Then  navigate to games and swipe element",
      "time" : {
        "start" : 1699750951955,
        "stop" : 1699750951955,
        "duration" : 0
      },
      "status" : "skipped",
      "steps" : [ ],
      "attachments" : [ ],
      "parameters" : [ ],
      "stepsCount" : 0,
      "attachmentsCount" : 0,
      "shouldDisplayMessage" : false,
      "hasContent" : false
    }, {
      "name" : "Then  search the name \"fallout\"",
      "time" : {
        "start" : 1699750951955,
        "stop" : 1699750951956,
        "duration" : 1
      },
      "status" : "skipped",
      "steps" : [ ],
      "attachments" : [ ],
      "parameters" : [ ],
      "stepsCount" : 0,
      "attachmentsCount" : 0,
      "shouldDisplayMessage" : false,
      "hasContent" : false
    }, {
      "name" : "Then  search the game \"Good Job\"",
      "time" : {
        "start" : 1699750951956,
        "stop" : 1699750951956,
        "duration" : 0
      },
      "status" : "skipped",
      "steps" : [ ],
      "attachments" : [ ],
      "parameters" : [ ],
      "stepsCount" : 0,
      "attachmentsCount" : 0,
      "shouldDisplayMessage" : false,
      "hasContent" : false
    } ],
    "attachments" : [ ],
    "parameters" : [ ],
    "stepsCount" : 10,
    "attachmentsCount" : 0,
    "shouldDisplayMessage" : false,
    "hasContent" : true
  },
  "afterStages" : [ ],
  "labels" : [ {
    "name" : "host",
    "value" : "fv-az775-452"
  }, {
    "name" : "thread",
    "value" : "1962@fv-az775-452.main(1)"
  }, {
    "name" : "feature",
    "value" : "Check the HomePage"
  }, {
    "name" : "story",
    "value" : "user can search XBOX"
  }, {
    "name" : "package",
    "value" : "src.test.resources.features.Check the HomePage"
  }, {
    "name" : "suite",
    "value" : "Check the HomePage"
  }, {
    "name" : "testClass",
    "value" : "user can search XBOX"
  }, {
    "name" : "framework",
    "value" : "cucumber4jvm"
  }, {
    "name" : "language",
    "value" : "java"
  }, {
    "name" : "gherkin_uri",
    "value" : "file:src/test/resources/features/HomeMenus.feature"
  }, {
    "name" : "resultFormat",
    "value" : "allure2"
  } ],
  "parameters" : [ ],
  "links" : [ ],
  "hidden" : false,
  "retry" : false,
  "extra" : {
    "severity" : "normal",
    "retries" : [ ],
    "categories" : [ {
      "name" : "Test defects",
      "matchedStatuses" : [ ],
      "flaky" : false
    } ],
    "tags" : [ ]
  },
  "source" : "b21544751acc34a0.json",
  "parameterValues" : [ ]
}