{
  "uid" : "bc63bacbb926d172",
  "name" : "user can search XBOX",
  "fullName" : "Check the HomePage: user can search XBOX",
  "historyId" : "c14456994e89ba8afdd0e986861615c9",
  "time" : {
    "start" : 1705799165507,
    "stop" : 1705799171708,
    "duration" : 6201
  },
  "status" : "broken",
  "statusMessage" : "session not created: Chrome failed to start: exited normally.\n  (session not created: DevToolsActivePort file doesn't exist)\n  (The process started from chrome location /opt/google/chrome/chrome is no longer running, so ChromeDriver is assuming that Chrome has crashed.)\nBuild info: version: '3.141.59', revision: 'e82be7d358', time: '2018-11-14T08:17:03'\nSystem info: host: 'fv-az1016-585', ip: '10.1.0.109', os.name: 'Linux', os.arch: 'amd64', os.version: '6.2.0-1018-azure', java.version: '11.0.21'\nDriver info: driver.version: SelenideDriver\nselenide.url: https://google.es\nselenide.baseUrl: http://localhost:8080\nremote stacktrace: #0 0x55e3e5722f83 <unknown>\n#1 0x55e3e53dbcf7 <unknown>\n#2 0x55e3e541360e <unknown>\n#3 0x55e3e541026e <unknown>\n#4 0x55e3e546080c <unknown>\n#5 0x55e3e5454e53 <unknown>\n#6 0x55e3e541cdd4 <unknown>\n#7 0x55e3e541e1de <unknown>\n#8 0x55e3e56e7531 <unknown>\n#9 0x55e3e56eb455 <unknown>\n#10 0x55e3e56d3f55 <unknown>\n#11 0x55e3e56ec0ef <unknown>\n#12 0x55e3e56b799f <unknown>\n#13 0x55e3e5710008 <unknown>\n#14 0x55e3e57101d7 <unknown>\n#15 0x55e3e5722124 <unknown>\n#16 0x7f8d20294ac3 <unknown>\n",
  "statusTrace" : "org.openqa.selenium.SessionNotCreatedException: session not created: Chrome failed to start: exited normally.\n  (session not created: DevToolsActivePort file doesn't exist)\n  (The process started from chrome location /opt/google/chrome/chrome is no longer running, so ChromeDriver is assuming that Chrome has crashed.)\nBuild info: version: '3.141.59', revision: 'e82be7d358', time: '2018-11-14T08:17:03'\nSystem info: host: 'fv-az1016-585', ip: '10.1.0.109', os.name: 'Linux', os.arch: 'amd64', os.version: '6.2.0-1018-azure', java.version: '11.0.21'\nDriver info: driver.version: SelenideDriver\nselenide.url: https://google.es\nselenide.baseUrl: http://localhost:8080\nremote stacktrace: #0 0x55e3e5722f83 <unknown>\n#1 0x55e3e53dbcf7 <unknown>\n#2 0x55e3e541360e <unknown>\n#3 0x55e3e541026e <unknown>\n#4 0x55e3e546080c <unknown>\n#5 0x55e3e5454e53 <unknown>\n#6 0x55e3e541cdd4 <unknown>\n#7 0x55e3e541e1de <unknown>\n#8 0x55e3e56e7531 <unknown>\n#9 0x55e3e56eb455 <unknown>\n#10 0x55e3e56d3f55 <unknown>\n#11 0x55e3e56ec0ef <unknown>\n#12 0x55e3e56b799f <unknown>\n#13 0x55e3e5710008 <unknown>\n#14 0x55e3e57101d7 <unknown>\n#15 0x55e3e5722124 <unknown>\n#16 0x7f8d20294ac3 <unknown>\n\n\tat java.base/jdk.internal.reflect.NativeConstructorAccessorImpl.newInstance0(Native Method)\n\tat java.base/jdk.internal.reflect.NativeConstructorAccessorImpl.newInstance(NativeConstructorAccessorImpl.java:62)\n\tat java.base/jdk.internal.reflect.DelegatingConstructorAccessorImpl.newInstance(DelegatingConstructorAccessorImpl.java:45)\n\tat java.base/java.lang.reflect.Constructor.newInstance(Constructor.java:490)\n\tat org.openqa.selenium.remote.W3CHandshakeResponse.lambda$errorHandler$0(W3CHandshakeResponse.java:62)\n\tat org.openqa.selenium.remote.HandshakeResponse.lambda$getResponseFunction$0(HandshakeResponse.java:30)\n\tat org.openqa.selenium.remote.ProtocolHandshake.lambda$createSession$0(ProtocolHandshake.java:126)\n\tat java.base/java.util.stream.ReferencePipeline$3$1.accept(ReferencePipeline.java:195)\n\tat java.base/java.util.Spliterators$ArraySpliterator.tryAdvance(Spliterators.java:958)\n\tat java.base/java.util.stream.ReferencePipeline.forEachWithCancel(ReferencePipeline.java:127)\n\tat java.base/java.util.stream.AbstractPipeline.copyIntoWithCancel(AbstractPipeline.java:502)\n\tat java.base/java.util.stream.AbstractPipeline.copyInto(AbstractPipeline.java:488)\n\tat java.base/java.util.stream.AbstractPipeline.wrapAndCopyInto(AbstractPipeline.java:474)\n\tat java.base/java.util.stream.FindOps$FindOp.evaluateSequential(FindOps.java:150)\n\tat java.base/java.util.stream.AbstractPipeline.evaluate(AbstractPipeline.java:234)\n\tat java.base/java.util.stream.ReferencePipeline.findFirst(ReferencePipeline.java:543)\n\tat org.openqa.selenium.remote.ProtocolHandshake.createSession(ProtocolHandshake.java:128)\n\tat org.openqa.selenium.remote.ProtocolHandshake.createSession(ProtocolHandshake.java:74)\n\tat org.openqa.selenium.remote.HttpCommandExecutor.execute(HttpCommandExecutor.java:136)\n\tat org.openqa.selenium.remote.service.DriverCommandExecutor.execute(DriverCommandExecutor.java:83)\n\tat org.openqa.selenium.remote.RemoteWebDriver.execute(RemoteWebDriver.java:552)\n\tat org.openqa.selenium.remote.RemoteWebDriver.startSession(RemoteWebDriver.java:213)\n\tat org.openqa.selenium.remote.RemoteWebDriver.<init>(RemoteWebDriver.java:131)\n\tat org.openqa.selenium.chrome.ChromeDriver.<init>(ChromeDriver.java:181)\n\tat org.openqa.selenium.chrome.ChromeDriver.<init>(ChromeDriver.java:168)\n\tat org.openqa.selenium.chrome.ChromeDriver.<init>(ChromeDriver.java:157)\n\tat com.codeborne.selenide.webdriver.ChromeDriverFactory.create(ChromeDriverFactory.java:25)\n\tat com.codeborne.selenide.webdriver.WebDriverFactory.lambda$createWebDriver$1(WebDriverFactory.java:55)\n\tat java.base/java.util.Optional.map(Optional.java:265)\n\tat com.codeborne.selenide.webdriver.WebDriverFactory.createWebDriver(WebDriverFactory.java:55)\n\tat com.codeborne.selenide.drivercommands.CreateDriverCommand.createDriver(CreateDriverCommand.java:38)\n\tat com.codeborne.selenide.drivercommands.LazyDriver.createDriver(LazyDriver.java:93)\n\tat com.codeborne.selenide.drivercommands.LazyDriver.getAndCheckWebDriver(LazyDriver.java:87)\n\tat com.codeborne.selenide.SelenideDriver.getAndCheckWebDriver(SelenideDriver.java:147)\n\tat com.codeborne.selenide.drivercommands.Navigator.navigateTo(Navigator.java:61)\n\tat com.codeborne.selenide.drivercommands.Navigator.open(Navigator.java:24)\n\tat com.codeborne.selenide.SelenideDriver.open(SelenideDriver.java:63)\n\tat com.codeborne.selenide.Selenide.open(Selenide.java:40)\n\tat org.mouthaan.demo.steps.Home.openGoogleSearch(Home.java:38)\n\tat ✽.an open browser with google.com(file:src/test/resources/features/Home.feature:6)\n",
  "flaky" : false,
  "beforeStages" : [ {
    "name" : "Hooks.setup()",
    "time" : {
      "start" : 1705799165510,
      "stop" : 1705799165528,
      "duration" : 18
    },
    "status" : "passed",
    "steps" : [ ],
    "attachments" : [ ],
    "parameters" : [ ],
    "stepsCount" : 0,
    "attachmentsCount" : 0,
    "shouldDisplayMessage" : false,
    "hasContent" : false
  } ],
  "testStage" : {
    "status" : "broken",
    "statusMessage" : "session not created: Chrome failed to start: exited normally.\n  (session not created: DevToolsActivePort file doesn't exist)\n  (The process started from chrome location /opt/google/chrome/chrome is no longer running, so ChromeDriver is assuming that Chrome has crashed.)\nBuild info: version: '3.141.59', revision: 'e82be7d358', time: '2018-11-14T08:17:03'\nSystem info: host: 'fv-az1016-585', ip: '10.1.0.109', os.name: 'Linux', os.arch: 'amd64', os.version: '6.2.0-1018-azure', java.version: '11.0.21'\nDriver info: driver.version: SelenideDriver\nselenide.url: https://google.es\nselenide.baseUrl: http://localhost:8080\nremote stacktrace: #0 0x55e3e5722f83 <unknown>\n#1 0x55e3e53dbcf7 <unknown>\n#2 0x55e3e541360e <unknown>\n#3 0x55e3e541026e <unknown>\n#4 0x55e3e546080c <unknown>\n#5 0x55e3e5454e53 <unknown>\n#6 0x55e3e541cdd4 <unknown>\n#7 0x55e3e541e1de <unknown>\n#8 0x55e3e56e7531 <unknown>\n#9 0x55e3e56eb455 <unknown>\n#10 0x55e3e56d3f55 <unknown>\n#11 0x55e3e56ec0ef <unknown>\n#12 0x55e3e56b799f <unknown>\n#13 0x55e3e5710008 <unknown>\n#14 0x55e3e57101d7 <unknown>\n#15 0x55e3e5722124 <unknown>\n#16 0x7f8d20294ac3 <unknown>\n",
    "statusTrace" : "org.openqa.selenium.SessionNotCreatedException: session not created: Chrome failed to start: exited normally.\n  (session not created: DevToolsActivePort file doesn't exist)\n  (The process started from chrome location /opt/google/chrome/chrome is no longer running, so ChromeDriver is assuming that Chrome has crashed.)\nBuild info: version: '3.141.59', revision: 'e82be7d358', time: '2018-11-14T08:17:03'\nSystem info: host: 'fv-az1016-585', ip: '10.1.0.109', os.name: 'Linux', os.arch: 'amd64', os.version: '6.2.0-1018-azure', java.version: '11.0.21'\nDriver info: driver.version: SelenideDriver\nselenide.url: https://google.es\nselenide.baseUrl: http://localhost:8080\nremote stacktrace: #0 0x55e3e5722f83 <unknown>\n#1 0x55e3e53dbcf7 <unknown>\n#2 0x55e3e541360e <unknown>\n#3 0x55e3e541026e <unknown>\n#4 0x55e3e546080c <unknown>\n#5 0x55e3e5454e53 <unknown>\n#6 0x55e3e541cdd4 <unknown>\n#7 0x55e3e541e1de <unknown>\n#8 0x55e3e56e7531 <unknown>\n#9 0x55e3e56eb455 <unknown>\n#10 0x55e3e56d3f55 <unknown>\n#11 0x55e3e56ec0ef <unknown>\n#12 0x55e3e56b799f <unknown>\n#13 0x55e3e5710008 <unknown>\n#14 0x55e3e57101d7 <unknown>\n#15 0x55e3e5722124 <unknown>\n#16 0x7f8d20294ac3 <unknown>\n\n\tat java.base/jdk.internal.reflect.NativeConstructorAccessorImpl.newInstance0(Native Method)\n\tat java.base/jdk.internal.reflect.NativeConstructorAccessorImpl.newInstance(NativeConstructorAccessorImpl.java:62)\n\tat java.base/jdk.internal.reflect.DelegatingConstructorAccessorImpl.newInstance(DelegatingConstructorAccessorImpl.java:45)\n\tat java.base/java.lang.reflect.Constructor.newInstance(Constructor.java:490)\n\tat org.openqa.selenium.remote.W3CHandshakeResponse.lambda$errorHandler$0(W3CHandshakeResponse.java:62)\n\tat org.openqa.selenium.remote.HandshakeResponse.lambda$getResponseFunction$0(HandshakeResponse.java:30)\n\tat org.openqa.selenium.remote.ProtocolHandshake.lambda$createSession$0(ProtocolHandshake.java:126)\n\tat java.base/java.util.stream.ReferencePipeline$3$1.accept(ReferencePipeline.java:195)\n\tat java.base/java.util.Spliterators$ArraySpliterator.tryAdvance(Spliterators.java:958)\n\tat java.base/java.util.stream.ReferencePipeline.forEachWithCancel(ReferencePipeline.java:127)\n\tat java.base/java.util.stream.AbstractPipeline.copyIntoWithCancel(AbstractPipeline.java:502)\n\tat java.base/java.util.stream.AbstractPipeline.copyInto(AbstractPipeline.java:488)\n\tat java.base/java.util.stream.AbstractPipeline.wrapAndCopyInto(AbstractPipeline.java:474)\n\tat java.base/java.util.stream.FindOps$FindOp.evaluateSequential(FindOps.java:150)\n\tat java.base/java.util.stream.AbstractPipeline.evaluate(AbstractPipeline.java:234)\n\tat java.base/java.util.stream.ReferencePipeline.findFirst(ReferencePipeline.java:543)\n\tat org.openqa.selenium.remote.ProtocolHandshake.createSession(ProtocolHandshake.java:128)\n\tat org.openqa.selenium.remote.ProtocolHandshake.createSession(ProtocolHandshake.java:74)\n\tat org.openqa.selenium.remote.HttpCommandExecutor.execute(HttpCommandExecutor.java:136)\n\tat org.openqa.selenium.remote.service.DriverCommandExecutor.execute(DriverCommandExecutor.java:83)\n\tat org.openqa.selenium.remote.RemoteWebDriver.execute(RemoteWebDriver.java:552)\n\tat org.openqa.selenium.remote.RemoteWebDriver.startSession(RemoteWebDriver.java:213)\n\tat org.openqa.selenium.remote.RemoteWebDriver.<init>(RemoteWebDriver.java:131)\n\tat org.openqa.selenium.chrome.ChromeDriver.<init>(ChromeDriver.java:181)\n\tat org.openqa.selenium.chrome.ChromeDriver.<init>(ChromeDriver.java:168)\n\tat org.openqa.selenium.chrome.ChromeDriver.<init>(ChromeDriver.java:157)\n\tat com.codeborne.selenide.webdriver.ChromeDriverFactory.create(ChromeDriverFactory.java:25)\n\tat com.codeborne.selenide.webdriver.WebDriverFactory.lambda$createWebDriver$1(WebDriverFactory.java:55)\n\tat java.base/java.util.Optional.map(Optional.java:265)\n\tat com.codeborne.selenide.webdriver.WebDriverFactory.createWebDriver(WebDriverFactory.java:55)\n\tat com.codeborne.selenide.drivercommands.CreateDriverCommand.createDriver(CreateDriverCommand.java:38)\n\tat com.codeborne.selenide.drivercommands.LazyDriver.createDriver(LazyDriver.java:93)\n\tat com.codeborne.selenide.drivercommands.LazyDriver.getAndCheckWebDriver(LazyDriver.java:87)\n\tat com.codeborne.selenide.SelenideDriver.getAndCheckWebDriver(SelenideDriver.java:147)\n\tat com.codeborne.selenide.drivercommands.Navigator.navigateTo(Navigator.java:61)\n\tat com.codeborne.selenide.drivercommands.Navigator.open(Navigator.java:24)\n\tat com.codeborne.selenide.SelenideDriver.open(SelenideDriver.java:63)\n\tat com.codeborne.selenide.Selenide.open(Selenide.java:40)\n\tat org.mouthaan.demo.steps.Home.openGoogleSearch(Home.java:38)\n\tat ✽.an open browser with google.com(file:src/test/resources/features/Home.feature:6)\n",
    "steps" : [ {
      "name" : "Given  an open browser with google.com",
      "time" : {
        "start" : 1705799165530,
        "stop" : 1705799171695,
        "duration" : 6165
      },
      "status" : "broken",
      "statusMessage" : "session not created: Chrome failed to start: exited normally.\n  (session not created: DevToolsActivePort file doesn't exist)\n  (The process started from chrome location /opt/google/chrome/chrome is no longer running, so ChromeDriver is assuming that Chrome has crashed.)\nBuild info: version: '3.141.59', revision: 'e82be7d358', time: '2018-11-14T08:17:03'\nSystem info: host: 'fv-az1016-585', ip: '10.1.0.109', os.name: 'Linux', os.arch: 'amd64', os.version: '6.2.0-1018-azure', java.version: '11.0.21'\nDriver info: driver.version: SelenideDriver\nselenide.url: https://google.es\nselenide.baseUrl: http://localhost:8080\nremote stacktrace: #0 0x55e3e5722f83 <unknown>\n#1 0x55e3e53dbcf7 <unknown>\n#2 0x55e3e541360e <unknown>\n#3 0x55e3e541026e <unknown>\n#4 0x55e3e546080c <unknown>\n#5 0x55e3e5454e53 <unknown>\n#6 0x55e3e541cdd4 <unknown>\n#7 0x55e3e541e1de <unknown>\n#8 0x55e3e56e7531 <unknown>\n#9 0x55e3e56eb455 <unknown>\n#10 0x55e3e56d3f55 <unknown>\n#11 0x55e3e56ec0ef <unknown>\n#12 0x55e3e56b799f <unknown>\n#13 0x55e3e5710008 <unknown>\n#14 0x55e3e57101d7 <unknown>\n#15 0x55e3e5722124 <unknown>\n#16 0x7f8d20294ac3 <unknown>\n",
      "statusTrace" : "org.openqa.selenium.SessionNotCreatedException: session not created: Chrome failed to start: exited normally.\n  (session not created: DevToolsActivePort file doesn't exist)\n  (The process started from chrome location /opt/google/chrome/chrome is no longer running, so ChromeDriver is assuming that Chrome has crashed.)\nBuild info: version: '3.141.59', revision: 'e82be7d358', time: '2018-11-14T08:17:03'\nSystem info: host: 'fv-az1016-585', ip: '10.1.0.109', os.name: 'Linux', os.arch: 'amd64', os.version: '6.2.0-1018-azure', java.version: '11.0.21'\nDriver info: driver.version: SelenideDriver\nselenide.url: https://google.es\nselenide.baseUrl: http://localhost:8080\nremote stacktrace: #0 0x55e3e5722f83 <unknown>\n#1 0x55e3e53dbcf7 <unknown>\n#2 0x55e3e541360e <unknown>\n#3 0x55e3e541026e <unknown>\n#4 0x55e3e546080c <unknown>\n#5 0x55e3e5454e53 <unknown>\n#6 0x55e3e541cdd4 <unknown>\n#7 0x55e3e541e1de <unknown>\n#8 0x55e3e56e7531 <unknown>\n#9 0x55e3e56eb455 <unknown>\n#10 0x55e3e56d3f55 <unknown>\n#11 0x55e3e56ec0ef <unknown>\n#12 0x55e3e56b799f <unknown>\n#13 0x55e3e5710008 <unknown>\n#14 0x55e3e57101d7 <unknown>\n#15 0x55e3e5722124 <unknown>\n#16 0x7f8d20294ac3 <unknown>\n\n\tat java.base/jdk.internal.reflect.NativeConstructorAccessorImpl.newInstance0(Native Method)\n\tat java.base/jdk.internal.reflect.NativeConstructorAccessorImpl.newInstance(NativeConstructorAccessorImpl.java:62)\n\tat java.base/jdk.internal.reflect.DelegatingConstructorAccessorImpl.newInstance(DelegatingConstructorAccessorImpl.java:45)\n\tat java.base/java.lang.reflect.Constructor.newInstance(Constructor.java:490)\n\tat org.openqa.selenium.remote.W3CHandshakeResponse.lambda$errorHandler$0(W3CHandshakeResponse.java:62)\n\tat org.openqa.selenium.remote.HandshakeResponse.lambda$getResponseFunction$0(HandshakeResponse.java:30)\n\tat org.openqa.selenium.remote.ProtocolHandshake.lambda$createSession$0(ProtocolHandshake.java:126)\n\tat java.base/java.util.stream.ReferencePipeline$3$1.accept(ReferencePipeline.java:195)\n\tat java.base/java.util.Spliterators$ArraySpliterator.tryAdvance(Spliterators.java:958)\n\tat java.base/java.util.stream.ReferencePipeline.forEachWithCancel(ReferencePipeline.java:127)\n\tat java.base/java.util.stream.AbstractPipeline.copyIntoWithCancel(AbstractPipeline.java:502)\n\tat java.base/java.util.stream.AbstractPipeline.copyInto(AbstractPipeline.java:488)\n\tat java.base/java.util.stream.AbstractPipeline.wrapAndCopyInto(AbstractPipeline.java:474)\n\tat java.base/java.util.stream.FindOps$FindOp.evaluateSequential(FindOps.java:150)\n\tat java.base/java.util.stream.AbstractPipeline.evaluate(AbstractPipeline.java:234)\n\tat java.base/java.util.stream.ReferencePipeline.findFirst(ReferencePipeline.java:543)\n\tat org.openqa.selenium.remote.ProtocolHandshake.createSession(ProtocolHandshake.java:128)\n\tat org.openqa.selenium.remote.ProtocolHandshake.createSession(ProtocolHandshake.java:74)\n\tat org.openqa.selenium.remote.HttpCommandExecutor.execute(HttpCommandExecutor.java:136)\n\tat org.openqa.selenium.remote.service.DriverCommandExecutor.execute(DriverCommandExecutor.java:83)\n\tat org.openqa.selenium.remote.RemoteWebDriver.execute(RemoteWebDriver.java:552)\n\tat org.openqa.selenium.remote.RemoteWebDriver.startSession(RemoteWebDriver.java:213)\n\tat org.openqa.selenium.remote.RemoteWebDriver.<init>(RemoteWebDriver.java:131)\n\tat org.openqa.selenium.chrome.ChromeDriver.<init>(ChromeDriver.java:181)\n\tat org.openqa.selenium.chrome.ChromeDriver.<init>(ChromeDriver.java:168)\n\tat org.openqa.selenium.chrome.ChromeDriver.<init>(ChromeDriver.java:157)\n\tat com.codeborne.selenide.webdriver.ChromeDriverFactory.create(ChromeDriverFactory.java:25)\n\tat com.codeborne.selenide.webdriver.WebDriverFactory.lambda$createWebDriver$1(WebDriverFactory.java:55)\n\tat java.base/java.util.Optional.map(Optional.java:265)\n\tat com.codeborne.selenide.webdriver.WebDriverFactory.createWebDriver(WebDriverFactory.java:55)\n\tat com.codeborne.selenide.drivercommands.CreateDriverCommand.createDriver(CreateDriverCommand.java:38)\n\tat com.codeborne.selenide.drivercommands.LazyDriver.createDriver(LazyDriver.java:93)\n\tat com.codeborne.selenide.drivercommands.LazyDriver.getAndCheckWebDriver(LazyDriver.java:87)\n\tat com.codeborne.selenide.SelenideDriver.getAndCheckWebDriver(SelenideDriver.java:147)\n\tat com.codeborne.selenide.drivercommands.Navigator.navigateTo(Navigator.java:61)\n\tat com.codeborne.selenide.drivercommands.Navigator.open(Navigator.java:24)\n\tat com.codeborne.selenide.SelenideDriver.open(SelenideDriver.java:63)\n\tat com.codeborne.selenide.Selenide.open(Selenide.java:40)\n\tat org.mouthaan.demo.steps.Home.openGoogleSearch(Home.java:38)\n\tat ✽.an open browser with google.com(file:src/test/resources/features/Home.feature:6)\n",
      "steps" : [ {
        "name" : "$(open) https://google.es",
        "time" : {
          "start" : 1705799168287
        },
        "status" : "unknown",
        "steps" : [ ],
        "attachments" : [ ],
        "parameters" : [ ],
        "stepsCount" : 0,
        "attachmentsCount" : 0,
        "shouldDisplayMessage" : false,
        "hasContent" : false
      } ],
      "attachments" : [ ],
      "parameters" : [ ],
      "stepsCount" : 1,
      "attachmentsCount" : 0,
      "shouldDisplayMessage" : true,
      "hasContent" : true
    }, {
      "name" : "When  a keyword \"xbox\" is entered in input field",
      "time" : {
        "start" : 1705799171696,
        "stop" : 1705799171699,
        "duration" : 3
      },
      "status" : "skipped",
      "steps" : [ ],
      "attachments" : [ ],
      "parameters" : [ ],
      "stepsCount" : 0,
      "attachmentsCount" : 0,
      "shouldDisplayMessage" : false,
      "hasContent" : false
    }, {
      "name" : "Then  at least top 1 matches should be shown",
      "time" : {
        "start" : 1705799171700,
        "stop" : 1705799171700,
        "duration" : 0
      },
      "status" : "skipped",
      "steps" : [ ],
      "attachments" : [ ],
      "parameters" : [ ],
      "stepsCount" : 0,
      "attachmentsCount" : 0,
      "shouldDisplayMessage" : false,
      "hasContent" : false
    }, {
      "name" : "Then  the first one should contain \"xbox.com\"",
      "time" : {
        "start" : 1705799171700,
        "stop" : 1705799171700,
        "duration" : 0
      },
      "status" : "skipped",
      "steps" : [ ],
      "attachments" : [ ],
      "parameters" : [ ],
      "stepsCount" : 0,
      "attachmentsCount" : 0,
      "shouldDisplayMessage" : false,
      "hasContent" : false
    }, {
      "name" : "Then  CLICK THE FIRST option",
      "time" : {
        "start" : 1705799171701,
        "stop" : 1705799171701,
        "duration" : 0
      },
      "status" : "skipped",
      "steps" : [ ],
      "attachments" : [ ],
      "parameters" : [ ],
      "stepsCount" : 0,
      "attachmentsCount" : 0,
      "shouldDisplayMessage" : false,
      "hasContent" : false
    } ],
    "attachments" : [ ],
    "parameters" : [ ],
    "stepsCount" : 6,
    "attachmentsCount" : 0,
    "shouldDisplayMessage" : false,
    "hasContent" : true
  },
  "afterStages" : [ ],
  "labels" : [ {
    "name" : "host",
    "value" : "fv-az1016-585"
  }, {
    "name" : "thread",
    "value" : "1887@fv-az1016-585.main(1)"
  }, {
    "name" : "feature",
    "value" : "Check the HomePage"
  }, {
    "name" : "story",
    "value" : "user can search XBOX"
  }, {
    "name" : "package",
    "value" : "src.test.resources.features.Check the HomePage"
  }, {
    "name" : "suite",
    "value" : "Check the HomePage"
  }, {
    "name" : "testClass",
    "value" : "user can search XBOX"
  }, {
    "name" : "framework",
    "value" : "cucumber4jvm"
  }, {
    "name" : "language",
    "value" : "java"
  }, {
    "name" : "gherkin_uri",
    "value" : "file:src/test/resources/features/Home.feature"
  }, {
    "name" : "resultFormat",
    "value" : "allure2"
  } ],
  "parameters" : [ ],
  "links" : [ ],
  "hidden" : false,
  "retry" : false,
  "extra" : {
    "severity" : "normal",
    "retries" : [ ],
    "categories" : [ {
      "name" : "Test defects",
      "matchedStatuses" : [ ],
      "flaky" : false
    } ],
    "tags" : [ ]
  },
  "source" : "bc63bacbb926d172.json",
  "parameterValues" : [ ]
}