{
  "uid" : "fba145f766b00832",
  "name" : "user can navigate and search results on Movistar.com",
  "fullName" : "Check the Movistar.com: user can navigate and search results on Movistar.com",
  "historyId" : "dff912af21051c66ef4ae5f209a86ca1",
  "time" : {
    "start" : 1711242171703,
    "stop" : 1711242176077,
    "duration" : 4374
  },
  "status" : "broken",
  "statusMessage" : "session not created: This version of ChromeDriver only supports Chrome version 114\nCurrent browser version is 122.0.6261.128 with binary path /usr/bin/google-chrome\nBuild info: version: '3.141.59', revision: 'e82be7d358', time: '2018-11-14T08:17:03'\nSystem info: host: 'fv-az714-342', ip: '10.1.0.229', os.name: 'Linux', os.arch: 'amd64', os.version: '6.5.0-1016-azure', java.version: '11.0.22'\nDriver info: driver.version: SelenideDriver\nselenide.url: https://www.movistar.es/particulares/movistarplus/\nselenide.baseUrl: http://localhost:8080\nremote stacktrace: #0 0x555edda5c4e3 <unknown>\n#1 0x555edd78bc76 <unknown>\n#2 0x555edd7b904a <unknown>\n#3 0x555edd7b44a1 <unknown>\n#4 0x555edd7b1029 <unknown>\n#5 0x555edd7efccc <unknown>\n#6 0x555edd7ef47f <unknown>\n#7 0x555edd7e6de3 <unknown>\n#8 0x555edd7bc2dd <unknown>\n#9 0x555edd7bd34e <unknown>\n#10 0x555edda1c3e4 <unknown>\n#11 0x555edda203d7 <unknown>\n#12 0x555edda2ab20 <unknown>\n#13 0x555edda21023 <unknown>\n#14 0x555edd9ef1aa <unknown>\n#15 0x555edda456b8 <unknown>\n#16 0x555edda45847 <unknown>\n#17 0x555edda55243 <unknown>\n#18 0x7f8aa9e94ac3 <unknown>\n",
  "statusTrace" : "org.openqa.selenium.SessionNotCreatedException: session not created: This version of ChromeDriver only supports Chrome version 114\nCurrent browser version is 122.0.6261.128 with binary path /usr/bin/google-chrome\nBuild info: version: '3.141.59', revision: 'e82be7d358', time: '2018-11-14T08:17:03'\nSystem info: host: 'fv-az714-342', ip: '10.1.0.229', os.name: 'Linux', os.arch: 'amd64', os.version: '6.5.0-1016-azure', java.version: '11.0.22'\nDriver info: driver.version: SelenideDriver\nselenide.url: https://www.movistar.es/particulares/movistarplus/\nselenide.baseUrl: http://localhost:8080\nremote stacktrace: #0 0x555edda5c4e3 <unknown>\n#1 0x555edd78bc76 <unknown>\n#2 0x555edd7b904a <unknown>\n#3 0x555edd7b44a1 <unknown>\n#4 0x555edd7b1029 <unknown>\n#5 0x555edd7efccc <unknown>\n#6 0x555edd7ef47f <unknown>\n#7 0x555edd7e6de3 <unknown>\n#8 0x555edd7bc2dd <unknown>\n#9 0x555edd7bd34e <unknown>\n#10 0x555edda1c3e4 <unknown>\n#11 0x555edda203d7 <unknown>\n#12 0x555edda2ab20 <unknown>\n#13 0x555edda21023 <unknown>\n#14 0x555edd9ef1aa <unknown>\n#15 0x555edda456b8 <unknown>\n#16 0x555edda45847 <unknown>\n#17 0x555edda55243 <unknown>\n#18 0x7f8aa9e94ac3 <unknown>\n\n\tat java.base/jdk.internal.reflect.NativeConstructorAccessorImpl.newInstance0(Native Method)\n\tat java.base/jdk.internal.reflect.NativeConstructorAccessorImpl.newInstance(NativeConstructorAccessorImpl.java:62)\n\tat java.base/jdk.internal.reflect.DelegatingConstructorAccessorImpl.newInstance(DelegatingConstructorAccessorImpl.java:45)\n\tat java.base/java.lang.reflect.Constructor.newInstance(Constructor.java:490)\n\tat org.openqa.selenium.remote.W3CHandshakeResponse.lambda$errorHandler$0(W3CHandshakeResponse.java:62)\n\tat org.openqa.selenium.remote.HandshakeResponse.lambda$getResponseFunction$0(HandshakeResponse.java:30)\n\tat org.openqa.selenium.remote.ProtocolHandshake.lambda$createSession$0(ProtocolHandshake.java:126)\n\tat java.base/java.util.stream.ReferencePipeline$3$1.accept(ReferencePipeline.java:195)\n\tat java.base/java.util.Spliterators$ArraySpliterator.tryAdvance(Spliterators.java:958)\n\tat java.base/java.util.stream.ReferencePipeline.forEachWithCancel(ReferencePipeline.java:127)\n\tat java.base/java.util.stream.AbstractPipeline.copyIntoWithCancel(AbstractPipeline.java:502)\n\tat java.base/java.util.stream.AbstractPipeline.copyInto(AbstractPipeline.java:488)\n\tat java.base/java.util.stream.AbstractPipeline.wrapAndCopyInto(AbstractPipeline.java:474)\n\tat java.base/java.util.stream.FindOps$FindOp.evaluateSequential(FindOps.java:150)\n\tat java.base/java.util.stream.AbstractPipeline.evaluate(AbstractPipeline.java:234)\n\tat java.base/java.util.stream.ReferencePipeline.findFirst(ReferencePipeline.java:543)\n\tat org.openqa.selenium.remote.ProtocolHandshake.createSession(ProtocolHandshake.java:128)\n\tat org.openqa.selenium.remote.ProtocolHandshake.createSession(ProtocolHandshake.java:74)\n\tat org.openqa.selenium.remote.HttpCommandExecutor.execute(HttpCommandExecutor.java:136)\n\tat org.openqa.selenium.remote.service.DriverCommandExecutor.execute(DriverCommandExecutor.java:83)\n\tat org.openqa.selenium.remote.RemoteWebDriver.execute(RemoteWebDriver.java:552)\n\tat org.openqa.selenium.remote.RemoteWebDriver.startSession(RemoteWebDriver.java:213)\n\tat org.openqa.selenium.remote.RemoteWebDriver.<init>(RemoteWebDriver.java:131)\n\tat org.openqa.selenium.chrome.ChromeDriver.<init>(ChromeDriver.java:181)\n\tat org.openqa.selenium.chrome.ChromeDriver.<init>(ChromeDriver.java:168)\n\tat org.openqa.selenium.chrome.ChromeDriver.<init>(ChromeDriver.java:157)\n\tat com.codeborne.selenide.webdriver.ChromeDriverFactory.create(ChromeDriverFactory.java:25)\n\tat com.codeborne.selenide.webdriver.WebDriverFactory.lambda$createWebDriver$1(WebDriverFactory.java:55)\n\tat java.base/java.util.Optional.map(Optional.java:265)\n\tat com.codeborne.selenide.webdriver.WebDriverFactory.createWebDriver(WebDriverFactory.java:55)\n\tat com.codeborne.selenide.drivercommands.CreateDriverCommand.createDriver(CreateDriverCommand.java:38)\n\tat com.codeborne.selenide.drivercommands.LazyDriver.createDriver(LazyDriver.java:93)\n\tat com.codeborne.selenide.drivercommands.LazyDriver.getAndCheckWebDriver(LazyDriver.java:87)\n\tat com.codeborne.selenide.SelenideDriver.getAndCheckWebDriver(SelenideDriver.java:147)\n\tat com.codeborne.selenide.drivercommands.Navigator.navigateTo(Navigator.java:61)\n\tat com.codeborne.selenide.drivercommands.Navigator.open(Navigator.java:24)\n\tat com.codeborne.selenide.SelenideDriver.open(SelenideDriver.java:63)\n\tat com.codeborne.selenide.Selenide.open(Selenide.java:40)\n\tat org.mouthaan.demo.steps.Movistar.openURLSearch(Movistar.java:35)\n\tat ✽.an open browser with Movistar.com(file:src/test/resources/features/Movistar.feature:7)\n",
  "flaky" : false,
  "beforeStages" : [ {
    "name" : "Hooks.setup()",
    "time" : {
      "start" : 1711242171703,
      "stop" : 1711242171703,
      "duration" : 0
    },
    "status" : "passed",
    "steps" : [ ],
    "attachments" : [ ],
    "parameters" : [ ],
    "stepsCount" : 0,
    "attachmentsCount" : 0,
    "shouldDisplayMessage" : false,
    "hasContent" : false
  } ],
  "testStage" : {
    "status" : "broken",
    "statusMessage" : "session not created: This version of ChromeDriver only supports Chrome version 114\nCurrent browser version is 122.0.6261.128 with binary path /usr/bin/google-chrome\nBuild info: version: '3.141.59', revision: 'e82be7d358', time: '2018-11-14T08:17:03'\nSystem info: host: 'fv-az714-342', ip: '10.1.0.229', os.name: 'Linux', os.arch: 'amd64', os.version: '6.5.0-1016-azure', java.version: '11.0.22'\nDriver info: driver.version: SelenideDriver\nselenide.url: https://www.movistar.es/particulares/movistarplus/\nselenide.baseUrl: http://localhost:8080\nremote stacktrace: #0 0x555edda5c4e3 <unknown>\n#1 0x555edd78bc76 <unknown>\n#2 0x555edd7b904a <unknown>\n#3 0x555edd7b44a1 <unknown>\n#4 0x555edd7b1029 <unknown>\n#5 0x555edd7efccc <unknown>\n#6 0x555edd7ef47f <unknown>\n#7 0x555edd7e6de3 <unknown>\n#8 0x555edd7bc2dd <unknown>\n#9 0x555edd7bd34e <unknown>\n#10 0x555edda1c3e4 <unknown>\n#11 0x555edda203d7 <unknown>\n#12 0x555edda2ab20 <unknown>\n#13 0x555edda21023 <unknown>\n#14 0x555edd9ef1aa <unknown>\n#15 0x555edda456b8 <unknown>\n#16 0x555edda45847 <unknown>\n#17 0x555edda55243 <unknown>\n#18 0x7f8aa9e94ac3 <unknown>\n",
    "statusTrace" : "org.openqa.selenium.SessionNotCreatedException: session not created: This version of ChromeDriver only supports Chrome version 114\nCurrent browser version is 122.0.6261.128 with binary path /usr/bin/google-chrome\nBuild info: version: '3.141.59', revision: 'e82be7d358', time: '2018-11-14T08:17:03'\nSystem info: host: 'fv-az714-342', ip: '10.1.0.229', os.name: 'Linux', os.arch: 'amd64', os.version: '6.5.0-1016-azure', java.version: '11.0.22'\nDriver info: driver.version: SelenideDriver\nselenide.url: https://www.movistar.es/particulares/movistarplus/\nselenide.baseUrl: http://localhost:8080\nremote stacktrace: #0 0x555edda5c4e3 <unknown>\n#1 0x555edd78bc76 <unknown>\n#2 0x555edd7b904a <unknown>\n#3 0x555edd7b44a1 <unknown>\n#4 0x555edd7b1029 <unknown>\n#5 0x555edd7efccc <unknown>\n#6 0x555edd7ef47f <unknown>\n#7 0x555edd7e6de3 <unknown>\n#8 0x555edd7bc2dd <unknown>\n#9 0x555edd7bd34e <unknown>\n#10 0x555edda1c3e4 <unknown>\n#11 0x555edda203d7 <unknown>\n#12 0x555edda2ab20 <unknown>\n#13 0x555edda21023 <unknown>\n#14 0x555edd9ef1aa <unknown>\n#15 0x555edda456b8 <unknown>\n#16 0x555edda45847 <unknown>\n#17 0x555edda55243 <unknown>\n#18 0x7f8aa9e94ac3 <unknown>\n\n\tat java.base/jdk.internal.reflect.NativeConstructorAccessorImpl.newInstance0(Native Method)\n\tat java.base/jdk.internal.reflect.NativeConstructorAccessorImpl.newInstance(NativeConstructorAccessorImpl.java:62)\n\tat java.base/jdk.internal.reflect.DelegatingConstructorAccessorImpl.newInstance(DelegatingConstructorAccessorImpl.java:45)\n\tat java.base/java.lang.reflect.Constructor.newInstance(Constructor.java:490)\n\tat org.openqa.selenium.remote.W3CHandshakeResponse.lambda$errorHandler$0(W3CHandshakeResponse.java:62)\n\tat org.openqa.selenium.remote.HandshakeResponse.lambda$getResponseFunction$0(HandshakeResponse.java:30)\n\tat org.openqa.selenium.remote.ProtocolHandshake.lambda$createSession$0(ProtocolHandshake.java:126)\n\tat java.base/java.util.stream.ReferencePipeline$3$1.accept(ReferencePipeline.java:195)\n\tat java.base/java.util.Spliterators$ArraySpliterator.tryAdvance(Spliterators.java:958)\n\tat java.base/java.util.stream.ReferencePipeline.forEachWithCancel(ReferencePipeline.java:127)\n\tat java.base/java.util.stream.AbstractPipeline.copyIntoWithCancel(AbstractPipeline.java:502)\n\tat java.base/java.util.stream.AbstractPipeline.copyInto(AbstractPipeline.java:488)\n\tat java.base/java.util.stream.AbstractPipeline.wrapAndCopyInto(AbstractPipeline.java:474)\n\tat java.base/java.util.stream.FindOps$FindOp.evaluateSequential(FindOps.java:150)\n\tat java.base/java.util.stream.AbstractPipeline.evaluate(AbstractPipeline.java:234)\n\tat java.base/java.util.stream.ReferencePipeline.findFirst(ReferencePipeline.java:543)\n\tat org.openqa.selenium.remote.ProtocolHandshake.createSession(ProtocolHandshake.java:128)\n\tat org.openqa.selenium.remote.ProtocolHandshake.createSession(ProtocolHandshake.java:74)\n\tat org.openqa.selenium.remote.HttpCommandExecutor.execute(HttpCommandExecutor.java:136)\n\tat org.openqa.selenium.remote.service.DriverCommandExecutor.execute(DriverCommandExecutor.java:83)\n\tat org.openqa.selenium.remote.RemoteWebDriver.execute(RemoteWebDriver.java:552)\n\tat org.openqa.selenium.remote.RemoteWebDriver.startSession(RemoteWebDriver.java:213)\n\tat org.openqa.selenium.remote.RemoteWebDriver.<init>(RemoteWebDriver.java:131)\n\tat org.openqa.selenium.chrome.ChromeDriver.<init>(ChromeDriver.java:181)\n\tat org.openqa.selenium.chrome.ChromeDriver.<init>(ChromeDriver.java:168)\n\tat org.openqa.selenium.chrome.ChromeDriver.<init>(ChromeDriver.java:157)\n\tat com.codeborne.selenide.webdriver.ChromeDriverFactory.create(ChromeDriverFactory.java:25)\n\tat com.codeborne.selenide.webdriver.WebDriverFactory.lambda$createWebDriver$1(WebDriverFactory.java:55)\n\tat java.base/java.util.Optional.map(Optional.java:265)\n\tat com.codeborne.selenide.webdriver.WebDriverFactory.createWebDriver(WebDriverFactory.java:55)\n\tat com.codeborne.selenide.drivercommands.CreateDriverCommand.createDriver(CreateDriverCommand.java:38)\n\tat com.codeborne.selenide.drivercommands.LazyDriver.createDriver(LazyDriver.java:93)\n\tat com.codeborne.selenide.drivercommands.LazyDriver.getAndCheckWebDriver(LazyDriver.java:87)\n\tat com.codeborne.selenide.SelenideDriver.getAndCheckWebDriver(SelenideDriver.java:147)\n\tat com.codeborne.selenide.drivercommands.Navigator.navigateTo(Navigator.java:61)\n\tat com.codeborne.selenide.drivercommands.Navigator.open(Navigator.java:24)\n\tat com.codeborne.selenide.SelenideDriver.open(SelenideDriver.java:63)\n\tat com.codeborne.selenide.Selenide.open(Selenide.java:40)\n\tat org.mouthaan.demo.steps.Movistar.openURLSearch(Movistar.java:35)\n\tat ✽.an open browser with Movistar.com(file:src/test/resources/features/Movistar.feature:7)\n",
    "steps" : [ {
      "name" : "Given  an open browser with Movistar.com",
      "time" : {
        "start" : 1711242171703,
        "stop" : 1711242176070,
        "duration" : 4367
      },
      "status" : "broken",
      "statusMessage" : "session not created: This version of ChromeDriver only supports Chrome version 114\nCurrent browser version is 122.0.6261.128 with binary path /usr/bin/google-chrome\nBuild info: version: '3.141.59', revision: 'e82be7d358', time: '2018-11-14T08:17:03'\nSystem info: host: 'fv-az714-342', ip: '10.1.0.229', os.name: 'Linux', os.arch: 'amd64', os.version: '6.5.0-1016-azure', java.version: '11.0.22'\nDriver info: driver.version: SelenideDriver\nselenide.url: https://www.movistar.es/particulares/movistarplus/\nselenide.baseUrl: http://localhost:8080\nremote stacktrace: #0 0x555edda5c4e3 <unknown>\n#1 0x555edd78bc76 <unknown>\n#2 0x555edd7b904a <unknown>\n#3 0x555edd7b44a1 <unknown>\n#4 0x555edd7b1029 <unknown>\n#5 0x555edd7efccc <unknown>\n#6 0x555edd7ef47f <unknown>\n#7 0x555edd7e6de3 <unknown>\n#8 0x555edd7bc2dd <unknown>\n#9 0x555edd7bd34e <unknown>\n#10 0x555edda1c3e4 <unknown>\n#11 0x555edda203d7 <unknown>\n#12 0x555edda2ab20 <unknown>\n#13 0x555edda21023 <unknown>\n#14 0x555edd9ef1aa <unknown>\n#15 0x555edda456b8 <unknown>\n#16 0x555edda45847 <unknown>\n#17 0x555edda55243 <unknown>\n#18 0x7f8aa9e94ac3 <unknown>\n",
      "statusTrace" : "org.openqa.selenium.SessionNotCreatedException: session not created: This version of ChromeDriver only supports Chrome version 114\nCurrent browser version is 122.0.6261.128 with binary path /usr/bin/google-chrome\nBuild info: version: '3.141.59', revision: 'e82be7d358', time: '2018-11-14T08:17:03'\nSystem info: host: 'fv-az714-342', ip: '10.1.0.229', os.name: 'Linux', os.arch: 'amd64', os.version: '6.5.0-1016-azure', java.version: '11.0.22'\nDriver info: driver.version: SelenideDriver\nselenide.url: https://www.movistar.es/particulares/movistarplus/\nselenide.baseUrl: http://localhost:8080\nremote stacktrace: #0 0x555edda5c4e3 <unknown>\n#1 0x555edd78bc76 <unknown>\n#2 0x555edd7b904a <unknown>\n#3 0x555edd7b44a1 <unknown>\n#4 0x555edd7b1029 <unknown>\n#5 0x555edd7efccc <unknown>\n#6 0x555edd7ef47f <unknown>\n#7 0x555edd7e6de3 <unknown>\n#8 0x555edd7bc2dd <unknown>\n#9 0x555edd7bd34e <unknown>\n#10 0x555edda1c3e4 <unknown>\n#11 0x555edda203d7 <unknown>\n#12 0x555edda2ab20 <unknown>\n#13 0x555edda21023 <unknown>\n#14 0x555edd9ef1aa <unknown>\n#15 0x555edda456b8 <unknown>\n#16 0x555edda45847 <unknown>\n#17 0x555edda55243 <unknown>\n#18 0x7f8aa9e94ac3 <unknown>\n\n\tat java.base/jdk.internal.reflect.NativeConstructorAccessorImpl.newInstance0(Native Method)\n\tat java.base/jdk.internal.reflect.NativeConstructorAccessorImpl.newInstance(NativeConstructorAccessorImpl.java:62)\n\tat java.base/jdk.internal.reflect.DelegatingConstructorAccessorImpl.newInstance(DelegatingConstructorAccessorImpl.java:45)\n\tat java.base/java.lang.reflect.Constructor.newInstance(Constructor.java:490)\n\tat org.openqa.selenium.remote.W3CHandshakeResponse.lambda$errorHandler$0(W3CHandshakeResponse.java:62)\n\tat org.openqa.selenium.remote.HandshakeResponse.lambda$getResponseFunction$0(HandshakeResponse.java:30)\n\tat org.openqa.selenium.remote.ProtocolHandshake.lambda$createSession$0(ProtocolHandshake.java:126)\n\tat java.base/java.util.stream.ReferencePipeline$3$1.accept(ReferencePipeline.java:195)\n\tat java.base/java.util.Spliterators$ArraySpliterator.tryAdvance(Spliterators.java:958)\n\tat java.base/java.util.stream.ReferencePipeline.forEachWithCancel(ReferencePipeline.java:127)\n\tat java.base/java.util.stream.AbstractPipeline.copyIntoWithCancel(AbstractPipeline.java:502)\n\tat java.base/java.util.stream.AbstractPipeline.copyInto(AbstractPipeline.java:488)\n\tat java.base/java.util.stream.AbstractPipeline.wrapAndCopyInto(AbstractPipeline.java:474)\n\tat java.base/java.util.stream.FindOps$FindOp.evaluateSequential(FindOps.java:150)\n\tat java.base/java.util.stream.AbstractPipeline.evaluate(AbstractPipeline.java:234)\n\tat java.base/java.util.stream.ReferencePipeline.findFirst(ReferencePipeline.java:543)\n\tat org.openqa.selenium.remote.ProtocolHandshake.createSession(ProtocolHandshake.java:128)\n\tat org.openqa.selenium.remote.ProtocolHandshake.createSession(ProtocolHandshake.java:74)\n\tat org.openqa.selenium.remote.HttpCommandExecutor.execute(HttpCommandExecutor.java:136)\n\tat org.openqa.selenium.remote.service.DriverCommandExecutor.execute(DriverCommandExecutor.java:83)\n\tat org.openqa.selenium.remote.RemoteWebDriver.execute(RemoteWebDriver.java:552)\n\tat org.openqa.selenium.remote.RemoteWebDriver.startSession(RemoteWebDriver.java:213)\n\tat org.openqa.selenium.remote.RemoteWebDriver.<init>(RemoteWebDriver.java:131)\n\tat org.openqa.selenium.chrome.ChromeDriver.<init>(ChromeDriver.java:181)\n\tat org.openqa.selenium.chrome.ChromeDriver.<init>(ChromeDriver.java:168)\n\tat org.openqa.selenium.chrome.ChromeDriver.<init>(ChromeDriver.java:157)\n\tat com.codeborne.selenide.webdriver.ChromeDriverFactory.create(ChromeDriverFactory.java:25)\n\tat com.codeborne.selenide.webdriver.WebDriverFactory.lambda$createWebDriver$1(WebDriverFactory.java:55)\n\tat java.base/java.util.Optional.map(Optional.java:265)\n\tat com.codeborne.selenide.webdriver.WebDriverFactory.createWebDriver(WebDriverFactory.java:55)\n\tat com.codeborne.selenide.drivercommands.CreateDriverCommand.createDriver(CreateDriverCommand.java:38)\n\tat com.codeborne.selenide.drivercommands.LazyDriver.createDriver(LazyDriver.java:93)\n\tat com.codeborne.selenide.drivercommands.LazyDriver.getAndCheckWebDriver(LazyDriver.java:87)\n\tat com.codeborne.selenide.SelenideDriver.getAndCheckWebDriver(SelenideDriver.java:147)\n\tat com.codeborne.selenide.drivercommands.Navigator.navigateTo(Navigator.java:61)\n\tat com.codeborne.selenide.drivercommands.Navigator.open(Navigator.java:24)\n\tat com.codeborne.selenide.SelenideDriver.open(SelenideDriver.java:63)\n\tat com.codeborne.selenide.Selenide.open(Selenide.java:40)\n\tat org.mouthaan.demo.steps.Movistar.openURLSearch(Movistar.java:35)\n\tat ✽.an open browser with Movistar.com(file:src/test/resources/features/Movistar.feature:7)\n",
      "steps" : [ {
        "name" : "$(open) https://www.movistar.es/particulares/movistarplus/",
        "time" : {
          "start" : 1711242171703
        },
        "status" : "unknown",
        "steps" : [ ],
        "attachments" : [ ],
        "parameters" : [ ],
        "stepsCount" : 0,
        "attachmentsCount" : 0,
        "shouldDisplayMessage" : false,
        "hasContent" : false
      } ],
      "attachments" : [ ],
      "parameters" : [ ],
      "stepsCount" : 1,
      "attachmentsCount" : 0,
      "shouldDisplayMessage" : true,
      "hasContent" : true
    }, {
      "name" : "When  Complete input with \"Hola Carlos :).\" and check cookies",
      "time" : {
        "start" : 1711242176071,
        "stop" : 1711242176071,
        "duration" : 0
      },
      "status" : "skipped",
      "steps" : [ ],
      "attachments" : [ ],
      "parameters" : [ ],
      "stepsCount" : 0,
      "attachmentsCount" : 0,
      "shouldDisplayMessage" : false,
      "hasContent" : false
    }, {
      "name" : "Then  Complete input with \" Como estas?\"",
      "time" : {
        "start" : 1711242176071,
        "stop" : 1711242176071,
        "duration" : 0
      },
      "status" : "skipped",
      "steps" : [ ],
      "attachments" : [ ],
      "parameters" : [ ],
      "stepsCount" : 0,
      "attachmentsCount" : 0,
      "shouldDisplayMessage" : false,
      "hasContent" : false
    }, {
      "name" : "Then  Check Title and click play video",
      "time" : {
        "start" : 1711242176071,
        "stop" : 1711242176071,
        "duration" : 0
      },
      "status" : "skipped",
      "steps" : [ ],
      "attachments" : [ ],
      "parameters" : [ ],
      "stepsCount" : 0,
      "attachmentsCount" : 0,
      "shouldDisplayMessage" : false,
      "hasContent" : false
    }, {
      "name" : "Then  Check the navigation and add Zipcode \"08223\"",
      "time" : {
        "start" : 1711242176071,
        "stop" : 1711242176072,
        "duration" : 1
      },
      "status" : "skipped",
      "steps" : [ ],
      "attachments" : [ ],
      "parameters" : [ ],
      "stepsCount" : 0,
      "attachmentsCount" : 0,
      "shouldDisplayMessage" : false,
      "hasContent" : false
    }, {
      "name" : "Then  Check previous Steps for contracting",
      "time" : {
        "start" : 1711242176072,
        "stop" : 1711242176072,
        "duration" : 0
      },
      "status" : "skipped",
      "steps" : [ ],
      "attachments" : [ ],
      "parameters" : [ ],
      "stepsCount" : 0,
      "attachmentsCount" : 0,
      "shouldDisplayMessage" : false,
      "hasContent" : false
    }, {
      "name" : "Then  Check previous Steps for contracting1",
      "time" : {
        "start" : 1711242176072,
        "stop" : 1711242176072,
        "duration" : 0
      },
      "status" : "skipped",
      "steps" : [ ],
      "attachments" : [ ],
      "parameters" : [ ],
      "stepsCount" : 0,
      "attachmentsCount" : 0,
      "shouldDisplayMessage" : false,
      "hasContent" : false
    }, {
      "name" : "Then  Finish Shopping \"Sudo\"",
      "time" : {
        "start" : 1711242176072,
        "stop" : 1711242176073,
        "duration" : 1
      },
      "status" : "skipped",
      "steps" : [ ],
      "attachments" : [ ],
      "parameters" : [ ],
      "stepsCount" : 0,
      "attachmentsCount" : 0,
      "shouldDisplayMessage" : false,
      "hasContent" : false
    } ],
    "attachments" : [ ],
    "parameters" : [ ],
    "stepsCount" : 9,
    "attachmentsCount" : 0,
    "shouldDisplayMessage" : false,
    "hasContent" : true
  },
  "afterStages" : [ ],
  "labels" : [ {
    "name" : "tag",
    "value" : "Telefonica2"
  }, {
    "name" : "host",
    "value" : "fv-az714-342"
  }, {
    "name" : "thread",
    "value" : "1981@fv-az714-342.main(1)"
  }, {
    "name" : "feature",
    "value" : "Check the Movistar.com"
  }, {
    "name" : "story",
    "value" : "user can navigate and search results on Movistar.com"
  }, {
    "name" : "package",
    "value" : "src.test.resources.features.Check the Movistar.com"
  }, {
    "name" : "suite",
    "value" : "Check the Movistar.com"
  }, {
    "name" : "testClass",
    "value" : "user can navigate and search results on Movistar.com"
  }, {
    "name" : "framework",
    "value" : "cucumber4jvm"
  }, {
    "name" : "language",
    "value" : "java"
  }, {
    "name" : "gherkin_uri",
    "value" : "file:src/test/resources/features/Movistar.feature"
  }, {
    "name" : "resultFormat",
    "value" : "allure2"
  } ],
  "parameters" : [ ],
  "links" : [ ],
  "hidden" : false,
  "retry" : false,
  "extra" : {
    "severity" : "normal",
    "retries" : [ ],
    "categories" : [ {
      "name" : "Test defects",
      "matchedStatuses" : [ ],
      "flaky" : false
    } ],
    "tags" : [ "Telefonica2" ]
  },
  "source" : "fba145f766b00832.json",
  "parameterValues" : [ ]
}